---------------------------------------------------------------
[ 2018-04-01T00:16:30+08:00 ] 172.18.79.84 139.219.98.156 GET /1qiWaz2wRsx3eXdc4rDfv5tgb6yhn7Uujm8Lik999
[ info ] 139.219.106.96:11000/1qiWaz2wRsx3eXdc4rDfv5tgb6yhn7Uujm8Lik999 [运行时间：0.013438s][吞吐率：74.42req/s] [内存消耗：1,142.00kb] [文件加载：33]
[ info ] [ LANG ] /var/www/book/thinkphp/lang/zh-cn.php
[ info ] [ ROUTE ] array (
  'type' => 'module',
  'module' => 
  array (
    0 => '1qiWaz2wRsx3eXdc4rDfv5tgb6yhn7Uujm8Lik999',
    1 => NULL,
    2 => NULL,
  ),
)
[ info ] [ HEADER ] array (
  'user-agent' => 'bigsec-ipscan',
  'cache-control' => 'no-cache',
  'pragma' => 'no-cache',
  'proxy-connection' => 'keep-alive',
  'host' => '139.219.106.96:11000',
  'content-type' => '',
  'content-length' => '',
)
[ info ] [ PARAM ] array (
)
[ info ] [ LOG ] INIT File
---------------------------------------------------------------
[ 2018-04-01T03:32:11+08:00 ] 172.18.79.84 37.191.43.105 GET /
[ info ] 39.108.115.229:80/ [运行时间：0.028824s][吞吐率：34.69req/s] [内存消耗：2,332.20kb] [文件加载：53]
[ info ] [ LANG ] /var/www/book/thinkphp/lang/zh-cn.php
[ info ] [ ROUTE ] array (
  'type' => 'module',
  'module' => 
  array (
    0 => '',
    1 => NULL,
    2 => NULL,
  ),
)
[ info ] [ HEADER ] array (
  'content-length' => '0',
  'user-agent' => 'Mozilla/5.0 (Windows NT 10.0; WOW64) AppleWebKit/537.36 (KHTML, like Gecko) Chrome/52.0.2743.116 Safari/537.36',
  'host' => '39.108.115.229:80',
  'content-type' => '',
)
[ info ] [ PARAM ] array (
)
[ info ] [ DB ] INIT mysql
[ info ] [ RUN ] app\book\controller\IndexController->index[ /var/www/book/app/book/controller/IndexController.php ]
[ info ] [ VIEW ] /var/www/book/public/../app/book/view/index/index.html [ array (
  0 => 'jinhua',
  1 => 'allsee',
  2 => 'allhot',
  3 => 'oldhot',
  4 => 'data',
  5 => 'old',
  6 => 'jinghua',
) ]
[ info ] [ SESSION ] INIT array (
  'id' => '',
  'var_session_id' => '',
  'prefix' => 'think',
  'type' => '',
  'auto_start' => true,
)
[ info ] [ LOG ] INIT File
[ sql ] [ DB ] CONNECT:[ UseTime:0.000439s ] mysql:host=127.0.0.1;dbname=book;charset=utf8
[ sql ] [ SQL ] SHOW COLUMNS FROM `b_list` [ RunTime:0.000816s ]
[ sql ] [ SQL ] SELECT * FROM `b_list` WHERE  `type_id` = 2 ORDER BY `comment`  desc LIMIT 1 [ RunTime:0.000373s ]
[ sql ] [ SQL ] SELECT * FROM `b_list` WHERE  `type_id` = 2 ORDER BY zan desc  LIMIT 8 [ RunTime:0.000285s ]
[ sql ] [ SQL ] SELECT * FROM `b_list` WHERE  `type_id` = 2 ORDER BY comment desc  LIMIT 8 [ RunTime:0.000276s ]
[ sql ] [ SQL ] SELECT * FROM `b_list` WHERE  `type_id` = 2 ORDER BY comment desc  LIMIT 8 [ RunTime:0.000305s ]
[ sql ] [ SQL ] SELECT COUNT(*) AS tp_count FROM `b_list` `l` INNER JOIN `b_user` `u` ON `l`.`uid`=`u`.`id` WHERE  `status` = 1 LIMIT 1 [ RunTime:0.000313s ]
[ sql ] [ SQL ] SELECT `l`.*,`u`.*,l.id as detail_id FROM `b_list` `l` INNER JOIN `b_user` `u` ON `l`.`uid`=`u`.`id` WHERE  `status` = 1 ORDER BY `comment`  desc LIMIT 0,5 [ RunTime:0.000408s ]
---------------------------------------------------------------
[ 2018-04-01T03:45:07+08:00 ] 172.18.79.84 191.8.72.51 GET /
[ info ] 39.108.115.229:80/ [运行时间：0.030089s][吞吐率：33.23req/s] [内存消耗：2,332.20kb] [文件加载：53]
[ info ] [ LANG ] /var/www/book/thinkphp/lang/zh-cn.php
[ info ] [ ROUTE ] array (
  'type' => 'module',
  'module' => 
  array (
    0 => '',
    1 => NULL,
    2 => NULL,
  ),
)
[ info ] [ HEADER ] array (
  'content-length' => '0',
  'user-agent' => 'Mozilla/5.0 (Windows NT 6.1; WOW64) AppleWebKit/537.36 (KHTML, like Gecko) Chrome/52.0.2743.116 Safari/537.36',
  'host' => '39.108.115.229:80',
  'content-type' => '',
)
[ info ] [ PARAM ] array (
)
[ info ] [ DB ] INIT mysql
[ info ] [ RUN ] app\book\controller\IndexController->index[ /var/www/book/app/book/controller/IndexController.php ]
[ info ] [ VIEW ] /var/www/book/public/../app/book/view/index/index.html [ array (
  0 => 'jinhua',
  1 => 'allsee',
  2 => 'allhot',
  3 => 'oldhot',
  4 => 'data',
  5 => 'old',
  6 => 'jinghua',
) ]
[ info ] [ SESSION ] INIT array (
  'id' => '',
  'var_session_id' => '',
  'prefix' => 'think',
  'type' => '',
  'auto_start' => true,
)
[ info ] [ LOG ] INIT File
[ sql ] [ DB ] CONNECT:[ UseTime:0.000471s ] mysql:host=127.0.0.1;dbname=book;charset=utf8
[ sql ] [ SQL ] SHOW COLUMNS FROM `b_list` [ RunTime:0.000853s ]
[ sql ] [ SQL ] SELECT * FROM `b_list` WHERE  `type_id` = 2 ORDER BY `comment`  desc LIMIT 1 [ RunTime:0.000424s ]
[ sql ] [ SQL ] SELECT * FROM `b_list` WHERE  `type_id` = 2 ORDER BY zan desc  LIMIT 8 [ RunTime:0.000282s ]
[ sql ] [ SQL ] SELECT * FROM `b_list` WHERE  `type_id` = 2 ORDER BY comment desc  LIMIT 8 [ RunTime:0.000325s ]
[ sql ] [ SQL ] SELECT * FROM `b_list` WHERE  `type_id` = 2 ORDER BY comment desc  LIMIT 8 [ RunTime:0.000311s ]
[ sql ] [ SQL ] SELECT COUNT(*) AS tp_count FROM `b_list` `l` INNER JOIN `b_user` `u` ON `l`.`uid`=`u`.`id` WHERE  `status` = 1 LIMIT 1 [ RunTime:0.000383s ]
[ sql ] [ SQL ] SELECT `l`.*,`u`.*,l.id as detail_id FROM `b_list` `l` INNER JOIN `b_user` `u` ON `l`.`uid`=`u`.`id` WHERE  `status` = 1 ORDER BY `comment`  desc LIMIT 0,5 [ RunTime:0.000437s ]
---------------------------------------------------------------
[ 2018-04-01T03:46:30+08:00 ] 172.18.79.84 77.95.76.102 GET /
[ info ] 39.108.115.229:80/ [运行时间：0.032855s][吞吐率：30.44req/s] [内存消耗：2,332.20kb] [文件加载：53]
[ info ] [ LANG ] /var/www/book/thinkphp/lang/zh-cn.php
[ info ] [ ROUTE ] array (
  'type' => 'module',
  'module' => 
  array (
    0 => '',
    1 => NULL,
    2 => NULL,
  ),
)
[ info ] [ HEADER ] array (
  'content-length' => '0',
  'user-agent' => 'Mozilla/5.0 (Windows NT 6.1; WOW64) AppleWebKit/537.36 (KHTML, like Gecko) Chrome/51.0.2704.103 Safari/537.36',
  'host' => '39.108.115.229:80',
  'content-type' => '',
)
[ info ] [ PARAM ] array (
)
[ info ] [ DB ] INIT mysql
[ info ] [ RUN ] app\book\controller\IndexController->index[ /var/www/book/app/book/controller/IndexController.php ]
[ info ] [ VIEW ] /var/www/book/public/../app/book/view/index/index.html [ array (
  0 => 'jinhua',
  1 => 'allsee',
  2 => 'allhot',
  3 => 'oldhot',
  4 => 'data',
  5 => 'old',
  6 => 'jinghua',
) ]
[ info ] [ SESSION ] INIT array (
  'id' => '',
  'var_session_id' => '',
  'prefix' => 'think',
  'type' => '',
  'auto_start' => true,
)
[ info ] [ LOG ] INIT File
[ sql ] [ DB ] CONNECT:[ UseTime:0.000500s ] mysql:host=127.0.0.1;dbname=book;charset=utf8
[ sql ] [ SQL ] SHOW COLUMNS FROM `b_list` [ RunTime:0.000894s ]
[ sql ] [ SQL ] SELECT * FROM `b_list` WHERE  `type_id` = 2 ORDER BY `comment`  desc LIMIT 1 [ RunTime:0.000413s ]
[ sql ] [ SQL ] SELECT * FROM `b_list` WHERE  `type_id` = 2 ORDER BY zan desc  LIMIT 8 [ RunTime:0.000327s ]
[ sql ] [ SQL ] SELECT * FROM `b_list` WHERE  `type_id` = 2 ORDER BY comment desc  LIMIT 8 [ RunTime:0.000322s ]
[ sql ] [ SQL ] SELECT * FROM `b_list` WHERE  `type_id` = 2 ORDER BY comment desc  LIMIT 8 [ RunTime:0.000314s ]
[ sql ] [ SQL ] SELECT COUNT(*) AS tp_count FROM `b_list` `l` INNER JOIN `b_user` `u` ON `l`.`uid`=`u`.`id` WHERE  `status` = 1 LIMIT 1 [ RunTime:0.000361s ]
[ sql ] [ SQL ] SELECT `l`.*,`u`.*,l.id as detail_id FROM `b_list` `l` INNER JOIN `b_user` `u` ON `l`.`uid`=`u`.`id` WHERE  `status` = 1 ORDER BY `comment`  desc LIMIT 0,5 [ RunTime:0.000457s ]
---------------------------------------------------------------
[ 2018-04-01T05:02:44+08:00 ] 172.18.79.84 201.249.170.38 GET /
[ info ] 39.108.115.229:80/ [运行时间：0.031526s][吞吐率：31.72req/s] [内存消耗：2,332.20kb] [文件加载：53]
[ info ] [ LANG ] /var/www/book/thinkphp/lang/zh-cn.php
[ info ] [ ROUTE ] array (
  'type' => 'module',
  'module' => 
  array (
    0 => '',
    1 => NULL,
    2 => NULL,
  ),
)
[ info ] [ HEADER ] array (
  'content-length' => '0',
  'user-agent' => 'Mozilla/5.0 (Windows NT 6.1; WOW64) AppleWebKit/537.36 (KHTML, like Gecko) Chrome/52.0.2743.116 Safari/537.36',
  'host' => '39.108.115.229:80',
  'content-type' => '',
)
[ info ] [ PARAM ] array (
)
[ info ] [ DB ] INIT mysql
[ info ] [ RUN ] app\book\controller\IndexController->index[ /var/www/book/app/book/controller/IndexController.php ]
[ info ] [ VIEW ] /var/www/book/public/../app/book/view/index/index.html [ array (
  0 => 'jinhua',
  1 => 'allsee',
  2 => 'allhot',
  3 => 'oldhot',
  4 => 'data',
  5 => 'old',
  6 => 'jinghua',
) ]
[ info ] [ SESSION ] INIT array (
  'id' => '',
  'var_session_id' => '',
  'prefix' => 'think',
  'type' => '',
  'auto_start' => true,
)
[ info ] [ LOG ] INIT File
[ sql ] [ DB ] CONNECT:[ UseTime:0.000449s ] mysql:host=127.0.0.1;dbname=book;charset=utf8
[ sql ] [ SQL ] SHOW COLUMNS FROM `b_list` [ RunTime:0.000809s ]
[ sql ] [ SQL ] SELECT * FROM `b_list` WHERE  `type_id` = 2 ORDER BY `comment`  desc LIMIT 1 [ RunTime:0.000384s ]
[ sql ] [ SQL ] SELECT * FROM `b_list` WHERE  `type_id` = 2 ORDER BY zan desc  LIMIT 8 [ RunTime:0.000282s ]
[ sql ] [ SQL ] SELECT * FROM `b_list` WHERE  `type_id` = 2 ORDER BY comment desc  LIMIT 8 [ RunTime:0.000305s ]
[ sql ] [ SQL ] SELECT * FROM `b_list` WHERE  `type_id` = 2 ORDER BY comment desc  LIMIT 8 [ RunTime:0.000270s ]
[ sql ] [ SQL ] SELECT COUNT(*) AS tp_count FROM `b_list` `l` INNER JOIN `b_user` `u` ON `l`.`uid`=`u`.`id` WHERE  `status` = 1 LIMIT 1 [ RunTime:0.000350s ]
[ sql ] [ SQL ] SELECT `l`.*,`u`.*,l.id as detail_id FROM `b_list` `l` INNER JOIN `b_user` `u` ON `l`.`uid`=`u`.`id` WHERE  `status` = 1 ORDER BY `comment`  desc LIMIT 0,5 [ RunTime:0.000382s ]
---------------------------------------------------------------
[ 2018-04-01T05:19:07+08:00 ] 172.18.79.84 200.112.228.62 GET /
[ info ] 39.108.115.229:80/ [运行时间：0.030867s][吞吐率：32.40req/s] [内存消耗：2,332.20kb] [文件加载：53]
[ info ] [ LANG ] /var/www/book/thinkphp/lang/zh-cn.php
[ info ] [ ROUTE ] array (
  'type' => 'module',
  'module' => 
  array (
    0 => '',
    1 => NULL,
    2 => NULL,
  ),
)
[ info ] [ HEADER ] array (
  'content-length' => '0',
  'user-agent' => 'Mozilla/5.0 (Macintosh; Intel Mac OS X 10_11_6) AppleWebKit/601.7.7 (KHTML, like Gecko) Version/9.1.2 Safari/601.7.7',
  'host' => '39.108.115.229:80',
  'content-type' => '',
)
[ info ] [ PARAM ] array (
)
[ info ] [ DB ] INIT mysql
[ info ] [ RUN ] app\book\controller\IndexController->index[ /var/www/book/app/book/controller/IndexController.php ]
[ info ] [ VIEW ] /var/www/book/public/../app/book/view/index/index.html [ array (
  0 => 'jinhua',
  1 => 'allsee',
  2 => 'allhot',
  3 => 'oldhot',
  4 => 'data',
  5 => 'old',
  6 => 'jinghua',
) ]
[ info ] [ SESSION ] INIT array (
  'id' => '',
  'var_session_id' => '',
  'prefix' => 'think',
  'type' => '',
  'auto_start' => true,
)
[ info ] [ LOG ] INIT File
[ sql ] [ DB ] CONNECT:[ UseTime:0.000440s ] mysql:host=127.0.0.1;dbname=book;charset=utf8
[ sql ] [ SQL ] SHOW COLUMNS FROM `b_list` [ RunTime:0.000822s ]
[ sql ] [ SQL ] SELECT * FROM `b_list` WHERE  `type_id` = 2 ORDER BY `comment`  desc LIMIT 1 [ RunTime:0.000360s ]
[ sql ] [ SQL ] SELECT * FROM `b_list` WHERE  `type_id` = 2 ORDER BY zan desc  LIMIT 8 [ RunTime:0.000300s ]
[ sql ] [ SQL ] SELECT * FROM `b_list` WHERE  `type_id` = 2 ORDER BY comment desc  LIMIT 8 [ RunTime:0.000279s ]
[ sql ] [ SQL ] SELECT * FROM `b_list` WHERE  `type_id` = 2 ORDER BY comment desc  LIMIT 8 [ RunTime:0.000304s ]
[ sql ] [ SQL ] SELECT COUNT(*) AS tp_count FROM `b_list` `l` INNER JOIN `b_user` `u` ON `l`.`uid`=`u`.`id` WHERE  `status` = 1 LIMIT 1 [ RunTime:0.000342s ]
[ sql ] [ SQL ] SELECT `l`.*,`u`.*,l.id as detail_id FROM `b_list` `l` INNER JOIN `b_user` `u` ON `l`.`uid`=`u`.`id` WHERE  `status` = 1 ORDER BY `comment`  desc LIMIT 0,5 [ RunTime:0.000415s ]
---------------------------------------------------------------
[ 2018-04-01T05:56:58+08:00 ] 172.18.79.84 181.113.29.206 GET /
[ info ] 39.108.115.229:80/ [运行时间：0.032307s][吞吐率：30.95req/s] [内存消耗：2,332.20kb] [文件加载：53]
[ info ] [ LANG ] /var/www/book/thinkphp/lang/zh-cn.php
[ info ] [ ROUTE ] array (
  'type' => 'module',
  'module' => 
  array (
    0 => '',
    1 => NULL,
    2 => NULL,
  ),
)
[ info ] [ HEADER ] array (
  'content-length' => '0',
  'user-agent' => 'Mozilla/5.0 (Macintosh; Intel Mac OS X 10_11_6) AppleWebKit/601.7.7 (KHTML, like Gecko) Version/9.1.2 Safari/601.7.7',
  'host' => '39.108.115.229:80',
  'content-type' => '',
)
[ info ] [ PARAM ] array (
)
[ info ] [ DB ] INIT mysql
[ info ] [ RUN ] app\book\controller\IndexController->index[ /var/www/book/app/book/controller/IndexController.php ]
[ info ] [ VIEW ] /var/www/book/public/../app/book/view/index/index.html [ array (
  0 => 'jinhua',
  1 => 'allsee',
  2 => 'allhot',
  3 => 'oldhot',
  4 => 'data',
  5 => 'old',
  6 => 'jinghua',
) ]
[ info ] [ SESSION ] INIT array (
  'id' => '',
  'var_session_id' => '',
  'prefix' => 'think',
  'type' => '',
  'auto_start' => true,
)
[ info ] [ LOG ] INIT File
[ sql ] [ DB ] CONNECT:[ UseTime:0.000489s ] mysql:host=127.0.0.1;dbname=book;charset=utf8
[ sql ] [ SQL ] SHOW COLUMNS FROM `b_list` [ RunTime:0.000803s ]
[ sql ] [ SQL ] SELECT * FROM `b_list` WHERE  `type_id` = 2 ORDER BY `comment`  desc LIMIT 1 [ RunTime:0.000398s ]
[ sql ] [ SQL ] SELECT * FROM `b_list` WHERE  `type_id` = 2 ORDER BY zan desc  LIMIT 8 [ RunTime:0.000307s ]
[ sql ] [ SQL ] SELECT * FROM `b_list` WHERE  `type_id` = 2 ORDER BY comment desc  LIMIT 8 [ RunTime:0.000289s ]
[ sql ] [ SQL ] SELECT * FROM `b_list` WHERE  `type_id` = 2 ORDER BY comment desc  LIMIT 8 [ RunTime:0.000279s ]
[ sql ] [ SQL ] SELECT COUNT(*) AS tp_count FROM `b_list` `l` INNER JOIN `b_user` `u` ON `l`.`uid`=`u`.`id` WHERE  `status` = 1 LIMIT 1 [ RunTime:0.000345s ]
[ sql ] [ SQL ] SELECT `l`.*,`u`.*,l.id as detail_id FROM `b_list` `l` INNER JOIN `b_user` `u` ON `l`.`uid`=`u`.`id` WHERE  `status` = 1 ORDER BY `comment`  desc LIMIT 0,5 [ RunTime:0.000412s ]
---------------------------------------------------------------
[ 2018-04-01T06:04:26+08:00 ] 172.18.79.84 188.26.114.251 GET /
[ info ] 39.108.115.229:80/ [运行时间：0.029317s][吞吐率：34.11req/s] [内存消耗：2,332.20kb] [文件加载：53]
[ info ] [ LANG ] /var/www/book/thinkphp/lang/zh-cn.php
[ info ] [ ROUTE ] array (
  'type' => 'module',
  'module' => 
  array (
    0 => '',
    1 => NULL,
    2 => NULL,
  ),
)
[ info ] [ HEADER ] array (
  'content-length' => '0',
  'user-agent' => 'Mozilla/5.0 (Macintosh; Intel Mac OS X 10_11_6) AppleWebKit/601.7.7 (KHTML, like Gecko) Version/9.1.2 Safari/601.7.7',
  'host' => '39.108.115.229:80',
  'content-type' => '',
)
[ info ] [ PARAM ] array (
)
[ info ] [ DB ] INIT mysql
[ info ] [ RUN ] app\book\controller\IndexController->index[ /var/www/book/app/book/controller/IndexController.php ]
[ info ] [ VIEW ] /var/www/book/public/../app/book/view/index/index.html [ array (
  0 => 'jinhua',
  1 => 'allsee',
  2 => 'allhot',
  3 => 'oldhot',
  4 => 'data',
  5 => 'old',
  6 => 'jinghua',
) ]
[ info ] [ SESSION ] INIT array (
  'id' => '',
  'var_session_id' => '',
  'prefix' => 'think',
  'type' => '',
  'auto_start' => true,
)
[ info ] [ LOG ] INIT File
[ sql ] [ DB ] CONNECT:[ UseTime:0.000472s ] mysql:host=127.0.0.1;dbname=book;charset=utf8
[ sql ] [ SQL ] SHOW COLUMNS FROM `b_list` [ RunTime:0.000812s ]
[ sql ] [ SQL ] SELECT * FROM `b_list` WHERE  `type_id` = 2 ORDER BY `comment`  desc LIMIT 1 [ RunTime:0.000393s ]
[ sql ] [ SQL ] SELECT * FROM `b_list` WHERE  `type_id` = 2 ORDER BY zan desc  LIMIT 8 [ RunTime:0.000284s ]
[ sql ] [ SQL ] SELECT * FROM `b_list` WHERE  `type_id` = 2 ORDER BY comment desc  LIMIT 8 [ RunTime:0.000309s ]
[ sql ] [ SQL ] SELECT * FROM `b_list` WHERE  `type_id` = 2 ORDER BY comment desc  LIMIT 8 [ RunTime:0.000272s ]
[ sql ] [ SQL ] SELECT COUNT(*) AS tp_count FROM `b_list` `l` INNER JOIN `b_user` `u` ON `l`.`uid`=`u`.`id` WHERE  `status` = 1 LIMIT 1 [ RunTime:0.000326s ]
[ sql ] [ SQL ] SELECT `l`.*,`u`.*,l.id as detail_id FROM `b_list` `l` INNER JOIN `b_user` `u` ON `l`.`uid`=`u`.`id` WHERE  `status` = 1 ORDER BY `comment`  desc LIMIT 0,5 [ RunTime:0.000383s ]
---------------------------------------------------------------
[ 2018-04-01T06:42:51+08:00 ] 172.18.79.84 191.17.118.152 GET /
[ info ] 39.108.115.229:80/ [运行时间：0.029763s][吞吐率：33.60req/s] [内存消耗：2,332.20kb] [文件加载：53]
[ info ] [ LANG ] /var/www/book/thinkphp/lang/zh-cn.php
[ info ] [ ROUTE ] array (
  'type' => 'module',
  'module' => 
  array (
    0 => '',
    1 => NULL,
    2 => NULL,
  ),
)
[ info ] [ HEADER ] array (
  'content-length' => '0',
  'user-agent' => 'Mozilla/5.0 (Windows NT 10.0; WOW64) AppleWebKit/537.36 (KHTML, like Gecko) Chrome/52.0.2743.116 Safari/537.36',
  'host' => '39.108.115.229:80',
  'content-type' => '',
)
[ info ] [ PARAM ] array (
)
[ info ] [ DB ] INIT mysql
[ info ] [ RUN ] app\book\controller\IndexController->index[ /var/www/book/app/book/controller/IndexController.php ]
[ info ] [ VIEW ] /var/www/book/public/../app/book/view/index/index.html [ array (
  0 => 'jinhua',
  1 => 'allsee',
  2 => 'allhot',
  3 => 'oldhot',
  4 => 'data',
  5 => 'old',
  6 => 'jinghua',
) ]
[ info ] [ SESSION ] INIT array (
  'id' => '',
  'var_session_id' => '',
  'prefix' => 'think',
  'type' => '',
  'auto_start' => true,
)
[ info ] [ LOG ] INIT File
[ sql ] [ DB ] CONNECT:[ UseTime:0.000458s ] mysql:host=127.0.0.1;dbname=book;charset=utf8
[ sql ] [ SQL ] SHOW COLUMNS FROM `b_list` [ RunTime:0.000832s ]
[ sql ] [ SQL ] SELECT * FROM `b_list` WHERE  `type_id` = 2 ORDER BY `comment`  desc LIMIT 1 [ RunTime:0.000367s ]
[ sql ] [ SQL ] SELECT * FROM `b_list` WHERE  `type_id` = 2 ORDER BY zan desc  LIMIT 8 [ RunTime:0.000334s ]
[ sql ] [ SQL ] SELECT * FROM `b_list` WHERE  `type_id` = 2 ORDER BY comment desc  LIMIT 8 [ RunTime:0.000275s ]
[ sql ] [ SQL ] SELECT * FROM `b_list` WHERE  `type_id` = 2 ORDER BY comment desc  LIMIT 8 [ RunTime:0.000270s ]
[ sql ] [ SQL ] SELECT COUNT(*) AS tp_count FROM `b_list` `l` INNER JOIN `b_user` `u` ON `l`.`uid`=`u`.`id` WHERE  `status` = 1 LIMIT 1 [ RunTime:0.000318s ]
[ sql ] [ SQL ] SELECT `l`.*,`u`.*,l.id as detail_id FROM `b_list` `l` INNER JOIN `b_user` `u` ON `l`.`uid`=`u`.`id` WHERE  `status` = 1 ORDER BY `comment`  desc LIMIT 0,5 [ RunTime:0.000379s ]
---------------------------------------------------------------
[ 2018-04-01T06:58:21+08:00 ] 172.18.79.84 175.100.21.8 GET /
[ info ] 39.108.115.229:80/ [运行时间：0.031419s][吞吐率：31.83req/s] [内存消耗：2,332.20kb] [文件加载：53]
[ info ] [ LANG ] /var/www/book/thinkphp/lang/zh-cn.php
[ info ] [ ROUTE ] array (
  'type' => 'module',
  'module' => 
  array (
    0 => '',
    1 => NULL,
    2 => NULL,
  ),
)
[ info ] [ HEADER ] array (
  'content-length' => '0',
  'user-agent' => 'Mozilla/5.0 (Windows NT 10.0; WOW64) AppleWebKit/537.36 (KHTML, like Gecko) Chrome/51.0.2704.103 Safari/537.36',
  'host' => '39.108.115.229:80',
  'content-type' => '',
)
[ info ] [ PARAM ] array (
)
[ info ] [ DB ] INIT mysql
[ info ] [ RUN ] app\book\controller\IndexController->index[ /var/www/book/app/book/controller/IndexController.php ]
[ info ] [ VIEW ] /var/www/book/public/../app/book/view/index/index.html [ array (
  0 => 'jinhua',
  1 => 'allsee',
  2 => 'allhot',
  3 => 'oldhot',
  4 => 'data',
  5 => 'old',
  6 => 'jinghua',
) ]
[ info ] [ SESSION ] INIT array (
  'id' => '',
  'var_session_id' => '',
  'prefix' => 'think',
  'type' => '',
  'auto_start' => true,
)
[ info ] [ LOG ] INIT File
[ sql ] [ DB ] CONNECT:[ UseTime:0.000530s ] mysql:host=127.0.0.1;dbname=book;charset=utf8
[ sql ] [ SQL ] SHOW COLUMNS FROM `b_list` [ RunTime:0.000831s ]
[ sql ] [ SQL ] SELECT * FROM `b_list` WHERE  `type_id` = 2 ORDER BY `comment`  desc LIMIT 1 [ RunTime:0.000376s ]
[ sql ] [ SQL ] SELECT * FROM `b_list` WHERE  `type_id` = 2 ORDER BY zan desc  LIMIT 8 [ RunTime:0.000328s ]
[ sql ] [ SQL ] SELECT * FROM `b_list` WHERE  `type_id` = 2 ORDER BY comment desc  LIMIT 8 [ RunTime:0.000287s ]
[ sql ] [ SQL ] SELECT * FROM `b_list` WHERE  `type_id` = 2 ORDER BY comment desc  LIMIT 8 [ RunTime:0.000283s ]
[ sql ] [ SQL ] SELECT COUNT(*) AS tp_count FROM `b_list` `l` INNER JOIN `b_user` `u` ON `l`.`uid`=`u`.`id` WHERE  `status` = 1 LIMIT 1 [ RunTime:0.000349s ]
[ sql ] [ SQL ] SELECT `l`.*,`u`.*,l.id as detail_id FROM `b_list` `l` INNER JOIN `b_user` `u` ON `l`.`uid`=`u`.`id` WHERE  `status` = 1 ORDER BY `comment`  desc LIMIT 0,5 [ RunTime:0.000393s ]
---------------------------------------------------------------
[ 2018-04-01T07:18:11+08:00 ] 172.18.79.84 179.99.255.33 GET /
[ info ] 39.108.115.229:80/ [运行时间：0.073735s][吞吐率：13.56req/s] [内存消耗：2,332.20kb] [文件加载：53]
[ info ] [ LANG ] /var/www/book/thinkphp/lang/zh-cn.php
[ info ] [ ROUTE ] array (
  'type' => 'module',
  'module' => 
  array (
    0 => '',
    1 => NULL,
    2 => NULL,
  ),
)
[ info ] [ HEADER ] array (
  'content-length' => '0',
  'user-agent' => 'Mozilla/5.0 (Macintosh; Intel Mac OS X 10_11_6) AppleWebKit/601.7.7 (KHTML, like Gecko) Version/9.1.2 Safari/601.7.7',
  'host' => '39.108.115.229:80',
  'content-type' => '',
)
[ info ] [ PARAM ] array (
)
[ info ] [ DB ] INIT mysql
[ info ] [ RUN ] app\book\controller\IndexController->index[ /var/www/book/app/book/controller/IndexController.php ]
[ info ] [ VIEW ] /var/www/book/public/../app/book/view/index/index.html [ array (
  0 => 'jinhua',
  1 => 'allsee',
  2 => 'allhot',
  3 => 'oldhot',
  4 => 'data',
  5 => 'old',
  6 => 'jinghua',
) ]
[ info ] [ SESSION ] INIT array (
  'id' => '',
  'var_session_id' => '',
  'prefix' => 'think',
  'type' => '',
  'auto_start' => true,
)
[ info ] [ LOG ] INIT File
[ sql ] [ DB ] CONNECT:[ UseTime:0.022410s ] mysql:host=127.0.0.1;dbname=book;charset=utf8
[ sql ] [ SQL ] SHOW COLUMNS FROM `b_list` [ RunTime:0.000886s ]
[ sql ] [ SQL ] SELECT * FROM `b_list` WHERE  `type_id` = 2 ORDER BY `comment`  desc LIMIT 1 [ RunTime:0.002789s ]
[ sql ] [ SQL ] SELECT * FROM `b_list` WHERE  `type_id` = 2 ORDER BY zan desc  LIMIT 8 [ RunTime:0.001688s ]
[ sql ] [ SQL ] SELECT * FROM `b_list` WHERE  `type_id` = 2 ORDER BY comment desc  LIMIT 8 [ RunTime:0.000353s ]
[ sql ] [ SQL ] SELECT * FROM `b_list` WHERE  `type_id` = 2 ORDER BY comment desc  LIMIT 8 [ RunTime:0.000275s ]
[ sql ] [ SQL ] SELECT COUNT(*) AS tp_count FROM `b_list` `l` INNER JOIN `b_user` `u` ON `l`.`uid`=`u`.`id` WHERE  `status` = 1 LIMIT 1 [ RunTime:0.001719s ]
[ sql ] [ SQL ] SELECT `l`.*,`u`.*,l.id as detail_id FROM `b_list` `l` INNER JOIN `b_user` `u` ON `l`.`uid`=`u`.`id` WHERE  `status` = 1 ORDER BY `comment`  desc LIMIT 0,5 [ RunTime:0.001622s ]
---------------------------------------------------------------
[ 2018-04-01T07:18:11+08:00 ] 172.18.79.84 179.99.255.33 GET /
[ info ] 39.108.115.229:80/ [运行时间：0.085950s][吞吐率：11.63req/s] [内存消耗：2,332.20kb] [文件加载：53]
[ info ] [ LANG ] /var/www/book/thinkphp/lang/zh-cn.php
[ info ] [ ROUTE ] array (
  'type' => 'module',
  'module' => 
  array (
    0 => '',
    1 => NULL,
    2 => NULL,
  ),
)
[ info ] [ HEADER ] array (
  'content-length' => '0',
  'user-agent' => 'Mozilla/5.0 (Windows NT 6.1; WOW64) AppleWebKit/537.36 (KHTML, like Gecko) Chrome/51.0.2704.103 Safari/537.36',
  'host' => '39.108.115.229:80',
  'content-type' => '',
)
[ info ] [ PARAM ] array (
)
[ info ] [ DB ] INIT mysql
[ info ] [ RUN ] app\book\controller\IndexController->index[ /var/www/book/app/book/controller/IndexController.php ]
[ info ] [ VIEW ] /var/www/book/public/../app/book/view/index/index.html [ array (
  0 => 'jinhua',
  1 => 'allsee',
  2 => 'allhot',
  3 => 'oldhot',
  4 => 'data',
  5 => 'old',
  6 => 'jinghua',
) ]
[ info ] [ SESSION ] INIT array (
  'id' => '',
  'var_session_id' => '',
  'prefix' => 'think',
  'type' => '',
  'auto_start' => true,
)
[ info ] [ LOG ] INIT File
[ sql ] [ DB ] CONNECT:[ UseTime:0.002779s ] mysql:host=127.0.0.1;dbname=book;charset=utf8
[ sql ] [ SQL ] SHOW COLUMNS FROM `b_list` [ RunTime:0.000633s ]
[ sql ] [ SQL ] SELECT * FROM `b_list` WHERE  `type_id` = 2 ORDER BY `comment`  desc LIMIT 1 [ RunTime:0.001677s ]
[ sql ] [ SQL ] SELECT * FROM `b_list` WHERE  `type_id` = 2 ORDER BY zan desc  LIMIT 8 [ RunTime:0.004316s ]
[ sql ] [ SQL ] SELECT * FROM `b_list` WHERE  `type_id` = 2 ORDER BY comment desc  LIMIT 8 [ RunTime:0.000983s ]
[ sql ] [ SQL ] SELECT * FROM `b_list` WHERE  `type_id` = 2 ORDER BY comment desc  LIMIT 8 [ RunTime:0.000274s ]
[ sql ] [ SQL ] SELECT COUNT(*) AS tp_count FROM `b_list` `l` INNER JOIN `b_user` `u` ON `l`.`uid`=`u`.`id` WHERE  `status` = 1 LIMIT 1 [ RunTime:0.003142s ]
[ sql ] [ SQL ] SELECT `l`.*,`u`.*,l.id as detail_id FROM `b_list` `l` INNER JOIN `b_user` `u` ON `l`.`uid`=`u`.`id` WHERE  `status` = 1 ORDER BY `comment`  desc LIMIT 0,5 [ RunTime:0.000394s ]
---------------------------------------------------------------
[ 2018-04-01T07:18:11+08:00 ] 172.18.79.84 179.99.255.33 GET /
[ info ] 39.108.115.229:80/ [运行时间：0.097851s][吞吐率：10.22req/s] [内存消耗：2,332.20kb] [文件加载：53]
[ info ] [ LANG ] /var/www/book/thinkphp/lang/zh-cn.php
[ info ] [ ROUTE ] array (
  'type' => 'module',
  'module' => 
  array (
    0 => '',
    1 => NULL,
    2 => NULL,
  ),
)
[ info ] [ HEADER ] array (
  'content-length' => '0',
  'user-agent' => 'Mozilla/5.0 (Windows NT 10.0; WOW64) AppleWebKit/537.36 (KHTML, like Gecko) Chrome/51.0.2704.103 Safari/537.36',
  'host' => '39.108.115.229:80',
  'content-type' => '',
)
[ info ] [ PARAM ] array (
)
[ info ] [ DB ] INIT mysql
[ info ] [ RUN ] app\book\controller\IndexController->index[ /var/www/book/app/book/controller/IndexController.php ]
[ info ] [ VIEW ] /var/www/book/public/../app/book/view/index/index.html [ array (
  0 => 'jinhua',
  1 => 'allsee',
  2 => 'allhot',
  3 => 'oldhot',
  4 => 'data',
  5 => 'old',
  6 => 'jinghua',
) ]
[ info ] [ SESSION ] INIT array (
  'id' => '',
  'var_session_id' => '',
  'prefix' => 'think',
  'type' => '',
  'auto_start' => true,
)
[ info ] [ LOG ] INIT File
[ sql ] [ DB ] CONNECT:[ UseTime:0.006573s ] mysql:host=127.0.0.1;dbname=book;charset=utf8
[ sql ] [ SQL ] SHOW COLUMNS FROM `b_list` [ RunTime:0.005919s ]
[ sql ] [ SQL ] SELECT * FROM `b_list` WHERE  `type_id` = 2 ORDER BY `comment`  desc LIMIT 1 [ RunTime:0.002074s ]
[ sql ] [ SQL ] SELECT * FROM `b_list` WHERE  `type_id` = 2 ORDER BY zan desc  LIMIT 8 [ RunTime:0.000276s ]
[ sql ] [ SQL ] SELECT * FROM `b_list` WHERE  `type_id` = 2 ORDER BY comment desc  LIMIT 8 [ RunTime:0.000327s ]
[ sql ] [ SQL ] SELECT * FROM `b_list` WHERE  `type_id` = 2 ORDER BY comment desc  LIMIT 8 [ RunTime:0.000269s ]
[ sql ] [ SQL ] SELECT COUNT(*) AS tp_count FROM `b_list` `l` INNER JOIN `b_user` `u` ON `l`.`uid`=`u`.`id` WHERE  `status` = 1 LIMIT 1 [ RunTime:0.004829s ]
[ sql ] [ SQL ] SELECT `l`.*,`u`.*,l.id as detail_id FROM `b_list` `l` INNER JOIN `b_user` `u` ON `l`.`uid`=`u`.`id` WHERE  `status` = 1 ORDER BY `comment`  desc LIMIT 0,5 [ RunTime:0.000412s ]
---------------------------------------------------------------
[ 2018-04-01T07:27:06+08:00 ] 172.18.79.84 71.94.123.13 GET /
[ info ] 39.108.115.229:80/ [运行时间：0.029501s][吞吐率：33.90req/s] [内存消耗：2,332.20kb] [文件加载：53]
[ info ] [ LANG ] /var/www/book/thinkphp/lang/zh-cn.php
[ info ] [ ROUTE ] array (
  'type' => 'module',
  'module' => 
  array (
    0 => '',
    1 => NULL,
    2 => NULL,
  ),
)
[ info ] [ HEADER ] array (
  'content-length' => '0',
  'user-agent' => 'Mozilla/5.0 (Windows NT 6.1; WOW64) AppleWebKit/537.36 (KHTML, like Gecko) Chrome/52.0.2743.116 Safari/537.36',
  'host' => '39.108.115.229:80',
  'content-type' => '',
)
[ info ] [ PARAM ] array (
)
[ info ] [ DB ] INIT mysql
[ info ] [ RUN ] app\book\controller\IndexController->index[ /var/www/book/app/book/controller/IndexController.php ]
[ info ] [ VIEW ] /var/www/book/public/../app/book/view/index/index.html [ array (
  0 => 'jinhua',
  1 => 'allsee',
  2 => 'allhot',
  3 => 'oldhot',
  4 => 'data',
  5 => 'old',
  6 => 'jinghua',
) ]
[ info ] [ SESSION ] INIT array (
  'id' => '',
  'var_session_id' => '',
  'prefix' => 'think',
  'type' => '',
  'auto_start' => true,
)
[ info ] [ LOG ] INIT File
[ sql ] [ DB ] CONNECT:[ UseTime:0.000504s ] mysql:host=127.0.0.1;dbname=book;charset=utf8
[ sql ] [ SQL ] SHOW COLUMNS FROM `b_list` [ RunTime:0.000833s ]
[ sql ] [ SQL ] SELECT * FROM `b_list` WHERE  `type_id` = 2 ORDER BY `comment`  desc LIMIT 1 [ RunTime:0.000365s ]
[ sql ] [ SQL ] SELECT * FROM `b_list` WHERE  `type_id` = 2 ORDER BY zan desc  LIMIT 8 [ RunTime:0.000305s ]
[ sql ] [ SQL ] SELECT * FROM `b_list` WHERE  `type_id` = 2 ORDER BY comment desc  LIMIT 8 [ RunTime:0.000294s ]
[ sql ] [ SQL ] SELECT * FROM `b_list` WHERE  `type_id` = 2 ORDER BY comment desc  LIMIT 8 [ RunTime:0.000304s ]
[ sql ] [ SQL ] SELECT COUNT(*) AS tp_count FROM `b_list` `l` INNER JOIN `b_user` `u` ON `l`.`uid`=`u`.`id` WHERE  `status` = 1 LIMIT 1 [ RunTime:0.000320s ]
[ sql ] [ SQL ] SELECT `l`.*,`u`.*,l.id as detail_id FROM `b_list` `l` INNER JOIN `b_user` `u` ON `l`.`uid`=`u`.`id` WHERE  `status` = 1 ORDER BY `comment`  desc LIMIT 0,5 [ RunTime:0.000409s ]
---------------------------------------------------------------
[ 2018-04-01T07:41:36+08:00 ] 172.18.79.84 62.87.151.171 GET /
[ info ] 39.108.115.229:80/ [运行时间：0.028787s][吞吐率：34.74req/s] [内存消耗：2,332.20kb] [文件加载：53]
[ info ] [ LANG ] /var/www/book/thinkphp/lang/zh-cn.php
[ info ] [ ROUTE ] array (
  'type' => 'module',
  'module' => 
  array (
    0 => '',
    1 => NULL,
    2 => NULL,
  ),
)
[ info ] [ HEADER ] array (
  'content-length' => '0',
  'user-agent' => 'Mozilla/5.0 (Windows NT 6.1; WOW64) AppleWebKit/537.36 (KHTML, like Gecko) Chrome/51.0.2704.103 Safari/537.36',
  'host' => '39.108.115.229:80',
  'content-type' => '',
)
[ info ] [ PARAM ] array (
)
[ info ] [ DB ] INIT mysql
[ info ] [ RUN ] app\book\controller\IndexController->index[ /var/www/book/app/book/controller/IndexController.php ]
[ info ] [ VIEW ] /var/www/book/public/../app/book/view/index/index.html [ array (
  0 => 'jinhua',
  1 => 'allsee',
  2 => 'allhot',
  3 => 'oldhot',
  4 => 'data',
  5 => 'old',
  6 => 'jinghua',
) ]
[ info ] [ SESSION ] INIT array (
  'id' => '',
  'var_session_id' => '',
  'prefix' => 'think',
  'type' => '',
  'auto_start' => true,
)
[ info ] [ LOG ] INIT File
[ sql ] [ DB ] CONNECT:[ UseTime:0.000563s ] mysql:host=127.0.0.1;dbname=book;charset=utf8
[ sql ] [ SQL ] SHOW COLUMNS FROM `b_list` [ RunTime:0.000803s ]
[ sql ] [ SQL ] SELECT * FROM `b_list` WHERE  `type_id` = 2 ORDER BY `comment`  desc LIMIT 1 [ RunTime:0.000373s ]
[ sql ] [ SQL ] SELECT * FROM `b_list` WHERE  `type_id` = 2 ORDER BY zan desc  LIMIT 8 [ RunTime:0.000284s ]
[ sql ] [ SQL ] SELECT * FROM `b_list` WHERE  `type_id` = 2 ORDER BY comment desc  LIMIT 8 [ RunTime:0.000274s ]
[ sql ] [ SQL ] SELECT * FROM `b_list` WHERE  `type_id` = 2 ORDER BY comment desc  LIMIT 8 [ RunTime:0.000305s ]
[ sql ] [ SQL ] SELECT COUNT(*) AS tp_count FROM `b_list` `l` INNER JOIN `b_user` `u` ON `l`.`uid`=`u`.`id` WHERE  `status` = 1 LIMIT 1 [ RunTime:0.000314s ]
[ sql ] [ SQL ] SELECT `l`.*,`u`.*,l.id as detail_id FROM `b_list` `l` INNER JOIN `b_user` `u` ON `l`.`uid`=`u`.`id` WHERE  `status` = 1 ORDER BY `comment`  desc LIMIT 0,5 [ RunTime:0.000407s ]
---------------------------------------------------------------
[ 2018-04-01T07:46:04+08:00 ] 172.18.79.84 177.95.237.56 GET /
[ info ] 39.108.115.229:80/ [运行时间：0.032583s][吞吐率：30.69req/s] [内存消耗：2,332.20kb] [文件加载：53]
[ info ] [ LANG ] /var/www/book/thinkphp/lang/zh-cn.php
[ info ] [ ROUTE ] array (
  'type' => 'module',
  'module' => 
  array (
    0 => '',
    1 => NULL,
    2 => NULL,
  ),
)
[ info ] [ HEADER ] array (
  'content-length' => '0',
  'user-agent' => 'Mozilla/5.0 (Windows NT 10.0; WOW64) AppleWebKit/537.36 (KHTML, like Gecko) Chrome/51.0.2704.103 Safari/537.36',
  'host' => '39.108.115.229:80',
  'content-type' => '',
)
[ info ] [ PARAM ] array (
)
[ info ] [ DB ] INIT mysql
[ info ] [ RUN ] app\book\controller\IndexController->index[ /var/www/book/app/book/controller/IndexController.php ]
[ info ] [ VIEW ] /var/www/book/public/../app/book/view/index/index.html [ array (
  0 => 'jinhua',
  1 => 'allsee',
  2 => 'allhot',
  3 => 'oldhot',
  4 => 'data',
  5 => 'old',
  6 => 'jinghua',
) ]
[ info ] [ SESSION ] INIT array (
  'id' => '',
  'var_session_id' => '',
  'prefix' => 'think',
  'type' => '',
  'auto_start' => true,
)
[ info ] [ LOG ] INIT File
[ sql ] [ DB ] CONNECT:[ UseTime:0.000499s ] mysql:host=127.0.0.1;dbname=book;charset=utf8
[ sql ] [ SQL ] SHOW COLUMNS FROM `b_list` [ RunTime:0.000848s ]
[ sql ] [ SQL ] SELECT * FROM `b_list` WHERE  `type_id` = 2 ORDER BY `comment`  desc LIMIT 1 [ RunTime:0.000411s ]
[ sql ] [ SQL ] SELECT * FROM `b_list` WHERE  `type_id` = 2 ORDER BY zan desc  LIMIT 8 [ RunTime:0.000287s ]
[ sql ] [ SQL ] SELECT * FROM `b_list` WHERE  `type_id` = 2 ORDER BY comment desc  LIMIT 8 [ RunTime:0.000309s ]
[ sql ] [ SQL ] SELECT * FROM `b_list` WHERE  `type_id` = 2 ORDER BY comment desc  LIMIT 8 [ RunTime:0.000279s ]
[ sql ] [ SQL ] SELECT COUNT(*) AS tp_count FROM `b_list` `l` INNER JOIN `b_user` `u` ON `l`.`uid`=`u`.`id` WHERE  `status` = 1 LIMIT 1 [ RunTime:0.000379s ]
[ sql ] [ SQL ] SELECT `l`.*,`u`.*,l.id as detail_id FROM `b_list` `l` INNER JOIN `b_user` `u` ON `l`.`uid`=`u`.`id` WHERE  `status` = 1 ORDER BY `comment`  desc LIMIT 0,5 [ RunTime:0.000391s ]
---------------------------------------------------------------
[ 2018-04-01T08:23:44+08:00 ] 172.18.79.84 177.138.235.50 GET /
[ info ] 39.108.115.229:80/ [运行时间：0.028820s][吞吐率：34.70req/s] [内存消耗：2,332.20kb] [文件加载：53]
[ info ] [ LANG ] /var/www/book/thinkphp/lang/zh-cn.php
[ info ] [ ROUTE ] array (
  'type' => 'module',
  'module' => 
  array (
    0 => '',
    1 => NULL,
    2 => NULL,
  ),
)
[ info ] [ HEADER ] array (
  'content-length' => '0',
  'user-agent' => 'Mozilla/5.0 (Macintosh; Intel Mac OS X 10_11_6) AppleWebKit/601.7.7 (KHTML, like Gecko) Version/9.1.2 Safari/601.7.7',
  'host' => '39.108.115.229:80',
  'content-type' => '',
)
[ info ] [ PARAM ] array (
)
[ info ] [ DB ] INIT mysql
[ info ] [ RUN ] app\book\controller\IndexController->index[ /var/www/book/app/book/controller/IndexController.php ]
[ info ] [ VIEW ] /var/www/book/public/../app/book/view/index/index.html [ array (
  0 => 'jinhua',
  1 => 'allsee',
  2 => 'allhot',
  3 => 'oldhot',
  4 => 'data',
  5 => 'old',
  6 => 'jinghua',
) ]
[ info ] [ SESSION ] INIT array (
  'id' => '',
  'var_session_id' => '',
  'prefix' => 'think',
  'type' => '',
  'auto_start' => true,
)
[ info ] [ LOG ] INIT File
[ sql ] [ DB ] CONNECT:[ UseTime:0.000438s ] mysql:host=127.0.0.1;dbname=book;charset=utf8
[ sql ] [ SQL ] SHOW COLUMNS FROM `b_list` [ RunTime:0.000814s ]
[ sql ] [ SQL ] SELECT * FROM `b_list` WHERE  `type_id` = 2 ORDER BY `comment`  desc LIMIT 1 [ RunTime:0.000386s ]
[ sql ] [ SQL ] SELECT * FROM `b_list` WHERE  `type_id` = 2 ORDER BY zan desc  LIMIT 8 [ RunTime:0.000278s ]
[ sql ] [ SQL ] SELECT * FROM `b_list` WHERE  `type_id` = 2 ORDER BY comment desc  LIMIT 8 [ RunTime:0.000297s ]
[ sql ] [ SQL ] SELECT * FROM `b_list` WHERE  `type_id` = 2 ORDER BY comment desc  LIMIT 8 [ RunTime:0.000272s ]
[ sql ] [ SQL ] SELECT COUNT(*) AS tp_count FROM `b_list` `l` INNER JOIN `b_user` `u` ON `l`.`uid`=`u`.`id` WHERE  `status` = 1 LIMIT 1 [ RunTime:0.000313s ]
[ sql ] [ SQL ] SELECT `l`.*,`u`.*,l.id as detail_id FROM `b_list` `l` INNER JOIN `b_user` `u` ON `l`.`uid`=`u`.`id` WHERE  `status` = 1 ORDER BY `comment`  desc LIMIT 0,5 [ RunTime:0.000406s ]
---------------------------------------------------------------
[ 2018-04-01T08:34:17+08:00 ] 172.18.79.84 47.93.90.175 GET /
[ info ] 39.104.51.8:80/ [运行时间：0.030659s][吞吐率：32.62req/s] [内存消耗：2,332.10kb] [文件加载：53]
[ info ] [ LANG ] /var/www/book/thinkphp/lang/zh-cn.php
[ info ] [ ROUTE ] array (
  'type' => 'module',
  'module' => 
  array (
    0 => '',
    1 => NULL,
    2 => NULL,
  ),
)
[ info ] [ HEADER ] array (
  'accept-encoding' => 'identity',
  'connection' => 'Close',
  'host' => '39.104.51.8:80',
  'content-type' => '',
  'content-length' => '',
)
[ info ] [ PARAM ] array (
)
[ info ] [ DB ] INIT mysql
[ info ] [ RUN ] app\book\controller\IndexController->index[ /var/www/book/app/book/controller/IndexController.php ]
[ info ] [ VIEW ] /var/www/book/public/../app/book/view/index/index.html [ array (
  0 => 'jinhua',
  1 => 'allsee',
  2 => 'allhot',
  3 => 'oldhot',
  4 => 'data',
  5 => 'old',
  6 => 'jinghua',
) ]
[ info ] [ SESSION ] INIT array (
  'id' => '',
  'var_session_id' => '',
  'prefix' => 'think',
  'type' => '',
  'auto_start' => true,
)
[ info ] [ LOG ] INIT File
[ sql ] [ DB ] CONNECT:[ UseTime:0.000487s ] mysql:host=127.0.0.1;dbname=book;charset=utf8
[ sql ] [ SQL ] SHOW COLUMNS FROM `b_list` [ RunTime:0.000820s ]
[ sql ] [ SQL ] SELECT * FROM `b_list` WHERE  `type_id` = 2 ORDER BY `comment`  desc LIMIT 1 [ RunTime:0.000404s ]
[ sql ] [ SQL ] SELECT * FROM `b_list` WHERE  `type_id` = 2 ORDER BY zan desc  LIMIT 8 [ RunTime:0.000280s ]
[ sql ] [ SQL ] SELECT * FROM `b_list` WHERE  `type_id` = 2 ORDER BY comment desc  LIMIT 8 [ RunTime:0.000288s ]
[ sql ] [ SQL ] SELECT * FROM `b_list` WHERE  `type_id` = 2 ORDER BY comment desc  LIMIT 8 [ RunTime:0.000275s ]
[ sql ] [ SQL ] SELECT COUNT(*) AS tp_count FROM `b_list` `l` INNER JOIN `b_user` `u` ON `l`.`uid`=`u`.`id` WHERE  `status` = 1 LIMIT 1 [ RunTime:0.000318s ]
[ sql ] [ SQL ] SELECT `l`.*,`u`.*,l.id as detail_id FROM `b_list` `l` INNER JOIN `b_user` `u` ON `l`.`uid`=`u`.`id` WHERE  `status` = 1 ORDER BY `comment`  desc LIMIT 0,5 [ RunTime:0.000394s ]
---------------------------------------------------------------
[ 2018-04-01T08:45:24+08:00 ] 172.18.79.84 193.138.154.182 GET /
[ info ] 39.108.115.229:80/ [运行时间：0.031241s][吞吐率：32.01req/s] [内存消耗：2,332.20kb] [文件加载：53]
[ info ] [ LANG ] /var/www/book/thinkphp/lang/zh-cn.php
[ info ] [ ROUTE ] array (
  'type' => 'module',
  'module' => 
  array (
    0 => '',
    1 => NULL,
    2 => NULL,
  ),
)
[ info ] [ HEADER ] array (
  'content-length' => '0',
  'user-agent' => 'Mozilla/5.0 (Windows NT 6.1; WOW64) AppleWebKit/537.36 (KHTML, like Gecko) Chrome/51.0.2704.103 Safari/537.36',
  'host' => '39.108.115.229:80',
  'content-type' => '',
)
[ info ] [ PARAM ] array (
)
[ info ] [ DB ] INIT mysql
[ info ] [ RUN ] app\book\controller\IndexController->index[ /var/www/book/app/book/controller/IndexController.php ]
[ info ] [ VIEW ] /var/www/book/public/../app/book/view/index/index.html [ array (
  0 => 'jinhua',
  1 => 'allsee',
  2 => 'allhot',
  3 => 'oldhot',
  4 => 'data',
  5 => 'old',
  6 => 'jinghua',
) ]
[ info ] [ SESSION ] INIT array (
  'id' => '',
  'var_session_id' => '',
  'prefix' => 'think',
  'type' => '',
  'auto_start' => true,
)
[ info ] [ LOG ] INIT File
[ sql ] [ DB ] CONNECT:[ UseTime:0.000553s ] mysql:host=127.0.0.1;dbname=book;charset=utf8
[ sql ] [ SQL ] SHOW COLUMNS FROM `b_list` [ RunTime:0.000837s ]
[ sql ] [ SQL ] SELECT * FROM `b_list` WHERE  `type_id` = 2 ORDER BY `comment`  desc LIMIT 1 [ RunTime:0.000413s ]
[ sql ] [ SQL ] SELECT * FROM `b_list` WHERE  `type_id` = 2 ORDER BY zan desc  LIMIT 8 [ RunTime:0.000305s ]
[ sql ] [ SQL ] SELECT * FROM `b_list` WHERE  `type_id` = 2 ORDER BY comment desc  LIMIT 8 [ RunTime:0.000291s ]
[ sql ] [ SQL ] SELECT * FROM `b_list` WHERE  `type_id` = 2 ORDER BY comment desc  LIMIT 8 [ RunTime:0.000277s ]
[ sql ] [ SQL ] SELECT COUNT(*) AS tp_count FROM `b_list` `l` INNER JOIN `b_user` `u` ON `l`.`uid`=`u`.`id` WHERE  `status` = 1 LIMIT 1 [ RunTime:0.000352s ]
[ sql ] [ SQL ] SELECT `l`.*,`u`.*,l.id as detail_id FROM `b_list` `l` INNER JOIN `b_user` `u` ON `l`.`uid`=`u`.`id` WHERE  `status` = 1 ORDER BY `comment`  desc LIMIT 0,5 [ RunTime:0.000412s ]
---------------------------------------------------------------
[ 2018-04-01T09:14:30+08:00 ] 172.18.79.84 179.228.223.2 GET /
[ info ] 39.108.115.229:80/ [运行时间：0.028959s][吞吐率：34.53req/s] [内存消耗：2,332.20kb] [文件加载：53]
[ info ] [ LANG ] /var/www/book/thinkphp/lang/zh-cn.php
[ info ] [ ROUTE ] array (
  'type' => 'module',
  'module' => 
  array (
    0 => '',
    1 => NULL,
    2 => NULL,
  ),
)
[ info ] [ HEADER ] array (
  'content-length' => '0',
  'user-agent' => 'Mozilla/5.0 (Windows NT 10.0; WOW64) AppleWebKit/537.36 (KHTML, like Gecko) Chrome/52.0.2743.116 Safari/537.36',
  'host' => '39.108.115.229:80',
  'content-type' => '',
)
[ info ] [ PARAM ] array (
)
[ info ] [ DB ] INIT mysql
[ info ] [ RUN ] app\book\controller\IndexController->index[ /var/www/book/app/book/controller/IndexController.php ]
[ info ] [ VIEW ] /var/www/book/public/../app/book/view/index/index.html [ array (
  0 => 'jinhua',
  1 => 'allsee',
  2 => 'allhot',
  3 => 'oldhot',
  4 => 'data',
  5 => 'old',
  6 => 'jinghua',
) ]
[ info ] [ SESSION ] INIT array (
  'id' => '',
  'var_session_id' => '',
  'prefix' => 'think',
  'type' => '',
  'auto_start' => true,
)
[ info ] [ LOG ] INIT File
[ sql ] [ DB ] CONNECT:[ UseTime:0.000441s ] mysql:host=127.0.0.1;dbname=book;charset=utf8
[ sql ] [ SQL ] SHOW COLUMNS FROM `b_list` [ RunTime:0.000816s ]
[ sql ] [ SQL ] SELECT * FROM `b_list` WHERE  `type_id` = 2 ORDER BY `comment`  desc LIMIT 1 [ RunTime:0.000390s ]
[ sql ] [ SQL ] SELECT * FROM `b_list` WHERE  `type_id` = 2 ORDER BY zan desc  LIMIT 8 [ RunTime:0.000277s ]
[ sql ] [ SQL ] SELECT * FROM `b_list` WHERE  `type_id` = 2 ORDER BY comment desc  LIMIT 8 [ RunTime:0.000273s ]
[ sql ] [ SQL ] SELECT * FROM `b_list` WHERE  `type_id` = 2 ORDER BY comment desc  LIMIT 8 [ RunTime:0.000275s ]
[ sql ] [ SQL ] SELECT COUNT(*) AS tp_count FROM `b_list` `l` INNER JOIN `b_user` `u` ON `l`.`uid`=`u`.`id` WHERE  `status` = 1 LIMIT 1 [ RunTime:0.000311s ]
[ sql ] [ SQL ] SELECT `l`.*,`u`.*,l.id as detail_id FROM `b_list` `l` INNER JOIN `b_user` `u` ON `l`.`uid`=`u`.`id` WHERE  `status` = 1 ORDER BY `comment`  desc LIMIT 0,5 [ RunTime:0.000408s ]
---------------------------------------------------------------
[ 2018-04-01T09:19:06+08:00 ] 172.18.79.84 5.8.118.111 GET /
[ info ] 39.108.115.229:80/ [运行时间：0.030663s][吞吐率：32.61req/s] [内存消耗：2,332.20kb] [文件加载：53]
[ info ] [ LANG ] /var/www/book/thinkphp/lang/zh-cn.php
[ info ] [ ROUTE ] array (
  'type' => 'module',
  'module' => 
  array (
    0 => '',
    1 => NULL,
    2 => NULL,
  ),
)
[ info ] [ HEADER ] array (
  'content-length' => '0',
  'user-agent' => 'Mozilla/5.0 (Windows NT 6.1; WOW64) AppleWebKit/537.36 (KHTML, like Gecko) Chrome/51.0.2704.103 Safari/537.36',
  'host' => '39.108.115.229:80',
  'content-type' => '',
)
[ info ] [ PARAM ] array (
)
[ info ] [ DB ] INIT mysql
[ info ] [ RUN ] app\book\controller\IndexController->index[ /var/www/book/app/book/controller/IndexController.php ]
[ info ] [ VIEW ] /var/www/book/public/../app/book/view/index/index.html [ array (
  0 => 'jinhua',
  1 => 'allsee',
  2 => 'allhot',
  3 => 'oldhot',
  4 => 'data',
  5 => 'old',
  6 => 'jinghua',
) ]
[ info ] [ SESSION ] INIT array (
  'id' => '',
  'var_session_id' => '',
  'prefix' => 'think',
  'type' => '',
  'auto_start' => true,
)
[ info ] [ LOG ] INIT File
[ sql ] [ DB ] CONNECT:[ UseTime:0.000452s ] mysql:host=127.0.0.1;dbname=book;charset=utf8
[ sql ] [ SQL ] SHOW COLUMNS FROM `b_list` [ RunTime:0.000800s ]
[ sql ] [ SQL ] SELECT * FROM `b_list` WHERE  `type_id` = 2 ORDER BY `comment`  desc LIMIT 1 [ RunTime:0.000404s ]
[ sql ] [ SQL ] SELECT * FROM `b_list` WHERE  `type_id` = 2 ORDER BY zan desc  LIMIT 8 [ RunTime:0.000282s ]
[ sql ] [ SQL ] SELECT * FROM `b_list` WHERE  `type_id` = 2 ORDER BY comment desc  LIMIT 8 [ RunTime:0.000317s ]
[ sql ] [ SQL ] SELECT * FROM `b_list` WHERE  `type_id` = 2 ORDER BY comment desc  LIMIT 8 [ RunTime:0.000268s ]
[ sql ] [ SQL ] SELECT COUNT(*) AS tp_count FROM `b_list` `l` INNER JOIN `b_user` `u` ON `l`.`uid`=`u`.`id` WHERE  `status` = 1 LIMIT 1 [ RunTime:0.000383s ]
[ sql ] [ SQL ] SELECT `l`.*,`u`.*,l.id as detail_id FROM `b_list` `l` INNER JOIN `b_user` `u` ON `l`.`uid`=`u`.`id` WHERE  `status` = 1 ORDER BY `comment`  desc LIMIT 0,5 [ RunTime:0.000382s ]
---------------------------------------------------------------
[ 2018-04-01T10:53:10+08:00 ] 172.18.79.84 167.99.38.77 GET /w00tw00t.at.blackhats.romanian.anti-sec:)
[ info ] 39.108.115.229/w00tw00t.at.blackhats.romanian.anti-sec:) [运行时间：0.013529s][吞吐率：73.92req/s] [内存消耗：1,142.01kb] [文件加载：33]
[ info ] [ LANG ] /var/www/book/thinkphp/lang/zh-cn.php
[ info ] [ ROUTE ] array (
  'type' => 'module',
  'module' => 
  array (
    0 => 'w00tw00t.at.blackhats.romanian.anti-sec:)',
    1 => NULL,
    2 => NULL,
  ),
)
[ info ] [ HEADER ] array (
  'connection' => 'Close',
  'host' => '39.108.115.229',
  'user-agent' => 'ZmEu',
  'accept-encoding' => 'gzip, deflate',
  'accept-language' => 'en-us',
  'accept' => '*/*',
  'content-type' => '',
  'content-length' => '',
)
[ info ] [ PARAM ] array (
)
[ info ] [ LOG ] INIT File
---------------------------------------------------------------
[ 2018-04-01T12:21:22+08:00 ] 172.18.79.84 80.82.78.50 GET /cache/global/img/gs.gif
[ info ] www.baidu.com/cache/global/img/gs.gif [运行时间：0.014084s][吞吐率：71.00req/s] [内存消耗：1,141.56kb] [文件加载：33]
[ info ] [ LANG ] /var/www/book/thinkphp/lang/zh-cn.php
[ info ] [ ROUTE ] array (
  'type' => 'module',
  'module' => 
  array (
    0 => 'cache',
    1 => 'global',
    2 => 'img',
  ),
)
[ info ] [ HEADER ] array (
  'if-modified-since' => 'Thu, 19 Apr 2012 09:51:20 GMT',
  'user-agent' => 'Mozilla',
  'host' => 'www.baidu.com',
  'content-type' => '',
  'content-length' => '',
)
[ info ] [ PARAM ] array (
)
[ info ] [ LOG ] INIT File
---------------------------------------------------------------
[ 2018-04-01T16:04:23+08:00 ] 172.18.79.84 139.59.112.231 GET /resources/images/new_home_img/part5.png
[ info ] if222.com/resources/images/new_home_img/part5.png [运行时间：0.012927s][吞吐率：77.36req/s] [内存消耗：1,141.59kb] [文件加载：33]
[ info ] [ LANG ] /var/www/book/thinkphp/lang/zh-cn.php
[ info ] [ ROUTE ] array (
  'type' => 'module',
  'module' => 
  array (
    0 => 'resources',
    1 => 'images',
    2 => 'new_home_img',
  ),
)
[ info ] [ HEADER ] array (
  'user-agent' => 'Mozilla/5.0 (Macintosh; Intel Mac OS X 10.13; rv:58.0) Gecko/20100101 Firefox/58.0',
  'host' => 'if222.com',
  'content-type' => '',
  'content-length' => '',
)
[ info ] [ PARAM ] array (
)
[ info ] [ LOG ] INIT File
---------------------------------------------------------------
[ 2018-04-01T20:45:25+08:00 ] 172.18.79.84 119.23.73.22 GET /phpMYAdmin/
[ info ] 39.108.115.229/phpMYAdmin/ [运行时间：0.013410s][吞吐率：74.57req/s] [内存消耗：1,141.99kb] [文件加载：33]
[ info ] [ LANG ] /var/www/book/thinkphp/lang/zh-cn.php
[ info ] [ ROUTE ] array (
  'type' => 'module',
  'module' => 
  array (
    0 => 'phpMYAdmin',
    1 => NULL,
    2 => NULL,
  ),
)
[ info ] [ HEADER ] array (
  'host' => '39.108.115.229',
  'user-agent' => 'Mozilla/4.0 (compatible; MSIE 9.0; Windows NT 6.1)',
  'referer' => 'http://39.108.115.229/phpMYAdmin/',
  'accept-language' => 'zh-cn',
  'accept' => '*/*',
  'content-type' => 'application/x-www-form-urlencoded',
  'connection' => 'Keep-Alive',
  'content-length' => '',
)
[ info ] [ PARAM ] array (
)
[ info ] [ LOG ] INIT File
