---------------------------------------------------------------
[ 2018-04-04T00:14:06+08:00 ] 172.18.79.84 109.80.100.135 GET /
[ info ] 39.108.115.229:80/ [运行时间：0.031934s][吞吐率：31.31req/s] [内存消耗：2,332.20kb] [文件加载：53]
[ info ] [ LANG ] /var/www/book/thinkphp/lang/zh-cn.php
[ info ] [ ROUTE ] array (
  'type' => 'module',
  'module' => 
  array (
    0 => '',
    1 => NULL,
    2 => NULL,
  ),
)
[ info ] [ HEADER ] array (
  'content-length' => '0',
  'user-agent' => 'Mozilla/5.0 (Windows NT 10.0; WOW64) AppleWebKit/537.36 (KHTML, like Gecko) Chrome/51.0.2704.103 Safari/537.36',
  'host' => '39.108.115.229:80',
  'content-type' => '',
)
[ info ] [ PARAM ] array (
)
[ info ] [ DB ] INIT mysql
[ info ] [ RUN ] app\book\controller\IndexController->index[ /var/www/book/app/book/controller/IndexController.php ]
[ info ] [ VIEW ] /var/www/book/public/../app/book/view/index/index.html [ array (
  0 => 'jinhua',
  1 => 'allsee',
  2 => 'allhot',
  3 => 'oldhot',
  4 => 'data',
  5 => 'old',
  6 => 'jinghua',
) ]
[ info ] [ SESSION ] INIT array (
  'id' => '',
  'var_session_id' => '',
  'prefix' => 'think',
  'type' => '',
  'auto_start' => true,
)
[ info ] [ LOG ] INIT File
[ sql ] [ DB ] CONNECT:[ UseTime:0.000524s ] mysql:host=127.0.0.1;dbname=book;charset=utf8
[ sql ] [ SQL ] SHOW COLUMNS FROM `b_list` [ RunTime:0.000816s ]
[ sql ] [ SQL ] SELECT * FROM `b_list` WHERE  `type_id` = 2 ORDER BY `comment`  desc LIMIT 1 [ RunTime:0.000386s ]
[ sql ] [ SQL ] SELECT * FROM `b_list` WHERE  `type_id` = 2 ORDER BY zan desc  LIMIT 8 [ RunTime:0.000278s ]
[ sql ] [ SQL ] SELECT * FROM `b_list` WHERE  `type_id` = 2 ORDER BY comment desc  LIMIT 8 [ RunTime:0.000272s ]
[ sql ] [ SQL ] SELECT * FROM `b_list` WHERE  `type_id` = 2 ORDER BY comment desc  LIMIT 8 [ RunTime:0.000280s ]
[ sql ] [ SQL ] SELECT COUNT(*) AS tp_count FROM `b_list` `l` INNER JOIN `b_user` `u` ON `l`.`uid`=`u`.`id` WHERE  `status` = 1 LIMIT 1 [ RunTime:0.000317s ]
[ sql ] [ SQL ] SELECT `l`.*,`u`.*,l.id as detail_id FROM `b_list` `l` INNER JOIN `b_user` `u` ON `l`.`uid`=`u`.`id` WHERE  `status` = 1 ORDER BY `comment`  desc LIMIT 0,5 [ RunTime:0.000414s ]
---------------------------------------------------------------
[ 2018-04-04T00:22:07+08:00 ] 172.18.79.84 114.215.45.79 GET /
[ info ] 39.106.16.174:80/ [运行时间：0.031450s][吞吐率：31.80req/s] [内存消耗：2,332.11kb] [文件加载：53]
[ info ] [ LANG ] /var/www/book/thinkphp/lang/zh-cn.php
[ info ] [ ROUTE ] array (
  'type' => 'module',
  'module' => 
  array (
    0 => '',
    1 => NULL,
    2 => NULL,
  ),
)
[ info ] [ HEADER ] array (
  'accept-encoding' => 'identity',
  'connection' => 'Close',
  'host' => '39.106.16.174:80',
  'content-type' => '',
  'content-length' => '',
)
[ info ] [ PARAM ] array (
)
[ info ] [ DB ] INIT mysql
[ info ] [ RUN ] app\book\controller\IndexController->index[ /var/www/book/app/book/controller/IndexController.php ]
[ info ] [ VIEW ] /var/www/book/public/../app/book/view/index/index.html [ array (
  0 => 'jinhua',
  1 => 'allsee',
  2 => 'allhot',
  3 => 'oldhot',
  4 => 'data',
  5 => 'old',
  6 => 'jinghua',
) ]
[ info ] [ SESSION ] INIT array (
  'id' => '',
  'var_session_id' => '',
  'prefix' => 'think',
  'type' => '',
  'auto_start' => true,
)
[ info ] [ LOG ] INIT File
[ sql ] [ DB ] CONNECT:[ UseTime:0.000485s ] mysql:host=127.0.0.1;dbname=book;charset=utf8
[ sql ] [ SQL ] SHOW COLUMNS FROM `b_list` [ RunTime:0.000840s ]
[ sql ] [ SQL ] SELECT * FROM `b_list` WHERE  `type_id` = 2 ORDER BY `comment`  desc LIMIT 1 [ RunTime:0.000370s ]
[ sql ] [ SQL ] SELECT * FROM `b_list` WHERE  `type_id` = 2 ORDER BY zan desc  LIMIT 8 [ RunTime:0.000334s ]
[ sql ] [ SQL ] SELECT * FROM `b_list` WHERE  `type_id` = 2 ORDER BY comment desc  LIMIT 8 [ RunTime:0.000292s ]
[ sql ] [ SQL ] SELECT * FROM `b_list` WHERE  `type_id` = 2 ORDER BY comment desc  LIMIT 8 [ RunTime:0.000300s ]
[ sql ] [ SQL ] SELECT COUNT(*) AS tp_count FROM `b_list` `l` INNER JOIN `b_user` `u` ON `l`.`uid`=`u`.`id` WHERE  `status` = 1 LIMIT 1 [ RunTime:0.000334s ]
[ sql ] [ SQL ] SELECT `l`.*,`u`.*,l.id as detail_id FROM `b_list` `l` INNER JOIN `b_user` `u` ON `l`.`uid`=`u`.`id` WHERE  `status` = 1 ORDER BY `comment`  desc LIMIT 0,5 [ RunTime:0.000407s ]
---------------------------------------------------------------
[ 2018-04-04T01:40:28+08:00 ] 172.18.79.84 183.131.83.112 GET /manager/html
[ info ] 39.108.115.229/manager/html [运行时间：0.012989s][吞吐率：76.99req/s] [内存消耗：1,141.88kb] [文件加载：33]
[ info ] [ LANG ] /var/www/book/thinkphp/lang/zh-cn.php
[ info ] [ ROUTE ] array (
  'type' => 'module',
  'module' => 
  array (
    0 => 'manager',
    1 => 'html',
    2 => NULL,
  ),
)
[ info ] [ HEADER ] array (
  'authorization' => 'Basic Og==',
  'user-agent' => 'Mozilla/3.0 (compatible; Indy Library)',
  'accept' => 'text/html, */*',
  'host' => '39.108.115.229',
  'content-type' => 'text/html',
  'content-length' => '',
)
[ info ] [ PARAM ] array (
)
[ info ] [ LOG ] INIT File
---------------------------------------------------------------
[ 2018-04-04T02:14:28+08:00 ] 172.18.79.84 123.56.233.103 GET /
[ info ] 36.224.220.202:80/ [运行时间：0.028999s][吞吐率：34.48req/s] [内存消耗：2,332.11kb] [文件加载：53]
[ info ] [ LANG ] /var/www/book/thinkphp/lang/zh-cn.php
[ info ] [ ROUTE ] array (
  'type' => 'module',
  'module' => 
  array (
    0 => '',
    1 => NULL,
    2 => NULL,
  ),
)
[ info ] [ HEADER ] array (
  'accept-encoding' => 'identity',
  'connection' => 'Close',
  'host' => '36.224.220.202:80',
  'content-type' => '',
  'content-length' => '',
)
[ info ] [ PARAM ] array (
)
[ info ] [ DB ] INIT mysql
[ info ] [ RUN ] app\book\controller\IndexController->index[ /var/www/book/app/book/controller/IndexController.php ]
[ info ] [ VIEW ] /var/www/book/public/../app/book/view/index/index.html [ array (
  0 => 'jinhua',
  1 => 'allsee',
  2 => 'allhot',
  3 => 'oldhot',
  4 => 'data',
  5 => 'old',
  6 => 'jinghua',
) ]
[ info ] [ SESSION ] INIT array (
  'id' => '',
  'var_session_id' => '',
  'prefix' => 'think',
  'type' => '',
  'auto_start' => true,
)
[ info ] [ LOG ] INIT File
[ sql ] [ DB ] CONNECT:[ UseTime:0.000434s ] mysql:host=127.0.0.1;dbname=book;charset=utf8
[ sql ] [ SQL ] SHOW COLUMNS FROM `b_list` [ RunTime:0.000790s ]
[ sql ] [ SQL ] SELECT * FROM `b_list` WHERE  `type_id` = 2 ORDER BY `comment`  desc LIMIT 1 [ RunTime:0.000358s ]
[ sql ] [ SQL ] SELECT * FROM `b_list` WHERE  `type_id` = 2 ORDER BY zan desc  LIMIT 8 [ RunTime:0.000278s ]
[ sql ] [ SQL ] SELECT * FROM `b_list` WHERE  `type_id` = 2 ORDER BY comment desc  LIMIT 8 [ RunTime:0.000274s ]
[ sql ] [ SQL ] SELECT * FROM `b_list` WHERE  `type_id` = 2 ORDER BY comment desc  LIMIT 8 [ RunTime:0.000267s ]
[ sql ] [ SQL ] SELECT COUNT(*) AS tp_count FROM `b_list` `l` INNER JOIN `b_user` `u` ON `l`.`uid`=`u`.`id` WHERE  `status` = 1 LIMIT 1 [ RunTime:0.000338s ]
[ sql ] [ SQL ] SELECT `l`.*,`u`.*,l.id as detail_id FROM `b_list` `l` INNER JOIN `b_user` `u` ON `l`.`uid`=`u`.`id` WHERE  `status` = 1 ORDER BY `comment`  desc LIMIT 0,5 [ RunTime:0.000374s ]
---------------------------------------------------------------
[ 2018-04-04T02:27:22+08:00 ] 172.18.79.84 179.220.237.144 GET /hndUnblock.cgi
[ info ] 39.108.115.229/hndUnblock.cgi [运行时间：0.013094s][吞吐率：76.37req/s] [内存消耗：1,141.28kb] [文件加载：33]
[ info ] [ LANG ] /var/www/book/thinkphp/lang/zh-cn.php
[ info ] [ ROUTE ] array (
  'type' => 'module',
  'module' => 
  array (
    0 => 'hndUnblock.cgi',
    1 => NULL,
    2 => NULL,
  ),
)
[ info ] [ HEADER ] array (
  'user-agent' => 'Wget(linux)',
  'host' => '39.108.115.229',
  'accept' => '*/*',
  'content-type' => '',
  'content-length' => '',
)
[ info ] [ PARAM ] array (
)
[ info ] [ LOG ] INIT File
---------------------------------------------------------------
[ 2018-04-04T02:27:26+08:00 ] 172.18.79.84 179.220.237.144 GET /tmUnblock.cgi
[ info ] 39.108.115.229/tmUnblock.cgi [运行时间：0.014359s][吞吐率：69.64req/s] [内存消耗：1,141.28kb] [文件加载：33]
[ info ] [ LANG ] /var/www/book/thinkphp/lang/zh-cn.php
[ info ] [ ROUTE ] array (
  'type' => 'module',
  'module' => 
  array (
    0 => 'tmUnblock.cgi',
    1 => NULL,
    2 => NULL,
  ),
)
[ info ] [ HEADER ] array (
  'user-agent' => 'Wget(linux)',
  'host' => '39.108.115.229',
  'accept' => '*/*',
  'content-type' => '',
  'content-length' => '',
)
[ info ] [ PARAM ] array (
)
[ info ] [ LOG ] INIT File
---------------------------------------------------------------
[ 2018-04-04T02:27:31+08:00 ] 172.18.79.84 179.220.237.144 GET /moo
[ info ] 39.108.115.229/moo [运行时间：0.013092s][吞吐率：76.38req/s] [内存消耗：1,141.27kb] [文件加载：33]
[ info ] [ LANG ] /var/www/book/thinkphp/lang/zh-cn.php
[ info ] [ ROUTE ] array (
  'type' => 'module',
  'module' => 
  array (
    0 => 'moo',
    1 => NULL,
    2 => NULL,
  ),
)
[ info ] [ HEADER ] array (
  'user-agent' => 'Wget(linux)',
  'host' => '39.108.115.229',
  'accept' => '*/*',
  'content-type' => '',
  'content-length' => '',
)
[ info ] [ PARAM ] array (
)
[ info ] [ LOG ] INIT File
---------------------------------------------------------------
[ 2018-04-04T02:27:35+08:00 ] 172.18.79.84 179.220.237.144 GET /
[ info ] 39.108.115.229/ [运行时间：0.029727s][吞吐率：33.64req/s] [内存消耗：2,332.09kb] [文件加载：53]
[ info ] [ LANG ] /var/www/book/thinkphp/lang/zh-cn.php
[ info ] [ ROUTE ] array (
  'type' => 'module',
  'module' => 
  array (
    0 => '',
    1 => NULL,
    2 => NULL,
  ),
)
[ info ] [ HEADER ] array (
  'user-agent' => 'Wget(linux)',
  'host' => '39.108.115.229',
  'accept' => '*/*',
  'content-type' => '',
  'content-length' => '',
)
[ info ] [ PARAM ] array (
)
[ info ] [ DB ] INIT mysql
[ info ] [ RUN ] app\book\controller\IndexController->index[ /var/www/book/app/book/controller/IndexController.php ]
[ info ] [ VIEW ] /var/www/book/public/../app/book/view/index/index.html [ array (
  0 => 'jinhua',
  1 => 'allsee',
  2 => 'allhot',
  3 => 'oldhot',
  4 => 'data',
  5 => 'old',
  6 => 'jinghua',
) ]
[ info ] [ SESSION ] INIT array (
  'id' => '',
  'var_session_id' => '',
  'prefix' => 'think',
  'type' => '',
  'auto_start' => true,
)
[ info ] [ LOG ] INIT File
[ sql ] [ DB ] CONNECT:[ UseTime:0.000448s ] mysql:host=127.0.0.1;dbname=book;charset=utf8
[ sql ] [ SQL ] SHOW COLUMNS FROM `b_list` [ RunTime:0.000901s ]
[ sql ] [ SQL ] SELECT * FROM `b_list` WHERE  `type_id` = 2 ORDER BY `comment`  desc LIMIT 1 [ RunTime:0.000374s ]
[ sql ] [ SQL ] SELECT * FROM `b_list` WHERE  `type_id` = 2 ORDER BY zan desc  LIMIT 8 [ RunTime:0.000324s ]
[ sql ] [ SQL ] SELECT * FROM `b_list` WHERE  `type_id` = 2 ORDER BY comment desc  LIMIT 8 [ RunTime:0.000288s ]
[ sql ] [ SQL ] SELECT * FROM `b_list` WHERE  `type_id` = 2 ORDER BY comment desc  LIMIT 8 [ RunTime:0.000312s ]
[ sql ] [ SQL ] SELECT COUNT(*) AS tp_count FROM `b_list` `l` INNER JOIN `b_user` `u` ON `l`.`uid`=`u`.`id` WHERE  `status` = 1 LIMIT 1 [ RunTime:0.000329s ]
[ sql ] [ SQL ] SELECT `l`.*,`u`.*,l.id as detail_id FROM `b_list` `l` INNER JOIN `b_user` `u` ON `l`.`uid`=`u`.`id` WHERE  `status` = 1 ORDER BY `comment`  desc LIMIT 0,5 [ RunTime:0.000424s ]
---------------------------------------------------------------
[ 2018-04-04T08:06:33+08:00 ] 172.18.79.84 80.82.78.50 GET /cache/global/img/gs.gif
[ info ] www.baidu.com/cache/global/img/gs.gif [运行时间：0.012951s][吞吐率：77.21req/s] [内存消耗：1,141.56kb] [文件加载：33]
[ info ] [ LANG ] /var/www/book/thinkphp/lang/zh-cn.php
[ info ] [ ROUTE ] array (
  'type' => 'module',
  'module' => 
  array (
    0 => 'cache',
    1 => 'global',
    2 => 'img',
  ),
)
[ info ] [ HEADER ] array (
  'if-modified-since' => 'Thu, 19 Apr 2012 09:51:20 GMT',
  'user-agent' => 'Mozilla',
  'host' => 'www.baidu.com',
  'content-type' => '',
  'content-length' => '',
)
[ info ] [ PARAM ] array (
)
[ info ] [ LOG ] INIT File
---------------------------------------------------------------
[ 2018-04-04T08:24:11+08:00 ] 172.18.79.84 114.215.45.79 GET /
[ info ] 39.104.30.35:80/ [运行时间：0.028895s][吞吐率：34.61req/s] [内存消耗：2,332.11kb] [文件加载：53]
[ info ] [ LANG ] /var/www/book/thinkphp/lang/zh-cn.php
[ info ] [ ROUTE ] array (
  'type' => 'module',
  'module' => 
  array (
    0 => '',
    1 => NULL,
    2 => NULL,
  ),
)
[ info ] [ HEADER ] array (
  'accept-encoding' => 'identity',
  'connection' => 'Close',
  'host' => '39.104.30.35:80',
  'content-type' => '',
  'content-length' => '',
)
[ info ] [ PARAM ] array (
)
[ info ] [ DB ] INIT mysql
[ info ] [ RUN ] app\book\controller\IndexController->index[ /var/www/book/app/book/controller/IndexController.php ]
[ info ] [ VIEW ] /var/www/book/public/../app/book/view/index/index.html [ array (
  0 => 'jinhua',
  1 => 'allsee',
  2 => 'allhot',
  3 => 'oldhot',
  4 => 'data',
  5 => 'old',
  6 => 'jinghua',
) ]
[ info ] [ SESSION ] INIT array (
  'id' => '',
  'var_session_id' => '',
  'prefix' => 'think',
  'type' => '',
  'auto_start' => true,
)
[ info ] [ LOG ] INIT File
[ sql ] [ DB ] CONNECT:[ UseTime:0.000400s ] mysql:host=127.0.0.1;dbname=book;charset=utf8
[ sql ] [ SQL ] SHOW COLUMNS FROM `b_list` [ RunTime:0.000778s ]
[ sql ] [ SQL ] SELECT * FROM `b_list` WHERE  `type_id` = 2 ORDER BY `comment`  desc LIMIT 1 [ RunTime:0.000364s ]
[ sql ] [ SQL ] SELECT * FROM `b_list` WHERE  `type_id` = 2 ORDER BY zan desc  LIMIT 8 [ RunTime:0.000280s ]
[ sql ] [ SQL ] SELECT * FROM `b_list` WHERE  `type_id` = 2 ORDER BY comment desc  LIMIT 8 [ RunTime:0.000278s ]
[ sql ] [ SQL ] SELECT * FROM `b_list` WHERE  `type_id` = 2 ORDER BY comment desc  LIMIT 8 [ RunTime:0.000269s ]
[ sql ] [ SQL ] SELECT COUNT(*) AS tp_count FROM `b_list` `l` INNER JOIN `b_user` `u` ON `l`.`uid`=`u`.`id` WHERE  `status` = 1 LIMIT 1 [ RunTime:0.000344s ]
[ sql ] [ SQL ] SELECT `l`.*,`u`.*,l.id as detail_id FROM `b_list` `l` INNER JOIN `b_user` `u` ON `l`.`uid`=`u`.`id` WHERE  `status` = 1 ORDER BY `comment`  desc LIMIT 0,5 [ RunTime:0.000404s ]
---------------------------------------------------------------
[ 2018-04-04T16:03:54+08:00 ] 172.18.79.84 42.51.16.124 GET /phpMYAdmin/
[ info ] 39.108.115.229/phpMYAdmin/ [运行时间：0.013402s][吞吐率：74.62req/s] [内存消耗：1,141.99kb] [文件加载：33]
[ info ] [ LANG ] /var/www/book/thinkphp/lang/zh-cn.php
[ info ] [ ROUTE ] array (
  'type' => 'module',
  'module' => 
  array (
    0 => 'phpMYAdmin',
    1 => NULL,
    2 => NULL,
  ),
)
[ info ] [ HEADER ] array (
  'host' => '39.108.115.229',
  'user-agent' => 'Mozilla/4.0 (compatible; MSIE 9.0; Windows NT 6.1)',
  'referer' => 'http://39.108.115.229/phpMYAdmin/',
  'accept-language' => 'zh-cn',
  'accept' => '*/*',
  'content-type' => 'application/x-www-form-urlencoded',
  'connection' => 'Keep-Alive',
  'content-length' => '',
)
[ info ] [ PARAM ] array (
)
[ info ] [ LOG ] INIT File
---------------------------------------------------------------
[ 2018-04-04T16:33:07+08:00 ] 172.18.79.84 59.110.6.177 GET /
[ info ] 39.104.9.206:80/ [运行时间：0.031420s][吞吐率：31.83req/s] [内存消耗：2,332.11kb] [文件加载：53]
[ info ] [ LANG ] /var/www/book/thinkphp/lang/zh-cn.php
[ info ] [ ROUTE ] array (
  'type' => 'module',
  'module' => 
  array (
    0 => '',
    1 => NULL,
    2 => NULL,
  ),
)
[ info ] [ HEADER ] array (
  'accept-encoding' => 'identity',
  'connection' => 'Close',
  'host' => '39.104.9.206:80',
  'content-type' => '',
  'content-length' => '',
)
[ info ] [ PARAM ] array (
)
[ info ] [ DB ] INIT mysql
[ info ] [ RUN ] app\book\controller\IndexController->index[ /var/www/book/app/book/controller/IndexController.php ]
[ info ] [ VIEW ] /var/www/book/public/../app/book/view/index/index.html [ array (
  0 => 'jinhua',
  1 => 'allsee',
  2 => 'allhot',
  3 => 'oldhot',
  4 => 'data',
  5 => 'old',
  6 => 'jinghua',
) ]
[ info ] [ SESSION ] INIT array (
  'id' => '',
  'var_session_id' => '',
  'prefix' => 'think',
  'type' => '',
  'auto_start' => true,
)
[ info ] [ LOG ] INIT File
[ sql ] [ DB ] CONNECT:[ UseTime:0.000449s ] mysql:host=127.0.0.1;dbname=book;charset=utf8
[ sql ] [ SQL ] SHOW COLUMNS FROM `b_list` [ RunTime:0.000786s ]
[ sql ] [ SQL ] SELECT * FROM `b_list` WHERE  `type_id` = 2 ORDER BY `comment`  desc LIMIT 1 [ RunTime:0.000378s ]
[ sql ] [ SQL ] SELECT * FROM `b_list` WHERE  `type_id` = 2 ORDER BY zan desc  LIMIT 8 [ RunTime:0.000301s ]
[ sql ] [ SQL ] SELECT * FROM `b_list` WHERE  `type_id` = 2 ORDER BY comment desc  LIMIT 8 [ RunTime:0.000306s ]
[ sql ] [ SQL ] SELECT * FROM `b_list` WHERE  `type_id` = 2 ORDER BY comment desc  LIMIT 8 [ RunTime:0.000274s ]
[ sql ] [ SQL ] SELECT COUNT(*) AS tp_count FROM `b_list` `l` INNER JOIN `b_user` `u` ON `l`.`uid`=`u`.`id` WHERE  `status` = 1 LIMIT 1 [ RunTime:0.000352s ]
[ sql ] [ SQL ] SELECT `l`.*,`u`.*,l.id as detail_id FROM `b_list` `l` INNER JOIN `b_user` `u` ON `l`.`uid`=`u`.`id` WHERE  `status` = 1 ORDER BY `comment`  desc LIMIT 0,5 [ RunTime:0.000385s ]
---------------------------------------------------------------
[ 2018-04-04T17:50:35+08:00 ] 172.18.79.84 209.126.136.4 GET /
[ info ] 39.108.115.229/ [运行时间：0.030343s][吞吐率：32.96req/s] [内存消耗：2,332.26kb] [文件加载：53]
[ info ] [ LANG ] /var/www/book/thinkphp/lang/zh-cn.php
[ info ] [ ROUTE ] array (
  'type' => 'module',
  'module' => 
  array (
    0 => '',
    1 => NULL,
    2 => NULL,
  ),
)
[ info ] [ HEADER ] array (
  'accept-encoding' => 'gzip',
  'accept' => '*/*',
  'user-agent' => 'Mozilla/5.0 (Windows NT 10.0; Win64; x64) AppleWebKit/537.36 (KHTML, like Gecko) Chrome/57.0.2987.133 Safari/537.36',
  'host' => '39.108.115.229',
  'content-type' => '',
  'content-length' => '',
)
[ info ] [ PARAM ] array (
)
[ info ] [ DB ] INIT mysql
[ info ] [ RUN ] app\book\controller\IndexController->index[ /var/www/book/app/book/controller/IndexController.php ]
[ info ] [ VIEW ] /var/www/book/public/../app/book/view/index/index.html [ array (
  0 => 'jinhua',
  1 => 'allsee',
  2 => 'allhot',
  3 => 'oldhot',
  4 => 'data',
  5 => 'old',
  6 => 'jinghua',
) ]
[ info ] [ SESSION ] INIT array (
  'id' => '',
  'var_session_id' => '',
  'prefix' => 'think',
  'type' => '',
  'auto_start' => true,
)
[ info ] [ LOG ] INIT File
[ sql ] [ DB ] CONNECT:[ UseTime:0.000504s ] mysql:host=127.0.0.1;dbname=book;charset=utf8
[ sql ] [ SQL ] SHOW COLUMNS FROM `b_list` [ RunTime:0.000828s ]
[ sql ] [ SQL ] SELECT * FROM `b_list` WHERE  `type_id` = 2 ORDER BY `comment`  desc LIMIT 1 [ RunTime:0.000386s ]
[ sql ] [ SQL ] SELECT * FROM `b_list` WHERE  `type_id` = 2 ORDER BY zan desc  LIMIT 8 [ RunTime:0.000281s ]
[ sql ] [ SQL ] SELECT * FROM `b_list` WHERE  `type_id` = 2 ORDER BY comment desc  LIMIT 8 [ RunTime:0.000274s ]
[ sql ] [ SQL ] SELECT * FROM `b_list` WHERE  `type_id` = 2 ORDER BY comment desc  LIMIT 8 [ RunTime:0.000286s ]
[ sql ] [ SQL ] SELECT COUNT(*) AS tp_count FROM `b_list` `l` INNER JOIN `b_user` `u` ON `l`.`uid`=`u`.`id` WHERE  `status` = 1 LIMIT 1 [ RunTime:0.000318s ]
[ sql ] [ SQL ] SELECT `l`.*,`u`.*,l.id as detail_id FROM `b_list` `l` INNER JOIN `b_user` `u` ON `l`.`uid`=`u`.`id` WHERE  `status` = 1 ORDER BY `comment`  desc LIMIT 0,5 [ RunTime:0.000396s ]
---------------------------------------------------------------
[ 2018-04-04T23:07:15+08:00 ] 172.18.79.84 77.223.171.185 GET /
[ info ] 39.108.115.229/ [运行时间：0.040680s][吞吐率：24.58req/s] [内存消耗：2,332.90kb] [文件加载：53]
[ info ] [ LANG ] /var/www/book/thinkphp/lang/zh-cn.php
[ info ] [ ROUTE ] array (
  'type' => 'module',
  'module' => 
  array (
    0 => '',
    1 => NULL,
    2 => NULL,
  ),
)
[ info ] [ HEADER ] array (
  'connection' => 'Keep-Alive',
  'accept-encoding' => '',
  'user-agent' => 'Mozilla/5.0 (compatible; MSIE 9.0; Windows NT 6.1; WOW64; Trident/5.0)',
  'accept-language' => 'en-US',
  'accept' => 'text/html, application/xhtml+xml, */*',
  'host' => '39.108.115.229',
  'content-type' => '',
  'content-length' => '',
)
[ info ] [ PARAM ] array (
)
[ info ] [ DB ] INIT mysql
[ info ] [ RUN ] app\book\controller\IndexController->index[ /var/www/book/app/book/controller/IndexController.php ]
[ info ] [ VIEW ] /var/www/book/public/../app/book/view/index/index.html [ array (
  0 => 'jinhua',
  1 => 'allsee',
  2 => 'allhot',
  3 => 'oldhot',
  4 => 'data',
  5 => 'old',
  6 => 'jinghua',
) ]
[ info ] [ SESSION ] INIT array (
  'id' => '',
  'var_session_id' => '',
  'prefix' => 'think',
  'type' => '',
  'auto_start' => true,
)
[ info ] [ LOG ] INIT File
[ sql ] [ DB ] CONNECT:[ UseTime:0.008359s ] mysql:host=127.0.0.1;dbname=book;charset=utf8
[ sql ] [ SQL ] SHOW COLUMNS FROM `b_list` [ RunTime:0.000891s ]
[ sql ] [ SQL ] SELECT * FROM `b_list` WHERE  `type_id` = 2 ORDER BY `comment`  desc LIMIT 1 [ RunTime:0.000363s ]
[ sql ] [ SQL ] SELECT * FROM `b_list` WHERE  `type_id` = 2 ORDER BY zan desc  LIMIT 8 [ RunTime:0.000348s ]
[ sql ] [ SQL ] SELECT * FROM `b_list` WHERE  `type_id` = 2 ORDER BY comment desc  LIMIT 8 [ RunTime:0.000274s ]
[ sql ] [ SQL ] SELECT * FROM `b_list` WHERE  `type_id` = 2 ORDER BY comment desc  LIMIT 8 [ RunTime:0.000323s ]
[ sql ] [ SQL ] SELECT COUNT(*) AS tp_count FROM `b_list` `l` INNER JOIN `b_user` `u` ON `l`.`uid`=`u`.`id` WHERE  `status` = 1 LIMIT 1 [ RunTime:0.000316s ]
[ sql ] [ SQL ] SELECT `l`.*,`u`.*,l.id as detail_id FROM `b_list` `l` INNER JOIN `b_user` `u` ON `l`.`uid`=`u`.`id` WHERE  `status` = 1 ORDER BY `comment`  desc LIMIT 0,5 [ RunTime:0.000449s ]
---------------------------------------------------------------
[ 2018-04-04T23:51:42+08:00 ] 172.18.79.84 218.28.59.130 GET /
[ info ] 39.108.115.229/ [运行时间：0.030505s][吞吐率：32.78req/s] [内存消耗：2,332.26kb] [文件加载：53]
[ info ] [ LANG ] /var/www/book/thinkphp/lang/zh-cn.php
[ info ] [ ROUTE ] array (
  'type' => 'module',
  'module' => 
  array (
    0 => '',
    1 => NULL,
    2 => NULL,
  ),
)
[ info ] [ HEADER ] array (
  'host' => '39.108.115.229',
  'user-agent' => 'Mozilla/4.0 (compatible; Win32; WinHttp.WinHttpRequest.5)',
  'accept' => '*/*',
  'connection' => 'Keep-Alive',
  'content-type' => '',
  'content-length' => '',
)
[ info ] [ PARAM ] array (
)
[ info ] [ DB ] INIT mysql
[ info ] [ RUN ] app\book\controller\IndexController->index[ /var/www/book/app/book/controller/IndexController.php ]
[ info ] [ VIEW ] /var/www/book/public/../app/book/view/index/index.html [ array (
  0 => 'jinhua',
  1 => 'allsee',
  2 => 'allhot',
  3 => 'oldhot',
  4 => 'data',
  5 => 'old',
  6 => 'jinghua',
) ]
[ info ] [ SESSION ] INIT array (
  'id' => '',
  'var_session_id' => '',
  'prefix' => 'think',
  'type' => '',
  'auto_start' => true,
)
[ info ] [ LOG ] INIT File
[ sql ] [ DB ] CONNECT:[ UseTime:0.000506s ] mysql:host=127.0.0.1;dbname=book;charset=utf8
[ sql ] [ SQL ] SHOW COLUMNS FROM `b_list` [ RunTime:0.000843s ]
[ sql ] [ SQL ] SELECT * FROM `b_list` WHERE  `type_id` = 2 ORDER BY `comment`  desc LIMIT 1 [ RunTime:0.000355s ]
[ sql ] [ SQL ] SELECT * FROM `b_list` WHERE  `type_id` = 2 ORDER BY zan desc  LIMIT 8 [ RunTime:0.000316s ]
[ sql ] [ SQL ] SELECT * FROM `b_list` WHERE  `type_id` = 2 ORDER BY comment desc  LIMIT 8 [ RunTime:0.000274s ]
[ sql ] [ SQL ] SELECT * FROM `b_list` WHERE  `type_id` = 2 ORDER BY comment desc  LIMIT 8 [ RunTime:0.000289s ]
[ sql ] [ SQL ] SELECT COUNT(*) AS tp_count FROM `b_list` `l` INNER JOIN `b_user` `u` ON `l`.`uid`=`u`.`id` WHERE  `status` = 1 LIMIT 1 [ RunTime:0.000344s ]
[ sql ] [ SQL ] SELECT `l`.*,`u`.*,l.id as detail_id FROM `b_list` `l` INNER JOIN `b_user` `u` ON `l`.`uid`=`u`.`id` WHERE  `status` = 1 ORDER BY `comment`  desc LIMIT 0,5 [ RunTime:0.000395s ]
