---------------------------------------------------------------
[ 2018-05-08T17:17:31+08:00 ] 172.18.79.84 119.139.198.207 GET /
[ info ] 39.108.115.229/ [运行时间：0.158878s][吞吐率：6.29req/s] [内存消耗：2,333.58kb] [文件加载：53]
[ info ] [ LANG ] /var/www/book/thinkphp/lang/zh-cn.php
[ info ] [ ROUTE ] array (
  'type' => 'module',
  'module' => 
  array (
    0 => '',
    1 => NULL,
    2 => NULL,
  ),
)
[ info ] [ HEADER ] array (
  'accept-language' => 'zh-CN,zh;q=0.9',
  'accept-encoding' => 'gzip, deflate',
  'accept' => 'text/html,application/xhtml+xml,application/xml;q=0.9,image/webp,image/apng,*/*;q=0.8',
  'user-agent' => 'Mozilla/5.0 (Windows NT 10.0; WOW64) AppleWebKit/537.36 (KHTML, like Gecko) Chrome/66.0.3359.139 Safari/537.36',
  'upgrade-insecure-requests' => '1',
  'cache-control' => 'max-age=0',
  'connection' => 'keep-alive',
  'host' => '39.108.115.229',
  'content-type' => '',
  'content-length' => '',
)
[ info ] [ PARAM ] array (
)
[ info ] [ DB ] INIT mysql
[ info ] [ RUN ] app\book\controller\IndexController->index[ /var/www/book/app/book/controller/IndexController.php ]
[ info ] [ VIEW ] /var/www/book/public/../app/book/view/index/index.html [ array (
  0 => 'jinhua',
  1 => 'allsee',
  2 => 'allhot',
  3 => 'oldhot',
  4 => 'data',
  5 => 'old',
  6 => 'jinghua',
) ]
[ info ] [ SESSION ] INIT array (
  'id' => '',
  'var_session_id' => '',
  'prefix' => 'think',
  'type' => '',
  'auto_start' => true,
)
[ info ] [ LOG ] INIT File
[ sql ] [ DB ] CONNECT:[ UseTime:0.000467s ] mysql:host=127.0.0.1;dbname=book;charset=utf8
[ sql ] [ SQL ] SHOW COLUMNS FROM `b_list` [ RunTime:0.000888s ]
[ sql ] [ SQL ] SELECT * FROM `b_list` WHERE  `type_id` = 2 ORDER BY `comment`  desc LIMIT 1 [ RunTime:0.000378s ]
[ sql ] [ SQL ] SELECT * FROM `b_list` WHERE  `type_id` = 2 ORDER BY zan desc  LIMIT 8 [ RunTime:0.000327s ]
[ sql ] [ SQL ] SELECT * FROM `b_list` WHERE  `type_id` = 2 ORDER BY comment desc  LIMIT 8 [ RunTime:0.000287s ]
[ sql ] [ SQL ] SELECT * FROM `b_list` WHERE  `type_id` = 2 ORDER BY comment desc  LIMIT 8 [ RunTime:0.000313s ]
[ sql ] [ SQL ] SELECT COUNT(*) AS tp_count FROM `b_list` `l` INNER JOIN `b_user` `u` ON `l`.`uid`=`u`.`id` WHERE  `status` = 1 LIMIT 1 [ RunTime:0.000340s ]
[ sql ] [ SQL ] SELECT `l`.*,`u`.*,l.id as detail_id FROM `b_list` `l` INNER JOIN `b_user` `u` ON `l`.`uid`=`u`.`id` WHERE  `status` = 1 ORDER BY `comment`  desc LIMIT 0,5 [ RunTime:0.000425s ]
---------------------------------------------------------------
[ 2018-05-08T17:17:36+08:00 ] 172.18.79.84 119.139.198.207 GET /song.ogg
[ info ] 39.108.115.229/song.ogg [运行时间：0.014258s][吞吐率：70.14req/s] [内存消耗：1,143.11kb] [文件加载：33]
[ info ] [ LANG ] /var/www/book/thinkphp/lang/zh-cn.php
[ info ] [ ROUTE ] array (
  'type' => 'module',
  'module' => 
  array (
    0 => 'song.ogg',
    1 => NULL,
    2 => NULL,
  ),
)
[ info ] [ HEADER ] array (
  'range' => 'bytes=0-',
  'cookie' => 'PHPSESSID=7ksnv8re516mousf77h6cs1fp2',
  'accept-language' => 'zh-CN,zh;q=0.9',
  'referer' => 'http://39.108.115.229/',
  'accept' => '*/*',
  'user-agent' => 'Mozilla/5.0 (Windows NT 10.0; WOW64) AppleWebKit/537.36 (KHTML, like Gecko) Chrome/66.0.3359.139 Safari/537.36',
  'accept-encoding' => 'identity;q=1, *;q=0',
  'connection' => 'keep-alive',
  'host' => '39.108.115.229',
  'content-type' => '',
  'content-length' => '',
)
[ info ] [ PARAM ] array (
)
[ info ] [ LOG ] INIT File
---------------------------------------------------------------
[ 2018-05-08T17:18:44+08:00 ] 172.18.79.84 119.139.198.207 GET /
[ info ] 39.108.115.229/ [运行时间：0.029755s][吞吐率：33.61req/s] [内存消耗：2,333.44kb] [文件加载：53]
[ info ] [ LANG ] /var/www/book/thinkphp/lang/zh-cn.php
[ info ] [ ROUTE ] array (
  'type' => 'module',
  'module' => 
  array (
    0 => '',
    1 => NULL,
    2 => NULL,
  ),
)
[ info ] [ HEADER ] array (
  'cookie' => 'PHPSESSID=7ksnv8re516mousf77h6cs1fp2; _ga=GA1.1.632480593.1525771055; _gid=GA1.1.1946726389.1525771055',
  'accept-language' => 'zh-CN,zh;q=0.9',
  'accept-encoding' => 'gzip, deflate',
  'accept' => 'text/html,application/xhtml+xml,application/xml;q=0.9,image/webp,image/apng,*/*;q=0.8',
  'user-agent' => 'Mozilla/5.0 (Windows NT 10.0; WOW64) AppleWebKit/537.36 (KHTML, like Gecko) Chrome/66.0.3359.139 Safari/537.36',
  'upgrade-insecure-requests' => '1',
  'connection' => 'keep-alive',
  'host' => '39.108.115.229',
  'content-type' => '',
  'content-length' => '',
)
[ info ] [ PARAM ] array (
)
[ info ] [ DB ] INIT mysql
[ info ] [ RUN ] app\book\controller\IndexController->index[ /var/www/book/app/book/controller/IndexController.php ]
[ info ] [ VIEW ] /var/www/book/public/../app/book/view/index/index.html [ array (
  0 => 'jinhua',
  1 => 'allsee',
  2 => 'allhot',
  3 => 'oldhot',
  4 => 'data',
  5 => 'old',
  6 => 'jinghua',
) ]
[ info ] [ SESSION ] INIT array (
  'id' => '',
  'var_session_id' => '',
  'prefix' => 'think',
  'type' => '',
  'auto_start' => true,
)
[ info ] [ LOG ] INIT File
[ sql ] [ DB ] CONNECT:[ UseTime:0.000475s ] mysql:host=127.0.0.1;dbname=book;charset=utf8
[ sql ] [ SQL ] SHOW COLUMNS FROM `b_list` [ RunTime:0.000850s ]
[ sql ] [ SQL ] SELECT * FROM `b_list` WHERE  `type_id` = 2 ORDER BY `comment`  desc LIMIT 1 [ RunTime:0.000364s ]
[ sql ] [ SQL ] SELECT * FROM `b_list` WHERE  `type_id` = 2 ORDER BY zan desc  LIMIT 8 [ RunTime:0.000332s ]
[ sql ] [ SQL ] SELECT * FROM `b_list` WHERE  `type_id` = 2 ORDER BY comment desc  LIMIT 8 [ RunTime:0.000277s ]
[ sql ] [ SQL ] SELECT * FROM `b_list` WHERE  `type_id` = 2 ORDER BY comment desc  LIMIT 8 [ RunTime:0.000270s ]
[ sql ] [ SQL ] SELECT COUNT(*) AS tp_count FROM `b_list` `l` INNER JOIN `b_user` `u` ON `l`.`uid`=`u`.`id` WHERE  `status` = 1 LIMIT 1 [ RunTime:0.000346s ]
[ sql ] [ SQL ] SELECT `l`.*,`u`.*,l.id as detail_id FROM `b_list` `l` INNER JOIN `b_user` `u` ON `l`.`uid`=`u`.`id` WHERE  `status` = 1 ORDER BY `comment`  desc LIMIT 0,5 [ RunTime:0.000438s ]
---------------------------------------------------------------
[ 2018-05-08T17:18:45+08:00 ] 172.18.79.84 119.139.198.207 GET /
[ info ] 39.108.115.229/ [运行时间：0.031287s][吞吐率：31.96req/s] [内存消耗：2,333.44kb] [文件加载：53]
[ info ] [ LANG ] /var/www/book/thinkphp/lang/zh-cn.php
[ info ] [ ROUTE ] array (
  'type' => 'module',
  'module' => 
  array (
    0 => '',
    1 => NULL,
    2 => NULL,
  ),
)
[ info ] [ HEADER ] array (
  'cookie' => 'PHPSESSID=7ksnv8re516mousf77h6cs1fp2; _ga=GA1.1.632480593.1525771055; _gid=GA1.1.1946726389.1525771055',
  'accept-language' => 'zh-CN,zh;q=0.9',
  'accept-encoding' => 'gzip, deflate',
  'accept' => 'text/html,application/xhtml+xml,application/xml;q=0.9,image/webp,image/apng,*/*;q=0.8',
  'user-agent' => 'Mozilla/5.0 (Windows NT 10.0; WOW64) AppleWebKit/537.36 (KHTML, like Gecko) Chrome/66.0.3359.139 Safari/537.36',
  'upgrade-insecure-requests' => '1',
  'connection' => 'keep-alive',
  'host' => '39.108.115.229',
  'content-type' => '',
  'content-length' => '',
)
[ info ] [ PARAM ] array (
)
[ info ] [ DB ] INIT mysql
[ info ] [ RUN ] app\book\controller\IndexController->index[ /var/www/book/app/book/controller/IndexController.php ]
[ info ] [ VIEW ] /var/www/book/public/../app/book/view/index/index.html [ array (
  0 => 'jinhua',
  1 => 'allsee',
  2 => 'allhot',
  3 => 'oldhot',
  4 => 'data',
  5 => 'old',
  6 => 'jinghua',
) ]
[ info ] [ SESSION ] INIT array (
  'id' => '',
  'var_session_id' => '',
  'prefix' => 'think',
  'type' => '',
  'auto_start' => true,
)
[ info ] [ LOG ] INIT File
[ sql ] [ DB ] CONNECT:[ UseTime:0.000480s ] mysql:host=127.0.0.1;dbname=book;charset=utf8
[ sql ] [ SQL ] SHOW COLUMNS FROM `b_list` [ RunTime:0.000862s ]
[ sql ] [ SQL ] SELECT * FROM `b_list` WHERE  `type_id` = 2 ORDER BY `comment`  desc LIMIT 1 [ RunTime:0.000384s ]
[ sql ] [ SQL ] SELECT * FROM `b_list` WHERE  `type_id` = 2 ORDER BY zan desc  LIMIT 8 [ RunTime:0.000339s ]
[ sql ] [ SQL ] SELECT * FROM `b_list` WHERE  `type_id` = 2 ORDER BY comment desc  LIMIT 8 [ RunTime:0.000300s ]
[ sql ] [ SQL ] SELECT * FROM `b_list` WHERE  `type_id` = 2 ORDER BY comment desc  LIMIT 8 [ RunTime:0.000328s ]
[ sql ] [ SQL ] SELECT COUNT(*) AS tp_count FROM `b_list` `l` INNER JOIN `b_user` `u` ON `l`.`uid`=`u`.`id` WHERE  `status` = 1 LIMIT 1 [ RunTime:0.000325s ]
[ sql ] [ SQL ] SELECT `l`.*,`u`.*,l.id as detail_id FROM `b_list` `l` INNER JOIN `b_user` `u` ON `l`.`uid`=`u`.`id` WHERE  `status` = 1 ORDER BY `comment`  desc LIMIT 0,5 [ RunTime:0.000448s ]
---------------------------------------------------------------
[ 2018-05-08T17:18:46+08:00 ] 172.18.79.84 119.139.198.207 GET /song.ogg
[ info ] 39.108.115.229/song.ogg [运行时间：0.013849s][吞吐率：72.21req/s] [内存消耗：1,143.11kb] [文件加载：33]
[ info ] [ LANG ] /var/www/book/thinkphp/lang/zh-cn.php
[ info ] [ ROUTE ] array (
  'type' => 'module',
  'module' => 
  array (
    0 => 'song.ogg',
    1 => NULL,
    2 => NULL,
  ),
)
[ info ] [ HEADER ] array (
  'range' => 'bytes=0-',
  'cookie' => 'PHPSESSID=7ksnv8re516mousf77h6cs1fp2; _ga=GA1.1.632480593.1525771055; _gid=GA1.1.1946726389.1525771055',
  'accept-language' => 'zh-CN,zh;q=0.9',
  'referer' => 'http://39.108.115.229/',
  'accept' => '*/*',
  'user-agent' => 'Mozilla/5.0 (Windows NT 10.0; WOW64) AppleWebKit/537.36 (KHTML, like Gecko) Chrome/66.0.3359.139 Safari/537.36',
  'accept-encoding' => 'identity;q=1, *;q=0',
  'connection' => 'keep-alive',
  'host' => '39.108.115.229',
  'content-type' => '',
  'content-length' => '',
)
[ info ] [ PARAM ] array (
)
[ info ] [ LOG ] INIT File
---------------------------------------------------------------
[ 2018-05-08T17:18:47+08:00 ] 172.18.79.84 119.139.198.207 GET /
[ info ] 39.108.115.229/ [运行时间：0.029616s][吞吐率：33.77req/s] [内存消耗：2,333.60kb] [文件加载：53]
[ info ] [ LANG ] /var/www/book/thinkphp/lang/zh-cn.php
[ info ] [ ROUTE ] array (
  'type' => 'module',
  'module' => 
  array (
    0 => '',
    1 => NULL,
    2 => NULL,
  ),
)
[ info ] [ HEADER ] array (
  'cookie' => 'PHPSESSID=7ksnv8re516mousf77h6cs1fp2; _ga=GA1.1.632480593.1525771055; _gid=GA1.1.1946726389.1525771055',
  'accept-language' => 'zh-CN,zh;q=0.9',
  'accept-encoding' => 'gzip, deflate',
  'accept' => 'text/html,application/xhtml+xml,application/xml;q=0.9,image/webp,image/apng,*/*;q=0.8',
  'user-agent' => 'Mozilla/5.0 (Windows NT 10.0; WOW64) AppleWebKit/537.36 (KHTML, like Gecko) Chrome/66.0.3359.139 Safari/537.36',
  'upgrade-insecure-requests' => '1',
  'cache-control' => 'max-age=0',
  'connection' => 'keep-alive',
  'host' => '39.108.115.229',
  'content-type' => '',
  'content-length' => '',
)
[ info ] [ PARAM ] array (
)
[ info ] [ DB ] INIT mysql
[ info ] [ RUN ] app\book\controller\IndexController->index[ /var/www/book/app/book/controller/IndexController.php ]
[ info ] [ VIEW ] /var/www/book/public/../app/book/view/index/index.html [ array (
  0 => 'jinhua',
  1 => 'allsee',
  2 => 'allhot',
  3 => 'oldhot',
  4 => 'data',
  5 => 'old',
  6 => 'jinghua',
) ]
[ info ] [ SESSION ] INIT array (
  'id' => '',
  'var_session_id' => '',
  'prefix' => 'think',
  'type' => '',
  'auto_start' => true,
)
[ info ] [ LOG ] INIT File
[ sql ] [ DB ] CONNECT:[ UseTime:0.000517s ] mysql:host=127.0.0.1;dbname=book;charset=utf8
[ sql ] [ SQL ] SHOW COLUMNS FROM `b_list` [ RunTime:0.000828s ]
[ sql ] [ SQL ] SELECT * FROM `b_list` WHERE  `type_id` = 2 ORDER BY `comment`  desc LIMIT 1 [ RunTime:0.000391s ]
[ sql ] [ SQL ] SELECT * FROM `b_list` WHERE  `type_id` = 2 ORDER BY zan desc  LIMIT 8 [ RunTime:0.000284s ]
[ sql ] [ SQL ] SELECT * FROM `b_list` WHERE  `type_id` = 2 ORDER BY comment desc  LIMIT 8 [ RunTime:0.000287s ]
[ sql ] [ SQL ] SELECT * FROM `b_list` WHERE  `type_id` = 2 ORDER BY comment desc  LIMIT 8 [ RunTime:0.000293s ]
[ sql ] [ SQL ] SELECT COUNT(*) AS tp_count FROM `b_list` `l` INNER JOIN `b_user` `u` ON `l`.`uid`=`u`.`id` WHERE  `status` = 1 LIMIT 1 [ RunTime:0.000316s ]
[ sql ] [ SQL ] SELECT `l`.*,`u`.*,l.id as detail_id FROM `b_list` `l` INNER JOIN `b_user` `u` ON `l`.`uid`=`u`.`id` WHERE  `status` = 1 ORDER BY `comment`  desc LIMIT 0,5 [ RunTime:0.000402s ]
---------------------------------------------------------------
[ 2018-05-08T17:18:48+08:00 ] 172.18.79.84 119.139.198.207 GET /song.ogg
[ info ] 39.108.115.229/song.ogg [运行时间：0.012998s][吞吐率：76.93req/s] [内存消耗：1,143.11kb] [文件加载：33]
[ info ] [ LANG ] /var/www/book/thinkphp/lang/zh-cn.php
[ info ] [ ROUTE ] array (
  'type' => 'module',
  'module' => 
  array (
    0 => 'song.ogg',
    1 => NULL,
    2 => NULL,
  ),
)
[ info ] [ HEADER ] array (
  'range' => 'bytes=0-',
  'cookie' => 'PHPSESSID=7ksnv8re516mousf77h6cs1fp2; _ga=GA1.1.632480593.1525771055; _gid=GA1.1.1946726389.1525771055',
  'accept-language' => 'zh-CN,zh;q=0.9',
  'referer' => 'http://39.108.115.229/',
  'accept' => '*/*',
  'user-agent' => 'Mozilla/5.0 (Windows NT 10.0; WOW64) AppleWebKit/537.36 (KHTML, like Gecko) Chrome/66.0.3359.139 Safari/537.36',
  'accept-encoding' => 'identity;q=1, *;q=0',
  'connection' => 'keep-alive',
  'host' => '39.108.115.229',
  'content-type' => '',
  'content-length' => '',
)
[ info ] [ PARAM ] array (
)
[ info ] [ LOG ] INIT File
