---------------------------------------------------------------
[ 2018-05-30T18:23:12+08:00 ] 172.31.49.243 119.139.196.166 GET /
[ info ] book.limaolin.top/ [运行时间：0.194771s][吞吐率：5.13req/s] [内存消耗：513.24kb] [文件加载：48]
[ info ] [ LANG ] /var/www/book/thinkphp/lang/zh-cn.php
[ info ] [ ROUTE ] array (
  'type' => 'module',
  'module' => 
  array (
    0 => '',
    1 => NULL,
    2 => NULL,
  ),
)
[ info ] [ HEADER ] array (
  'cookie' => 'PHPSESSID=7b862cfc3307f7d9c745382cc4d49d8f; thinkphp_show_page_trace=0|0',
  'accept-language' => 'zh-CN,zh;q=0.9',
  'accept-encoding' => 'gzip, deflate',
  'accept' => 'text/html,application/xhtml+xml,application/xml;q=0.9,image/webp,image/apng,*/*;q=0.8',
  'user-agent' => 'Mozilla/5.0 (Windows NT 10.0; WOW64) AppleWebKit/537.36 (KHTML, like Gecko) Chrome/66.0.3359.181 Safari/537.36',
  'upgrade-insecure-requests' => '1',
  'connection' => 'keep-alive',
  'host' => 'book.limaolin.top',
  'content-type' => '',
  'content-length' => '',
)
[ info ] [ PARAM ] array (
)
[ info ] [ DB ] INIT mysql
[ info ] [ LOG ] INIT File
[ error ] [1045]SQLSTATE[HY000] [1045] Access denied for user 'root'@'localhost' (using password: YES)[/var/www/book/thinkphp/library/think/db/Connection.php:293]
---------------------------------------------------------------
[ 2018-05-30T18:23:15+08:00 ] 172.31.49.243 119.139.196.166 GET /
[ info ] book.limaolin.top/ [运行时间：0.003149s][吞吐率：317.56req/s] [内存消耗：315.92kb] [文件加载：48]
[ info ] [ LANG ] /var/www/book/thinkphp/lang/zh-cn.php
[ info ] [ ROUTE ] array (
  'type' => 'module',
  'module' => 
  array (
    0 => '',
    1 => NULL,
    2 => NULL,
  ),
)
[ info ] [ HEADER ] array (
  'cookie' => 'PHPSESSID=7b862cfc3307f7d9c745382cc4d49d8f; thinkphp_show_page_trace=0|0',
  'accept-language' => 'zh-CN,zh;q=0.9',
  'accept-encoding' => 'gzip, deflate',
  'accept' => 'text/html,application/xhtml+xml,application/xml;q=0.9,image/webp,image/apng,*/*;q=0.8',
  'user-agent' => 'Mozilla/5.0 (Windows NT 10.0; WOW64) AppleWebKit/537.36 (KHTML, like Gecko) Chrome/66.0.3359.181 Safari/537.36',
  'upgrade-insecure-requests' => '1',
  'cache-control' => 'max-age=0',
  'connection' => 'keep-alive',
  'host' => 'book.limaolin.top',
  'content-type' => '',
  'content-length' => '',
)
[ info ] [ PARAM ] array (
)
[ info ] [ DB ] INIT mysql
[ info ] [ LOG ] INIT File
[ error ] [1045]SQLSTATE[HY000] [1045] Access denied for user 'root'@'localhost' (using password: YES)[/var/www/book/thinkphp/library/think/db/Connection.php:293]
---------------------------------------------------------------
[ 2018-05-30T18:25:01+08:00 ] 119.139.196.166 GET /
[ info ] book.limaolin.top/ [运行时间：0.539546s][吞吐率：1.85req/s] [内存消耗：473.46kb] [文件加载：49]
[ info ] [ LANG ] /var/www/book/thinkphp/lang/zh-cn.php
[ info ] [ ROUTE ] array (
  'type' => 'module',
  'module' => 
  array (
    0 => '',
    1 => NULL,
    2 => NULL,
  ),
)
[ info ] [ HEADER ] array (
  'cookie' => 'PHPSESSID=7b862cfc3307f7d9c745382cc4d49d8f; thinkphp_show_page_trace=0|0',
  'accept-language' => 'zh-CN,zh;q=0.9',
  'accept-encoding' => 'gzip, deflate',
  'accept' => 'text/html,application/xhtml+xml,application/xml;q=0.9,image/webp,image/apng,*/*;q=0.8',
  'user-agent' => 'Mozilla/5.0 (Windows NT 10.0; WOW64) AppleWebKit/537.36 (KHTML, like Gecko) Chrome/66.0.3359.181 Safari/537.36',
  'upgrade-insecure-requests' => '1',
  'cache-control' => 'max-age=0',
  'connection' => 'keep-alive',
  'host' => 'book.limaolin.top',
  'content-type' => '',
  'content-length' => '',
)
[ info ] [ PARAM ] array (
)
[ info ] [ DB ] INIT mysql
[ info ] [ LOG ] INIT File
[ sql ] [ DB ] CONNECT:[ UseTime:0.182223s ] mysql:host=127.0.0.1;dbname=book;charset=utf8
[ sql ] [ SQL ] SHOW COLUMNS FROM `b_list` [ RunTime:0.209645s ]
[ sql ] [ SQL ] SELECT * FROM `b_list` WHERE  `type_id` = 2 ORDER BY `comment` DESC LIMIT 1 [ RunTime:0.098427s ]
[ error ] [10501]SQLSTATE[42S22]: Column not found: 1054 Unknown column 'zan desc' in 'order clause'[/var/www/book/thinkphp/library/think/db/Connection.php:390]
---------------------------------------------------------------
[ 2018-05-30T18:25:06+08:00 ] 119.139.196.166 GET /
[ info ] book.limaolin.top/ [运行时间：0.006605s][吞吐率：151.40req/s] [内存消耗：340.54kb] [文件加载：49]
[ info ] [ LANG ] /var/www/book/thinkphp/lang/zh-cn.php
[ info ] [ ROUTE ] array (
  'type' => 'module',
  'module' => 
  array (
    0 => '',
    1 => NULL,
    2 => NULL,
  ),
)
[ info ] [ HEADER ] array (
  'cookie' => 'PHPSESSID=7b862cfc3307f7d9c745382cc4d49d8f; thinkphp_show_page_trace=0|0',
  'accept-language' => 'zh-CN,zh;q=0.9',
  'accept-encoding' => 'gzip, deflate',
  'accept' => 'text/html,application/xhtml+xml,application/xml;q=0.9,image/webp,image/apng,*/*;q=0.8',
  'user-agent' => 'Mozilla/5.0 (Windows NT 10.0; WOW64) AppleWebKit/537.36 (KHTML, like Gecko) Chrome/66.0.3359.181 Safari/537.36',
  'upgrade-insecure-requests' => '1',
  'cache-control' => 'max-age=0',
  'connection' => 'keep-alive',
  'host' => 'book.limaolin.top',
  'content-type' => '',
  'content-length' => '',
)
[ info ] [ PARAM ] array (
)
[ info ] [ DB ] INIT mysql
[ info ] [ LOG ] INIT File
[ sql ] [ DB ] CONNECT:[ UseTime:0.000534s ] mysql:host=127.0.0.1;dbname=book;charset=utf8
[ sql ] [ SQL ] SHOW COLUMNS FROM `b_list` [ RunTime:0.002066s ]
[ sql ] [ SQL ] SELECT * FROM `b_list` WHERE  `type_id` = 2 ORDER BY `comment` DESC LIMIT 1 [ RunTime:0.000444s ]
[ error ] [10501]SQLSTATE[42S22]: Column not found: 1054 Unknown column 'zan desc' in 'order clause'[/var/www/book/thinkphp/library/think/db/Connection.php:390]
---------------------------------------------------------------
[ 2018-05-30T18:25:28+08:00 ] 119.139.196.166 GET /
[ info ] book.limaolin.top/ [运行时间：0.006334s][吞吐率：157.88req/s] [内存消耗：340.16kb] [文件加载：49]
[ info ] [ LANG ] /var/www/book/thinkphp/lang/zh-cn.php
[ info ] [ ROUTE ] array (
  'type' => 'module',
  'module' => 
  array (
    0 => '',
    1 => NULL,
    2 => NULL,
  ),
)
[ info ] [ HEADER ] array (
  'cookie' => 'PHPSESSID=7b862cfc3307f7d9c745382cc4d49d8f; thinkphp_show_page_trace=0|0',
  'accept-language' => 'zh-CN,zh;q=0.9',
  'accept-encoding' => 'gzip, deflate',
  'accept' => 'text/html,application/xhtml+xml,application/xml;q=0.9,image/webp,image/apng,*/*;q=0.8',
  'user-agent' => 'Mozilla/5.0 (Windows NT 10.0; WOW64) AppleWebKit/537.36 (KHTML, like Gecko) Chrome/66.0.3359.181 Safari/537.36',
  'upgrade-insecure-requests' => '1',
  'cache-control' => 'max-age=0',
  'connection' => 'keep-alive',
  'host' => 'book.limaolin.top',
  'content-type' => '',
  'content-length' => '',
)
[ info ] [ PARAM ] array (
)
[ info ] [ DB ] INIT mysql
[ info ] [ LOG ] INIT File
[ sql ] [ DB ] CONNECT:[ UseTime:0.000505s ] mysql:host=127.0.0.1;dbname=book;charset=utf8
[ sql ] [ SQL ] SHOW COLUMNS FROM `b_list` [ RunTime:0.001999s ]
[ sql ] [ SQL ] SELECT * FROM `b_list` WHERE  `type_id` = 2 ORDER BY `comment` DESC LIMIT 1 [ RunTime:0.000416s ]
[ error ] [10501]SQLSTATE[42S22]: Column not found: 1054 Unknown column 'zan desc' in 'order clause'[/var/www/book/thinkphp/library/think/db/Connection.php:390]
---------------------------------------------------------------
[ 2018-05-30T18:26:16+08:00 ] 119.139.196.166 GET /
[ info ] book.limaolin.top/ [运行时间：0.006174s][吞吐率：161.97req/s] [内存消耗：340.16kb] [文件加载：49]
[ info ] [ LANG ] /var/www/book/thinkphp/lang/zh-cn.php
[ info ] [ ROUTE ] array (
  'type' => 'module',
  'module' => 
  array (
    0 => '',
    1 => NULL,
    2 => NULL,
  ),
)
[ info ] [ HEADER ] array (
  'cookie' => 'PHPSESSID=7b862cfc3307f7d9c745382cc4d49d8f; thinkphp_show_page_trace=0|0',
  'accept-language' => 'zh-CN,zh;q=0.9',
  'accept-encoding' => 'gzip, deflate',
  'accept' => 'text/html,application/xhtml+xml,application/xml;q=0.9,image/webp,image/apng,*/*;q=0.8',
  'user-agent' => 'Mozilla/5.0 (Windows NT 10.0; WOW64) AppleWebKit/537.36 (KHTML, like Gecko) Chrome/66.0.3359.181 Safari/537.36',
  'upgrade-insecure-requests' => '1',
  'cache-control' => 'max-age=0',
  'connection' => 'keep-alive',
  'host' => 'book.limaolin.top',
  'content-type' => '',
  'content-length' => '',
)
[ info ] [ PARAM ] array (
)
[ info ] [ DB ] INIT mysql
[ info ] [ LOG ] INIT File
[ sql ] [ DB ] CONNECT:[ UseTime:0.000566s ] mysql:host=127.0.0.1;dbname=book;charset=utf8
[ sql ] [ SQL ] SHOW COLUMNS FROM `b_list` [ RunTime:0.002024s ]
[ sql ] [ SQL ] SELECT * FROM `b_list` WHERE  `type_id` = 2 ORDER BY `comment` DESC LIMIT 1 [ RunTime:0.000386s ]
[ error ] [10501]SQLSTATE[42S22]: Column not found: 1054 Unknown column 'zan desc' in 'order clause'[/var/www/book/thinkphp/library/think/db/Connection.php:390]
---------------------------------------------------------------
[ 2018-05-30T18:26:18+08:00 ] 119.139.196.166 GET /
[ info ] book.limaolin.top/ [运行时间：0.010961s][吞吐率：91.23req/s] [内存消耗：340.16kb] [文件加载：49]
[ info ] [ LANG ] /var/www/book/thinkphp/lang/zh-cn.php
[ info ] [ ROUTE ] array (
  'type' => 'module',
  'module' => 
  array (
    0 => '',
    1 => NULL,
    2 => NULL,
  ),
)
[ info ] [ HEADER ] array (
  'cookie' => 'PHPSESSID=7b862cfc3307f7d9c745382cc4d49d8f; thinkphp_show_page_trace=0|0',
  'accept-language' => 'zh-CN,zh;q=0.9',
  'accept-encoding' => 'gzip, deflate',
  'accept' => 'text/html,application/xhtml+xml,application/xml;q=0.9,image/webp,image/apng,*/*;q=0.8',
  'user-agent' => 'Mozilla/5.0 (Windows NT 10.0; WOW64) AppleWebKit/537.36 (KHTML, like Gecko) Chrome/66.0.3359.181 Safari/537.36',
  'upgrade-insecure-requests' => '1',
  'cache-control' => 'max-age=0',
  'connection' => 'keep-alive',
  'host' => 'book.limaolin.top',
  'content-type' => '',
  'content-length' => '',
)
[ info ] [ PARAM ] array (
)
[ info ] [ DB ] INIT mysql
[ info ] [ LOG ] INIT File
[ sql ] [ DB ] CONNECT:[ UseTime:0.000552s ] mysql:host=127.0.0.1;dbname=book;charset=utf8
[ sql ] [ SQL ] SHOW COLUMNS FROM `b_list` [ RunTime:0.001846s ]
[ sql ] [ SQL ] SELECT * FROM `b_list` WHERE  `type_id` = 2 ORDER BY `comment` DESC LIMIT 1 [ RunTime:0.000419s ]
[ error ] [10501]SQLSTATE[42S22]: Column not found: 1054 Unknown column 'zan desc' in 'order clause'[/var/www/book/thinkphp/library/think/db/Connection.php:390]
---------------------------------------------------------------
[ 2018-05-30T18:26:35+08:00 ] 119.139.196.166 GET /
[ info ] book.limaolin.top/ [运行时间：0.005810s][吞吐率：172.12req/s] [内存消耗：340.16kb] [文件加载：49]
[ info ] [ LANG ] /var/www/book/thinkphp/lang/zh-cn.php
[ info ] [ ROUTE ] array (
  'type' => 'module',
  'module' => 
  array (
    0 => '',
    1 => NULL,
    2 => NULL,
  ),
)
[ info ] [ HEADER ] array (
  'cookie' => 'PHPSESSID=7b862cfc3307f7d9c745382cc4d49d8f; thinkphp_show_page_trace=0|0',
  'accept-language' => 'zh-CN,zh;q=0.9',
  'accept-encoding' => 'gzip, deflate',
  'accept' => 'text/html,application/xhtml+xml,application/xml;q=0.9,image/webp,image/apng,*/*;q=0.8',
  'user-agent' => 'Mozilla/5.0 (Windows NT 10.0; WOW64) AppleWebKit/537.36 (KHTML, like Gecko) Chrome/66.0.3359.181 Safari/537.36',
  'upgrade-insecure-requests' => '1',
  'cache-control' => 'max-age=0',
  'connection' => 'keep-alive',
  'host' => 'book.limaolin.top',
  'content-type' => '',
  'content-length' => '',
)
[ info ] [ PARAM ] array (
)
[ info ] [ DB ] INIT mysql
[ info ] [ LOG ] INIT File
[ sql ] [ DB ] CONNECT:[ UseTime:0.000470s ] mysql:host=127.0.0.1;dbname=book;charset=utf8
[ sql ] [ SQL ] SHOW COLUMNS FROM `b_list` [ RunTime:0.001812s ]
[ sql ] [ SQL ] SELECT * FROM `b_list` WHERE  `type_id` = 2 ORDER BY `comment` DESC LIMIT 1 [ RunTime:0.000395s ]
[ error ] [10501]SQLSTATE[42S22]: Column not found: 1054 Unknown column 'zan desc' in 'order clause'[/var/www/book/thinkphp/library/think/db/Connection.php:390]
---------------------------------------------------------------
[ 2018-05-30T18:26:58+08:00 ] 119.139.196.166 GET /
[ info ] book.limaolin.top/ [运行时间：0.004840s][吞吐率：206.62req/s] [内存消耗：340.16kb] [文件加载：49]
[ info ] [ LANG ] /var/www/book/thinkphp/lang/zh-cn.php
[ info ] [ ROUTE ] array (
  'type' => 'module',
  'module' => 
  array (
    0 => '',
    1 => NULL,
    2 => NULL,
  ),
)
[ info ] [ HEADER ] array (
  'cookie' => 'PHPSESSID=7b862cfc3307f7d9c745382cc4d49d8f; thinkphp_show_page_trace=0|0',
  'accept-language' => 'zh-CN,zh;q=0.9',
  'accept-encoding' => 'gzip, deflate',
  'accept' => 'text/html,application/xhtml+xml,application/xml;q=0.9,image/webp,image/apng,*/*;q=0.8',
  'user-agent' => 'Mozilla/5.0 (Windows NT 10.0; WOW64) AppleWebKit/537.36 (KHTML, like Gecko) Chrome/66.0.3359.181 Safari/537.36',
  'upgrade-insecure-requests' => '1',
  'cache-control' => 'max-age=0',
  'connection' => 'keep-alive',
  'host' => 'book.limaolin.top',
  'content-type' => '',
  'content-length' => '',
)
[ info ] [ PARAM ] array (
)
[ info ] [ DB ] INIT mysql
[ info ] [ LOG ] INIT File
[ sql ] [ DB ] CONNECT:[ UseTime:0.000397s ] mysql:host=127.0.0.1;dbname=book;charset=utf8
[ sql ] [ SQL ] SHOW COLUMNS FROM `b_list` [ RunTime:0.001676s ]
[ sql ] [ SQL ] SELECT * FROM `b_list` WHERE  `type_id` = 2 ORDER BY `comment` DESC LIMIT 1 [ RunTime:0.000376s ]
[ error ] [10501]SQLSTATE[42S22]: Column not found: 1054 Unknown column 'zan desc' in 'order clause'[/var/www/book/thinkphp/library/think/db/Connection.php:390]
---------------------------------------------------------------
[ 2018-05-30T18:26:59+08:00 ] 119.139.196.166 GET /
[ info ] book.limaolin.top/ [运行时间：0.004967s][吞吐率：201.33req/s] [内存消耗：340.16kb] [文件加载：49]
[ info ] [ LANG ] /var/www/book/thinkphp/lang/zh-cn.php
[ info ] [ ROUTE ] array (
  'type' => 'module',
  'module' => 
  array (
    0 => '',
    1 => NULL,
    2 => NULL,
  ),
)
[ info ] [ HEADER ] array (
  'cookie' => 'PHPSESSID=7b862cfc3307f7d9c745382cc4d49d8f; thinkphp_show_page_trace=0|0',
  'accept-language' => 'zh-CN,zh;q=0.9',
  'accept-encoding' => 'gzip, deflate',
  'accept' => 'text/html,application/xhtml+xml,application/xml;q=0.9,image/webp,image/apng,*/*;q=0.8',
  'user-agent' => 'Mozilla/5.0 (Windows NT 10.0; WOW64) AppleWebKit/537.36 (KHTML, like Gecko) Chrome/66.0.3359.181 Safari/537.36',
  'upgrade-insecure-requests' => '1',
  'cache-control' => 'max-age=0',
  'connection' => 'keep-alive',
  'host' => 'book.limaolin.top',
  'content-type' => '',
  'content-length' => '',
)
[ info ] [ PARAM ] array (
)
[ info ] [ DB ] INIT mysql
[ info ] [ LOG ] INIT File
[ sql ] [ DB ] CONNECT:[ UseTime:0.000380s ] mysql:host=127.0.0.1;dbname=book;charset=utf8
[ sql ] [ SQL ] SHOW COLUMNS FROM `b_list` [ RunTime:0.001853s ]
[ sql ] [ SQL ] SELECT * FROM `b_list` WHERE  `type_id` = 2 ORDER BY `comment` DESC LIMIT 1 [ RunTime:0.000412s ]
[ error ] [10501]SQLSTATE[42S22]: Column not found: 1054 Unknown column 'zan desc' in 'order clause'[/var/www/book/thinkphp/library/think/db/Connection.php:390]
---------------------------------------------------------------
[ 2018-05-30T18:27:00+08:00 ] 119.139.196.166 GET /
[ info ] book.limaolin.top/ [运行时间：0.005266s][吞吐率：189.90req/s] [内存消耗：340.16kb] [文件加载：49]
[ info ] [ LANG ] /var/www/book/thinkphp/lang/zh-cn.php
[ info ] [ ROUTE ] array (
  'type' => 'module',
  'module' => 
  array (
    0 => '',
    1 => NULL,
    2 => NULL,
  ),
)
[ info ] [ HEADER ] array (
  'cookie' => 'PHPSESSID=7b862cfc3307f7d9c745382cc4d49d8f; thinkphp_show_page_trace=0|0',
  'accept-language' => 'zh-CN,zh;q=0.9',
  'accept-encoding' => 'gzip, deflate',
  'accept' => 'text/html,application/xhtml+xml,application/xml;q=0.9,image/webp,image/apng,*/*;q=0.8',
  'user-agent' => 'Mozilla/5.0 (Windows NT 10.0; WOW64) AppleWebKit/537.36 (KHTML, like Gecko) Chrome/66.0.3359.181 Safari/537.36',
  'upgrade-insecure-requests' => '1',
  'cache-control' => 'max-age=0',
  'connection' => 'keep-alive',
  'host' => 'book.limaolin.top',
  'content-type' => '',
  'content-length' => '',
)
[ info ] [ PARAM ] array (
)
[ info ] [ DB ] INIT mysql
[ info ] [ LOG ] INIT File
[ sql ] [ DB ] CONNECT:[ UseTime:0.000411s ] mysql:host=127.0.0.1;dbname=book;charset=utf8
[ sql ] [ SQL ] SHOW COLUMNS FROM `b_list` [ RunTime:0.001946s ]
[ sql ] [ SQL ] SELECT * FROM `b_list` WHERE  `type_id` = 2 ORDER BY `comment` DESC LIMIT 1 [ RunTime:0.000398s ]
[ error ] [10501]SQLSTATE[42S22]: Column not found: 1054 Unknown column 'zan desc' in 'order clause'[/var/www/book/thinkphp/library/think/db/Connection.php:390]
---------------------------------------------------------------
[ 2018-05-30T18:27:01+08:00 ] 119.139.196.166 GET /
[ info ] book.limaolin.top/ [运行时间：0.005252s][吞吐率：190.41req/s] [内存消耗：340.16kb] [文件加载：49]
[ info ] [ LANG ] /var/www/book/thinkphp/lang/zh-cn.php
[ info ] [ ROUTE ] array (
  'type' => 'module',
  'module' => 
  array (
    0 => '',
    1 => NULL,
    2 => NULL,
  ),
)
[ info ] [ HEADER ] array (
  'cookie' => 'PHPSESSID=7b862cfc3307f7d9c745382cc4d49d8f; thinkphp_show_page_trace=0|0',
  'accept-language' => 'zh-CN,zh;q=0.9',
  'accept-encoding' => 'gzip, deflate',
  'accept' => 'text/html,application/xhtml+xml,application/xml;q=0.9,image/webp,image/apng,*/*;q=0.8',
  'user-agent' => 'Mozilla/5.0 (Windows NT 10.0; WOW64) AppleWebKit/537.36 (KHTML, like Gecko) Chrome/66.0.3359.181 Safari/537.36',
  'upgrade-insecure-requests' => '1',
  'cache-control' => 'max-age=0',
  'connection' => 'keep-alive',
  'host' => 'book.limaolin.top',
  'content-type' => '',
  'content-length' => '',
)
[ info ] [ PARAM ] array (
)
[ info ] [ DB ] INIT mysql
[ info ] [ LOG ] INIT File
[ sql ] [ DB ] CONNECT:[ UseTime:0.000422s ] mysql:host=127.0.0.1;dbname=book;charset=utf8
[ sql ] [ SQL ] SHOW COLUMNS FROM `b_list` [ RunTime:0.001957s ]
[ sql ] [ SQL ] SELECT * FROM `b_list` WHERE  `type_id` = 2 ORDER BY `comment` DESC LIMIT 1 [ RunTime:0.000390s ]
[ error ] [10501]SQLSTATE[42S22]: Column not found: 1054 Unknown column 'zan desc' in 'order clause'[/var/www/book/thinkphp/library/think/db/Connection.php:390]
---------------------------------------------------------------
[ 2018-05-30T18:27:02+08:00 ] 119.139.196.166 GET /
[ info ] book.limaolin.top/ [运行时间：0.005055s][吞吐率：197.82req/s] [内存消耗：340.16kb] [文件加载：49]
[ info ] [ LANG ] /var/www/book/thinkphp/lang/zh-cn.php
[ info ] [ ROUTE ] array (
  'type' => 'module',
  'module' => 
  array (
    0 => '',
    1 => NULL,
    2 => NULL,
  ),
)
[ info ] [ HEADER ] array (
  'cookie' => 'PHPSESSID=7b862cfc3307f7d9c745382cc4d49d8f; thinkphp_show_page_trace=0|0',
  'accept-language' => 'zh-CN,zh;q=0.9',
  'accept-encoding' => 'gzip, deflate',
  'accept' => 'text/html,application/xhtml+xml,application/xml;q=0.9,image/webp,image/apng,*/*;q=0.8',
  'user-agent' => 'Mozilla/5.0 (Windows NT 10.0; WOW64) AppleWebKit/537.36 (KHTML, like Gecko) Chrome/66.0.3359.181 Safari/537.36',
  'upgrade-insecure-requests' => '1',
  'cache-control' => 'max-age=0',
  'connection' => 'keep-alive',
  'host' => 'book.limaolin.top',
  'content-type' => '',
  'content-length' => '',
)
[ info ] [ PARAM ] array (
)
[ info ] [ DB ] INIT mysql
[ info ] [ LOG ] INIT File
[ sql ] [ DB ] CONNECT:[ UseTime:0.000417s ] mysql:host=127.0.0.1;dbname=book;charset=utf8
[ sql ] [ SQL ] SHOW COLUMNS FROM `b_list` [ RunTime:0.001871s ]
[ sql ] [ SQL ] SELECT * FROM `b_list` WHERE  `type_id` = 2 ORDER BY `comment` DESC LIMIT 1 [ RunTime:0.000374s ]
[ error ] [10501]SQLSTATE[42S22]: Column not found: 1054 Unknown column 'zan desc' in 'order clause'[/var/www/book/thinkphp/library/think/db/Connection.php:390]
---------------------------------------------------------------
[ 2018-05-30T18:27:04+08:00 ] 119.139.196.166 GET /
[ info ] book.limaolin.top/ [运行时间：0.005117s][吞吐率：195.43req/s] [内存消耗：340.16kb] [文件加载：49]
[ info ] [ LANG ] /var/www/book/thinkphp/lang/zh-cn.php
[ info ] [ ROUTE ] array (
  'type' => 'module',
  'module' => 
  array (
    0 => '',
    1 => NULL,
    2 => NULL,
  ),
)
[ info ] [ HEADER ] array (
  'cookie' => 'PHPSESSID=7b862cfc3307f7d9c745382cc4d49d8f; thinkphp_show_page_trace=0|0',
  'accept-language' => 'zh-CN,zh;q=0.9',
  'accept-encoding' => 'gzip, deflate',
  'accept' => 'text/html,application/xhtml+xml,application/xml;q=0.9,image/webp,image/apng,*/*;q=0.8',
  'user-agent' => 'Mozilla/5.0 (Windows NT 10.0; WOW64) AppleWebKit/537.36 (KHTML, like Gecko) Chrome/66.0.3359.181 Safari/537.36',
  'upgrade-insecure-requests' => '1',
  'cache-control' => 'max-age=0',
  'connection' => 'keep-alive',
  'host' => 'book.limaolin.top',
  'content-type' => '',
  'content-length' => '',
)
[ info ] [ PARAM ] array (
)
[ info ] [ DB ] INIT mysql
[ info ] [ LOG ] INIT File
[ sql ] [ DB ] CONNECT:[ UseTime:0.000393s ] mysql:host=127.0.0.1;dbname=book;charset=utf8
[ sql ] [ SQL ] SHOW COLUMNS FROM `b_list` [ RunTime:0.001849s ]
[ sql ] [ SQL ] SELECT * FROM `b_list` WHERE  `type_id` = 2 ORDER BY `comment` DESC LIMIT 1 [ RunTime:0.000422s ]
[ error ] [10501]SQLSTATE[42S22]: Column not found: 1054 Unknown column 'zan desc' in 'order clause'[/var/www/book/thinkphp/library/think/db/Connection.php:390]
---------------------------------------------------------------
[ 2018-05-30T18:28:56+08:00 ] 119.139.196.166 GET /admin
[ info ] book.limaolin.top/admin [运行时间：0.020980s][吞吐率：47.66req/s] [内存消耗：476.19kb] [文件加载：54]
[ info ] [ LANG ] /var/www/book/thinkphp/lang/zh-cn.php
[ info ] [ ROUTE ] array (
  'type' => 'module',
  'module' => 
  array (
    0 => 'admin',
    1 => NULL,
    2 => NULL,
  ),
)
[ info ] [ HEADER ] array (
  'cookie' => 'PHPSESSID=7b862cfc3307f7d9c745382cc4d49d8f; thinkphp_show_page_trace=0|0',
  'accept-language' => 'zh-CN,zh;q=0.9',
  'accept-encoding' => 'gzip, deflate',
  'accept' => 'text/html,application/xhtml+xml,application/xml;q=0.9,image/webp,image/apng,*/*;q=0.8',
  'user-agent' => 'Mozilla/5.0 (Windows NT 10.0; WOW64) AppleWebKit/537.36 (KHTML, like Gecko) Chrome/66.0.3359.181 Safari/537.36',
  'upgrade-insecure-requests' => '1',
  'connection' => 'keep-alive',
  'host' => 'book.limaolin.top',
  'content-type' => '',
  'content-length' => '',
)
[ info ] [ PARAM ] array (
)
[ info ] [ SESSION ] INIT array (
  'id' => '',
  'var_session_id' => '',
  'prefix' => 'think',
  'type' => '',
  'auto_start' => true,
)
[ info ] [ DB ] INIT mysql
[ info ] [ RUN ] app\admin\controller\IndexController->index[ /var/www/book/app/admin/controller/IndexController.php ]
[ info ] [ VIEW ] /var/www/book/public/../app/admin/view/index/index.html [ array (
  0 => 'menu',
) ]
[ info ] [ LOG ] INIT File
[ sql ] [ DB ] CONNECT:[ UseTime:0.000391s ] mysql:host=127.0.0.1;dbname=book;charset=utf8
[ sql ] [ SQL ] SHOW COLUMNS FROM `b_admin` [ RunTime:0.002880s ]
[ sql ] [ SQL ] SELECT * FROM `b_admin` WHERE  `id` = 35 LIMIT 1 [ RunTime:0.001765s ]
[ sql ] [ SQL ] SHOW COLUMNS FROM `b_access` [ RunTime:0.001448s ]
[ sql ] [ SQL ] SELECT * FROM `b_access` [ RunTime:0.001537s ]
---------------------------------------------------------------
[ 2018-05-30T18:28:59+08:00 ] 119.139.196.166 GET /admin/index/default
[ info ] book.limaolin.top/admin/index/default [运行时间：0.008724s][吞吐率：114.63req/s] [内存消耗：461.59kb] [文件加载：54]
[ info ] [ LANG ] /var/www/book/thinkphp/lang/zh-cn.php
[ info ] [ ROUTE ] array (
  'type' => 'module',
  'module' => 
  array (
    0 => 'admin',
    1 => 'index',
    2 => 'default',
  ),
)
[ info ] [ HEADER ] array (
  'cookie' => 'PHPSESSID=7b862cfc3307f7d9c745382cc4d49d8f; thinkphp_show_page_trace=0|0',
  'accept-language' => 'zh-CN,zh;q=0.9',
  'accept-encoding' => 'gzip, deflate',
  'referer' => 'http://book.limaolin.top/admin',
  'accept' => 'text/html,application/xhtml+xml,application/xml;q=0.9,image/webp,image/apng,*/*;q=0.8',
  'user-agent' => 'Mozilla/5.0 (Windows NT 10.0; WOW64) AppleWebKit/537.36 (KHTML, like Gecko) Chrome/66.0.3359.181 Safari/537.36',
  'upgrade-insecure-requests' => '1',
  'connection' => 'keep-alive',
  'host' => 'book.limaolin.top',
  'content-type' => '',
  'content-length' => '',
)
[ info ] [ PARAM ] array (
)
[ info ] [ SESSION ] INIT array (
  'id' => '',
  'var_session_id' => '',
  'prefix' => 'think',
  'type' => '',
  'auto_start' => true,
)
[ info ] [ DB ] INIT mysql
[ info ] [ RUN ] app\admin\controller\IndexController->default[ /var/www/book/app/admin/controller/IndexController.php ]
[ info ] [ VIEW ] /var/www/book/public/../app/admin/view/index/default.html [ array (
  0 => 'menu',
) ]
[ info ] [ LOG ] INIT File
[ sql ] [ DB ] CONNECT:[ UseTime:0.000411s ] mysql:host=127.0.0.1;dbname=book;charset=utf8
[ sql ] [ SQL ] SHOW COLUMNS FROM `b_admin` [ RunTime:0.001920s ]
[ sql ] [ SQL ] SELECT * FROM `b_admin` WHERE  `id` = 35 LIMIT 1 [ RunTime:0.000375s ]
[ sql ] [ SQL ] SHOW COLUMNS FROM `b_access` [ RunTime:0.001029s ]
[ sql ] [ SQL ] SELECT * FROM `b_access` [ RunTime:0.000286s ]
---------------------------------------------------------------
[ 2018-05-30T18:29:01+08:00 ] 119.139.196.166 GET /admin/admin/index
[ info ] book.limaolin.top/admin/admin/index [运行时间：0.009412s][吞吐率：106.25req/s] [内存消耗：437.70kb] [文件加载：55]
[ info ] [ LANG ] /var/www/book/thinkphp/lang/zh-cn.php
[ info ] [ ROUTE ] array (
  'type' => 'module',
  'module' => 
  array (
    0 => 'admin',
    1 => 'admin',
    2 => 'index',
  ),
)
[ info ] [ HEADER ] array (
  'cookie' => 'PHPSESSID=7b862cfc3307f7d9c745382cc4d49d8f; thinkphp_show_page_trace=0|0',
  'accept-language' => 'zh-CN,zh;q=0.9',
  'accept-encoding' => 'gzip, deflate',
  'referer' => 'http://book.limaolin.top/admin',
  'accept' => 'text/html,application/xhtml+xml,application/xml;q=0.9,image/webp,image/apng,*/*;q=0.8',
  'user-agent' => 'Mozilla/5.0 (Windows NT 10.0; WOW64) AppleWebKit/537.36 (KHTML, like Gecko) Chrome/66.0.3359.181 Safari/537.36',
  'upgrade-insecure-requests' => '1',
  'connection' => 'keep-alive',
  'host' => 'book.limaolin.top',
  'content-type' => '',
  'content-length' => '',
)
[ info ] [ PARAM ] array (
)
[ info ] [ SESSION ] INIT array (
  'id' => '',
  'var_session_id' => '',
  'prefix' => 'think',
  'type' => '',
  'auto_start' => true,
)
[ info ] [ DB ] INIT mysql
[ info ] [ RUN ] app\admin\controller\TemplateController->index[ /var/www/book/app/admin/controller/TemplateController.php ]
[ info ] [ VIEW ] /var/www/book/public/../app/admin/view/./template/index.html [ array (
  0 => 'menu',
  1 => 'data',
) ]
[ info ] [ LOG ] INIT File
[ sql ] [ DB ] CONNECT:[ UseTime:0.000412s ] mysql:host=127.0.0.1;dbname=book;charset=utf8
[ sql ] [ SQL ] SHOW COLUMNS FROM `b_admin` [ RunTime:0.001472s ]
[ sql ] [ SQL ] SELECT * FROM `b_admin` WHERE  `id` = 35 LIMIT 1 [ RunTime:0.000360s ]
[ sql ] [ SQL ] SELECT * FROM `b_admin` WHERE  `id` = 35 LIMIT 1 [ RunTime:0.000200s ]
[ sql ] [ SQL ] SHOW COLUMNS FROM `b_access` [ RunTime:0.001150s ]
[ sql ] [ SQL ] SELECT * FROM `b_access` [ RunTime:0.000368s ]
---------------------------------------------------------------
[ 2018-05-30T18:29:05+08:00 ] 119.139.196.166 GET /admin/admin/index?page=1&limit=10
[ info ] book.limaolin.top/admin/admin/index?page=1&limit=10 [运行时间：0.109015s][吞吐率：9.17req/s] [内存消耗：599.51kb] [文件加载：60]
[ info ] [ LANG ] /var/www/book/thinkphp/lang/zh-cn.php
[ info ] [ ROUTE ] array (
  'type' => 'module',
  'module' => 
  array (
    0 => 'admin',
    1 => 'admin',
    2 => 'index',
  ),
)
[ info ] [ HEADER ] array (
  'cookie' => 'PHPSESSID=7b862cfc3307f7d9c745382cc4d49d8f; thinkphp_show_page_trace=0|0',
  'accept-language' => 'zh-CN,zh;q=0.9',
  'accept-encoding' => 'gzip, deflate',
  'referer' => 'http://book.limaolin.top/admin/admin/index',
  'user-agent' => 'Mozilla/5.0 (Windows NT 10.0; WOW64) AppleWebKit/537.36 (KHTML, like Gecko) Chrome/66.0.3359.181 Safari/537.36',
  'x-requested-with' => 'XMLHttpRequest',
  'accept' => 'application/json, text/javascript, */*; q=0.01',
  'connection' => 'keep-alive',
  'host' => 'book.limaolin.top',
  'content-type' => '',
  'content-length' => '',
)
[ info ] [ PARAM ] array (
  'page' => '1',
  'limit' => '10',
)
[ info ] [ SESSION ] INIT array (
  'id' => '',
  'var_session_id' => '',
  'prefix' => 'think',
  'type' => '',
  'auto_start' => true,
)
[ info ] [ DB ] INIT mysql
[ info ] [ RUN ] app\admin\controller\TemplateController->index[ /var/www/book/app/admin/controller/TemplateController.php ]
[ info ] [ LOG ] INIT File
[ sql ] [ DB ] CONNECT:[ UseTime:0.000443s ] mysql:host=127.0.0.1;dbname=book;charset=utf8
[ sql ] [ SQL ] SHOW COLUMNS FROM `b_admin` [ RunTime:0.001621s ]
[ sql ] [ SQL ] SELECT * FROM `b_admin` WHERE  `id` = 35 LIMIT 1 [ RunTime:0.000368s ]
[ sql ] [ SQL ] SELECT * FROM `b_admin` WHERE  `id` = 35 LIMIT 1 [ RunTime:0.000207s ]
[ sql ] [ SQL ] SHOW COLUMNS FROM `b_access` [ RunTime:0.001145s ]
[ sql ] [ SQL ] SELECT * FROM `b_access` [ RunTime:0.000320s ]
[ sql ] [ SQL ] SHOW COLUMNS FROM `b_system_log` [ RunTime:0.003176s ]
[ sql ] [ SQL ] INSERT INTO `b_system_log` (`query_params` , `admin_username` , `ip` , `target_url` , `ua`) VALUES ('{\"page\":\"1\",\"limit\":\"10\"}' , 'admin' , '119.139.196.166' , '/admin/admin/index?page=1&limit=10' , 'Mozilla/5.0 (Windows NT 10.0; WOW64) AppleWebKit/537.36 (KHTML, like Gecko) Chrome/66.0.3359.181 Safari/537.36') [ RunTime:0.081853s ]
[ sql ] [ SQL ] SELECT COUNT(*) AS tp_count FROM `b_admin` LIMIT 1 [ RunTime:0.000492s ]
[ sql ] [ SQL ] SELECT `id`,`username`,`role_id`,`is_admin`,`reg_time`,`update_time`,`state` FROM `b_admin` LIMIT 0,10 [ RunTime:0.000288s ]
[ sql ] [ SQL ] SHOW COLUMNS FROM `b_role` [ RunTime:0.002159s ]
[ sql ] [ SQL ] SELECT `id`,`name` FROM `b_role` WHERE  `id` = 5 LIMIT 1 [ RunTime:0.001725s ]
[ sql ] [ SQL ] SELECT `id`,`name` FROM `b_role` WHERE  `id` = 36 LIMIT 1 [ RunTime:0.000233s ]
[ sql ] [ SQL ] SELECT `id`,`name` FROM `b_role` WHERE  `id` = 37 LIMIT 1 [ RunTime:0.000201s ]
---------------------------------------------------------------
[ 2018-05-30T18:29:08+08:00 ] 119.139.196.166 GET /admin/access/index
[ info ] book.limaolin.top/admin/access/index [运行时间：0.009761s][吞吐率：102.45req/s] [内存消耗：437.61kb] [文件加载：55]
[ info ] [ LANG ] /var/www/book/thinkphp/lang/zh-cn.php
[ info ] [ ROUTE ] array (
  'type' => 'module',
  'module' => 
  array (
    0 => 'admin',
    1 => 'access',
    2 => 'index',
  ),
)
[ info ] [ HEADER ] array (
  'cookie' => 'PHPSESSID=7b862cfc3307f7d9c745382cc4d49d8f; thinkphp_show_page_trace=0|0',
  'accept-language' => 'zh-CN,zh;q=0.9',
  'accept-encoding' => 'gzip, deflate',
  'referer' => 'http://book.limaolin.top/admin',
  'accept' => 'text/html,application/xhtml+xml,application/xml;q=0.9,image/webp,image/apng,*/*;q=0.8',
  'user-agent' => 'Mozilla/5.0 (Windows NT 10.0; WOW64) AppleWebKit/537.36 (KHTML, like Gecko) Chrome/66.0.3359.181 Safari/537.36',
  'upgrade-insecure-requests' => '1',
  'connection' => 'keep-alive',
  'host' => 'book.limaolin.top',
  'content-type' => '',
  'content-length' => '',
)
[ info ] [ PARAM ] array (
)
[ info ] [ SESSION ] INIT array (
  'id' => '',
  'var_session_id' => '',
  'prefix' => 'think',
  'type' => '',
  'auto_start' => true,
)
[ info ] [ DB ] INIT mysql
[ info ] [ RUN ] app\admin\controller\AccessController->index[ /var/www/book/app/admin/controller/AccessController.php ]
[ info ] [ VIEW ] /var/www/book/public/../app/admin/view/access/index.html [ array (
  0 => 'menu',
  1 => 'data',
) ]
[ info ] [ LOG ] INIT File
[ sql ] [ DB ] CONNECT:[ UseTime:0.000438s ] mysql:host=127.0.0.1;dbname=book;charset=utf8
[ sql ] [ SQL ] SHOW COLUMNS FROM `b_admin` [ RunTime:0.001644s ]
[ sql ] [ SQL ] SELECT * FROM `b_admin` WHERE  `id` = 35 LIMIT 1 [ RunTime:0.000334s ]
[ sql ] [ SQL ] SELECT * FROM `b_admin` WHERE  `id` = 35 LIMIT 1 [ RunTime:0.000225s ]
[ sql ] [ SQL ] SHOW COLUMNS FROM `b_access` [ RunTime:0.001070s ]
[ sql ] [ SQL ] SELECT * FROM `b_access` [ RunTime:0.000291s ]
---------------------------------------------------------------
[ 2018-05-30T18:29:08+08:00 ] 119.139.196.166 GET /admin/access/index?page=1&limit=10
[ info ] book.limaolin.top/admin/access/index?page=1&limit=10 [运行时间：0.064759s][吞吐率：15.44req/s] [内存消耗：443.81kb] [文件加载：53]
[ info ] [ LANG ] /var/www/book/thinkphp/lang/zh-cn.php
[ info ] [ ROUTE ] array (
  'type' => 'module',
  'module' => 
  array (
    0 => 'admin',
    1 => 'access',
    2 => 'index',
  ),
)
[ info ] [ HEADER ] array (
  'cookie' => 'PHPSESSID=7b862cfc3307f7d9c745382cc4d49d8f; thinkphp_show_page_trace=0|0',
  'accept-language' => 'zh-CN,zh;q=0.9',
  'accept-encoding' => 'gzip, deflate',
  'referer' => 'http://book.limaolin.top/admin/access/index',
  'user-agent' => 'Mozilla/5.0 (Windows NT 10.0; WOW64) AppleWebKit/537.36 (KHTML, like Gecko) Chrome/66.0.3359.181 Safari/537.36',
  'x-requested-with' => 'XMLHttpRequest',
  'accept' => 'application/json, text/javascript, */*; q=0.01',
  'connection' => 'keep-alive',
  'host' => 'book.limaolin.top',
  'content-type' => '',
  'content-length' => '',
)
[ info ] [ PARAM ] array (
  'page' => '1',
  'limit' => '10',
)
[ info ] [ SESSION ] INIT array (
  'id' => '',
  'var_session_id' => '',
  'prefix' => 'think',
  'type' => '',
  'auto_start' => true,
)
[ info ] [ DB ] INIT mysql
[ info ] [ RUN ] app\admin\controller\AccessController->index[ /var/www/book/app/admin/controller/AccessController.php ]
[ info ] [ LOG ] INIT File
[ sql ] [ DB ] CONNECT:[ UseTime:0.000377s ] mysql:host=127.0.0.1;dbname=book;charset=utf8
[ sql ] [ SQL ] SHOW COLUMNS FROM `b_admin` [ RunTime:0.001496s ]
[ sql ] [ SQL ] SELECT * FROM `b_admin` WHERE  `id` = 35 LIMIT 1 [ RunTime:0.000336s ]
[ sql ] [ SQL ] SELECT * FROM `b_admin` WHERE  `id` = 35 LIMIT 1 [ RunTime:0.000211s ]
[ sql ] [ SQL ] SHOW COLUMNS FROM `b_access` [ RunTime:0.001056s ]
[ sql ] [ SQL ] SELECT * FROM `b_access` [ RunTime:0.000287s ]
[ sql ] [ SQL ] SHOW COLUMNS FROM `b_system_log` [ RunTime:0.000994s ]
[ sql ] [ SQL ] INSERT INTO `b_system_log` (`query_params` , `admin_username` , `ip` , `target_url` , `ua`) VALUES ('{\"page\":\"1\",\"limit\":\"10\"}' , 'admin' , '119.139.196.166' , '/admin/access/index?page=1&limit=10' , 'Mozilla/5.0 (Windows NT 10.0; WOW64) AppleWebKit/537.36 (KHTML, like Gecko) Chrome/66.0.3359.181 Safari/537.36') [ RunTime:0.054192s ]
[ sql ] [ SQL ] SELECT `id`,`title`,`url`,`pid`,`state`,`class` FROM `b_access` [ RunTime:0.000455s ]
[ sql ] [ SQL ] SELECT COUNT(*) AS tp_count FROM `b_access` LIMIT 1 [ RunTime:0.000282s ]
---------------------------------------------------------------
[ 2018-05-30T18:29:09+08:00 ] 119.139.196.166 GET /admin/role/index
[ info ] book.limaolin.top/admin/role/index [运行时间：0.008672s][吞吐率：115.31req/s] [内存消耗：417.47kb] [文件加载：53]
[ info ] [ LANG ] /var/www/book/thinkphp/lang/zh-cn.php
[ info ] [ ROUTE ] array (
  'type' => 'module',
  'module' => 
  array (
    0 => 'admin',
    1 => 'role',
    2 => 'index',
  ),
)
[ info ] [ HEADER ] array (
  'cookie' => 'PHPSESSID=7b862cfc3307f7d9c745382cc4d49d8f; thinkphp_show_page_trace=0|0',
  'accept-language' => 'zh-CN,zh;q=0.9',
  'accept-encoding' => 'gzip, deflate',
  'referer' => 'http://book.limaolin.top/admin',
  'accept' => 'text/html,application/xhtml+xml,application/xml;q=0.9,image/webp,image/apng,*/*;q=0.8',
  'user-agent' => 'Mozilla/5.0 (Windows NT 10.0; WOW64) AppleWebKit/537.36 (KHTML, like Gecko) Chrome/66.0.3359.181 Safari/537.36',
  'upgrade-insecure-requests' => '1',
  'connection' => 'keep-alive',
  'host' => 'book.limaolin.top',
  'content-type' => '',
  'content-length' => '',
)
[ info ] [ PARAM ] array (
)
[ info ] [ SESSION ] INIT array (
  'id' => '',
  'var_session_id' => '',
  'prefix' => 'think',
  'type' => '',
  'auto_start' => true,
)
[ info ] [ DB ] INIT mysql
[ info ] [ RUN ] app\admin\controller\TemplateController->index[ /var/www/book/app/admin/controller/TemplateController.php ]
[ info ] [ VIEW ] /var/www/book/public/../app/admin/view/./template/index.html [ array (
  0 => 'menu',
  1 => 'data',
) ]
[ info ] [ LOG ] INIT File
[ sql ] [ DB ] CONNECT:[ UseTime:0.000413s ] mysql:host=127.0.0.1;dbname=book;charset=utf8
[ sql ] [ SQL ] SHOW COLUMNS FROM `b_admin` [ RunTime:0.001916s ]
[ sql ] [ SQL ] SELECT * FROM `b_admin` WHERE  `id` = 35 LIMIT 1 [ RunTime:0.000368s ]
[ sql ] [ SQL ] SELECT * FROM `b_admin` WHERE  `id` = 35 LIMIT 1 [ RunTime:0.000208s ]
[ sql ] [ SQL ] SHOW COLUMNS FROM `b_access` [ RunTime:0.001104s ]
[ sql ] [ SQL ] SELECT * FROM `b_access` [ RunTime:0.000316s ]
---------------------------------------------------------------
[ 2018-05-30T18:29:10+08:00 ] 119.139.196.166 GET /admin/role/index?page=1&limit=10
[ info ] book.limaolin.top/admin/role/index?page=1&limit=10 [运行时间：0.070864s][吞吐率：14.11req/s] [内存消耗：450.03kb] [文件加载：56]
[ info ] [ LANG ] /var/www/book/thinkphp/lang/zh-cn.php
[ info ] [ ROUTE ] array (
  'type' => 'module',
  'module' => 
  array (
    0 => 'admin',
    1 => 'role',
    2 => 'index',
  ),
)
[ info ] [ HEADER ] array (
  'cookie' => 'PHPSESSID=7b862cfc3307f7d9c745382cc4d49d8f; thinkphp_show_page_trace=0|0',
  'accept-language' => 'zh-CN,zh;q=0.9',
  'accept-encoding' => 'gzip, deflate',
  'referer' => 'http://book.limaolin.top/admin/role/index',
  'user-agent' => 'Mozilla/5.0 (Windows NT 10.0; WOW64) AppleWebKit/537.36 (KHTML, like Gecko) Chrome/66.0.3359.181 Safari/537.36',
  'x-requested-with' => 'XMLHttpRequest',
  'accept' => 'application/json, text/javascript, */*; q=0.01',
  'connection' => 'keep-alive',
  'host' => 'book.limaolin.top',
  'content-type' => '',
  'content-length' => '',
)
[ info ] [ PARAM ] array (
  'page' => '1',
  'limit' => '10',
)
[ info ] [ SESSION ] INIT array (
  'id' => '',
  'var_session_id' => '',
  'prefix' => 'think',
  'type' => '',
  'auto_start' => true,
)
[ info ] [ DB ] INIT mysql
[ info ] [ RUN ] app\admin\controller\TemplateController->index[ /var/www/book/app/admin/controller/TemplateController.php ]
[ info ] [ LOG ] INIT File
[ sql ] [ DB ] CONNECT:[ UseTime:0.000398s ] mysql:host=127.0.0.1;dbname=book;charset=utf8
[ sql ] [ SQL ] SHOW COLUMNS FROM `b_admin` [ RunTime:0.001428s ]
[ sql ] [ SQL ] SELECT * FROM `b_admin` WHERE  `id` = 35 LIMIT 1 [ RunTime:0.000355s ]
[ sql ] [ SQL ] SELECT * FROM `b_admin` WHERE  `id` = 35 LIMIT 1 [ RunTime:0.000205s ]
[ sql ] [ SQL ] SHOW COLUMNS FROM `b_access` [ RunTime:0.000999s ]
[ sql ] [ SQL ] SELECT * FROM `b_access` [ RunTime:0.000290s ]
[ sql ] [ SQL ] SHOW COLUMNS FROM `b_system_log` [ RunTime:0.000998s ]
[ sql ] [ SQL ] INSERT INTO `b_system_log` (`query_params` , `admin_username` , `ip` , `target_url` , `ua`) VALUES ('{\"page\":\"1\",\"limit\":\"10\"}' , 'admin' , '119.139.196.166' , '/admin/role/index?page=1&limit=10' , 'Mozilla/5.0 (Windows NT 10.0; WOW64) AppleWebKit/537.36 (KHTML, like Gecko) Chrome/66.0.3359.181 Safari/537.36') [ RunTime:0.060501s ]
[ sql ] [ SQL ] SHOW COLUMNS FROM `b_role` [ RunTime:0.001864s ]
[ sql ] [ SQL ] SELECT COUNT(*) AS tp_count FROM `b_role` LIMIT 1 [ RunTime:0.000348s ]
[ sql ] [ SQL ] SELECT `id`,`name`,`state`,`access_id`,`update_time`,`remark` FROM `b_role` LIMIT 0,10 [ RunTime:0.000232s ]
---------------------------------------------------------------
[ 2018-05-30T18:29:10+08:00 ] 119.139.196.166 GET /admin/admin_log/index
[ info ] book.limaolin.top/admin/admin_log/index [运行时间：0.007089s][吞吐率：141.06req/s] [内存消耗：413.16kb] [文件加载：53]
[ info ] [ LANG ] /var/www/book/thinkphp/lang/zh-cn.php
[ info ] [ ROUTE ] array (
  'type' => 'module',
  'module' => 
  array (
    0 => 'admin',
    1 => 'admin_log',
    2 => 'index',
  ),
)
[ info ] [ HEADER ] array (
  'cookie' => 'PHPSESSID=7b862cfc3307f7d9c745382cc4d49d8f; thinkphp_show_page_trace=0|0',
  'accept-language' => 'zh-CN,zh;q=0.9',
  'accept-encoding' => 'gzip, deflate',
  'referer' => 'http://book.limaolin.top/admin',
  'accept' => 'text/html,application/xhtml+xml,application/xml;q=0.9,image/webp,image/apng,*/*;q=0.8',
  'user-agent' => 'Mozilla/5.0 (Windows NT 10.0; WOW64) AppleWebKit/537.36 (KHTML, like Gecko) Chrome/66.0.3359.181 Safari/537.36',
  'upgrade-insecure-requests' => '1',
  'connection' => 'keep-alive',
  'host' => 'book.limaolin.top',
  'content-type' => '',
  'content-length' => '',
)
[ info ] [ PARAM ] array (
)
[ info ] [ SESSION ] INIT array (
  'id' => '',
  'var_session_id' => '',
  'prefix' => 'think',
  'type' => '',
  'auto_start' => true,
)
[ info ] [ DB ] INIT mysql
[ info ] [ RUN ] app\admin\controller\TemplateController->index[ /var/www/book/app/admin/controller/TemplateController.php ]
[ info ] [ VIEW ] /var/www/book/public/../app/admin/view/./template/index.html [ array (
  0 => 'menu',
  1 => 'data',
) ]
[ info ] [ LOG ] INIT File
[ sql ] [ DB ] CONNECT:[ UseTime:0.000416s ] mysql:host=127.0.0.1;dbname=book;charset=utf8
[ sql ] [ SQL ] SHOW COLUMNS FROM `b_admin` [ RunTime:0.001510s ]
[ sql ] [ SQL ] SELECT * FROM `b_admin` WHERE  `id` = 35 LIMIT 1 [ RunTime:0.000380s ]
[ sql ] [ SQL ] SELECT * FROM `b_admin` WHERE  `id` = 35 LIMIT 1 [ RunTime:0.000212s ]
[ sql ] [ SQL ] SHOW COLUMNS FROM `b_access` [ RunTime:0.001042s ]
[ sql ] [ SQL ] SELECT * FROM `b_access` [ RunTime:0.000288s ]
---------------------------------------------------------------
[ 2018-05-30T18:29:10+08:00 ] 119.139.196.166 GET /admin/admin_log/index?page=1&limit=10
[ info ] book.limaolin.top/admin/admin_log/index?page=1&limit=10 [运行时间：0.054913s][吞吐率：18.21req/s] [内存消耗：450.91kb] [文件加载：56]
[ info ] [ LANG ] /var/www/book/thinkphp/lang/zh-cn.php
[ info ] [ ROUTE ] array (
  'type' => 'module',
  'module' => 
  array (
    0 => 'admin',
    1 => 'admin_log',
    2 => 'index',
  ),
)
[ info ] [ HEADER ] array (
  'cookie' => 'PHPSESSID=7b862cfc3307f7d9c745382cc4d49d8f; thinkphp_show_page_trace=0|0',
  'accept-language' => 'zh-CN,zh;q=0.9',
  'accept-encoding' => 'gzip, deflate',
  'referer' => 'http://book.limaolin.top/admin/admin_log/index',
  'user-agent' => 'Mozilla/5.0 (Windows NT 10.0; WOW64) AppleWebKit/537.36 (KHTML, like Gecko) Chrome/66.0.3359.181 Safari/537.36',
  'x-requested-with' => 'XMLHttpRequest',
  'accept' => 'application/json, text/javascript, */*; q=0.01',
  'connection' => 'keep-alive',
  'host' => 'book.limaolin.top',
  'content-type' => '',
  'content-length' => '',
)
[ info ] [ PARAM ] array (
  'page' => '1',
  'limit' => '10',
)
[ info ] [ SESSION ] INIT array (
  'id' => '',
  'var_session_id' => '',
  'prefix' => 'think',
  'type' => '',
  'auto_start' => true,
)
[ info ] [ DB ] INIT mysql
[ info ] [ RUN ] app\admin\controller\TemplateController->index[ /var/www/book/app/admin/controller/TemplateController.php ]
[ info ] [ LOG ] INIT File
[ sql ] [ DB ] CONNECT:[ UseTime:0.000397s ] mysql:host=127.0.0.1;dbname=book;charset=utf8
[ sql ] [ SQL ] SHOW COLUMNS FROM `b_admin` [ RunTime:0.001424s ]
[ sql ] [ SQL ] SELECT * FROM `b_admin` WHERE  `id` = 35 LIMIT 1 [ RunTime:0.000357s ]
[ sql ] [ SQL ] SELECT * FROM `b_admin` WHERE  `id` = 35 LIMIT 1 [ RunTime:0.000222s ]
[ sql ] [ SQL ] SHOW COLUMNS FROM `b_access` [ RunTime:0.001020s ]
[ sql ] [ SQL ] SELECT * FROM `b_access` [ RunTime:0.000334s ]
[ sql ] [ SQL ] SHOW COLUMNS FROM `b_system_log` [ RunTime:0.001011s ]
[ sql ] [ SQL ] INSERT INTO `b_system_log` (`query_params` , `admin_username` , `ip` , `target_url` , `ua`) VALUES ('{\"page\":\"1\",\"limit\":\"10\"}' , 'admin' , '119.139.196.166' , '/admin/admin_log/index?page=1&limit=10' , 'Mozilla/5.0 (Windows NT 10.0; WOW64) AppleWebKit/537.36 (KHTML, like Gecko) Chrome/66.0.3359.181 Safari/537.36') [ RunTime:0.042616s ]
[ sql ] [ SQL ] SHOW COLUMNS FROM `b_admin_log` [ RunTime:0.002231s ]
[ sql ] [ SQL ] SELECT COUNT(*) AS tp_count FROM `b_admin_log` LIMIT 1 [ RunTime:0.001644s ]
[ sql ] [ SQL ] SELECT `id`,`admin_username`,`ip`,`time` FROM `b_admin_log` LIMIT 0,10 [ RunTime:0.000262s ]
---------------------------------------------------------------
[ 2018-05-30T18:29:12+08:00 ] 119.139.196.166 GET /admin/system_log/index
[ info ] book.limaolin.top/admin/system_log/index [运行时间：0.006904s][吞吐率：144.84req/s] [内存消耗：416.93kb] [文件加载：53]
[ info ] [ LANG ] /var/www/book/thinkphp/lang/zh-cn.php
[ info ] [ ROUTE ] array (
  'type' => 'module',
  'module' => 
  array (
    0 => 'admin',
    1 => 'system_log',
    2 => 'index',
  ),
)
[ info ] [ HEADER ] array (
  'cookie' => 'PHPSESSID=7b862cfc3307f7d9c745382cc4d49d8f; thinkphp_show_page_trace=0|0',
  'accept-language' => 'zh-CN,zh;q=0.9',
  'accept-encoding' => 'gzip, deflate',
  'referer' => 'http://book.limaolin.top/admin',
  'accept' => 'text/html,application/xhtml+xml,application/xml;q=0.9,image/webp,image/apng,*/*;q=0.8',
  'user-agent' => 'Mozilla/5.0 (Windows NT 10.0; WOW64) AppleWebKit/537.36 (KHTML, like Gecko) Chrome/66.0.3359.181 Safari/537.36',
  'upgrade-insecure-requests' => '1',
  'connection' => 'keep-alive',
  'host' => 'book.limaolin.top',
  'content-type' => '',
  'content-length' => '',
)
[ info ] [ PARAM ] array (
)
[ info ] [ SESSION ] INIT array (
  'id' => '',
  'var_session_id' => '',
  'prefix' => 'think',
  'type' => '',
  'auto_start' => true,
)
[ info ] [ DB ] INIT mysql
[ info ] [ RUN ] app\admin\controller\TemplateController->index[ /var/www/book/app/admin/controller/TemplateController.php ]
[ info ] [ VIEW ] /var/www/book/public/../app/admin/view/./template/index.html [ array (
  0 => 'menu',
  1 => 'data',
) ]
[ info ] [ LOG ] INIT File
[ sql ] [ DB ] CONNECT:[ UseTime:0.000409s ] mysql:host=127.0.0.1;dbname=book;charset=utf8
[ sql ] [ SQL ] SHOW COLUMNS FROM `b_admin` [ RunTime:0.001463s ]
[ sql ] [ SQL ] SELECT * FROM `b_admin` WHERE  `id` = 35 LIMIT 1 [ RunTime:0.000350s ]
[ sql ] [ SQL ] SELECT * FROM `b_admin` WHERE  `id` = 35 LIMIT 1 [ RunTime:0.000202s ]
[ sql ] [ SQL ] SHOW COLUMNS FROM `b_access` [ RunTime:0.001005s ]
[ sql ] [ SQL ] SELECT * FROM `b_access` [ RunTime:0.000291s ]
---------------------------------------------------------------
[ 2018-05-30T18:29:12+08:00 ] 119.139.196.166 GET /admin/system_log/index?page=1&limit=10
[ info ] book.limaolin.top/admin/system_log/index?page=1&limit=10 [运行时间：0.056963s][吞吐率：17.56req/s] [内存消耗：455.16kb] [文件加载：56]
[ info ] [ LANG ] /var/www/book/thinkphp/lang/zh-cn.php
[ info ] [ ROUTE ] array (
  'type' => 'module',
  'module' => 
  array (
    0 => 'admin',
    1 => 'system_log',
    2 => 'index',
  ),
)
[ info ] [ HEADER ] array (
  'cookie' => 'PHPSESSID=7b862cfc3307f7d9c745382cc4d49d8f; thinkphp_show_page_trace=0|0',
  'accept-language' => 'zh-CN,zh;q=0.9',
  'accept-encoding' => 'gzip, deflate',
  'referer' => 'http://book.limaolin.top/admin/system_log/index',
  'user-agent' => 'Mozilla/5.0 (Windows NT 10.0; WOW64) AppleWebKit/537.36 (KHTML, like Gecko) Chrome/66.0.3359.181 Safari/537.36',
  'x-requested-with' => 'XMLHttpRequest',
  'accept' => 'application/json, text/javascript, */*; q=0.01',
  'connection' => 'keep-alive',
  'host' => 'book.limaolin.top',
  'content-type' => '',
  'content-length' => '',
)
[ info ] [ PARAM ] array (
  'page' => '1',
  'limit' => '10',
)
[ info ] [ SESSION ] INIT array (
  'id' => '',
  'var_session_id' => '',
  'prefix' => 'think',
  'type' => '',
  'auto_start' => true,
)
[ info ] [ DB ] INIT mysql
[ info ] [ RUN ] app\admin\controller\TemplateController->index[ /var/www/book/app/admin/controller/TemplateController.php ]
[ info ] [ LOG ] INIT File
[ sql ] [ DB ] CONNECT:[ UseTime:0.000429s ] mysql:host=127.0.0.1;dbname=book;charset=utf8
[ sql ] [ SQL ] SHOW COLUMNS FROM `b_admin` [ RunTime:0.001490s ]
[ sql ] [ SQL ] SELECT * FROM `b_admin` WHERE  `id` = 35 LIMIT 1 [ RunTime:0.000371s ]
[ sql ] [ SQL ] SELECT * FROM `b_admin` WHERE  `id` = 35 LIMIT 1 [ RunTime:0.000203s ]
[ sql ] [ SQL ] SHOW COLUMNS FROM `b_access` [ RunTime:0.001057s ]
[ sql ] [ SQL ] SELECT * FROM `b_access` [ RunTime:0.000312s ]
[ sql ] [ SQL ] SHOW COLUMNS FROM `b_system_log` [ RunTime:0.001056s ]
[ sql ] [ SQL ] INSERT INTO `b_system_log` (`query_params` , `admin_username` , `ip` , `target_url` , `ua`) VALUES ('{\"page\":\"1\",\"limit\":\"10\"}' , 'admin' , '119.139.196.166' , '/admin/system_log/index?page=1&limit=10' , 'Mozilla/5.0 (Windows NT 10.0; WOW64) AppleWebKit/537.36 (KHTML, like Gecko) Chrome/66.0.3359.181 Safari/537.36') [ RunTime:0.047118s ]
[ sql ] [ SQL ] SELECT COUNT(*) AS tp_count FROM `b_system_log` LIMIT 1 [ RunTime:0.001016s ]
[ sql ] [ SQL ] SELECT `id`,`admin_username`,`target_url`,`query_params`,`ua`,`ip`,`note`,`create_time` FROM `b_system_log` LIMIT 0,10 [ RunTime:0.000358s ]
---------------------------------------------------------------
[ 2018-05-30T18:29:14+08:00 ] 119.139.196.166 GET /admin/user/index
[ info ] book.limaolin.top/admin/user/index [运行时间：0.007168s][吞吐率：139.51req/s] [内存消耗：417.38kb] [文件加载：53]
[ info ] [ LANG ] /var/www/book/thinkphp/lang/zh-cn.php
[ info ] [ ROUTE ] array (
  'type' => 'module',
  'module' => 
  array (
    0 => 'admin',
    1 => 'user',
    2 => 'index',
  ),
)
[ info ] [ HEADER ] array (
  'cookie' => 'PHPSESSID=7b862cfc3307f7d9c745382cc4d49d8f; thinkphp_show_page_trace=0|0',
  'accept-language' => 'zh-CN,zh;q=0.9',
  'accept-encoding' => 'gzip, deflate',
  'referer' => 'http://book.limaolin.top/admin',
  'accept' => 'text/html,application/xhtml+xml,application/xml;q=0.9,image/webp,image/apng,*/*;q=0.8',
  'user-agent' => 'Mozilla/5.0 (Windows NT 10.0; WOW64) AppleWebKit/537.36 (KHTML, like Gecko) Chrome/66.0.3359.181 Safari/537.36',
  'upgrade-insecure-requests' => '1',
  'connection' => 'keep-alive',
  'host' => 'book.limaolin.top',
  'content-type' => '',
  'content-length' => '',
)
[ info ] [ PARAM ] array (
)
[ info ] [ SESSION ] INIT array (
  'id' => '',
  'var_session_id' => '',
  'prefix' => 'think',
  'type' => '',
  'auto_start' => true,
)
[ info ] [ DB ] INIT mysql
[ info ] [ RUN ] app\admin\controller\TemplateController->index[ /var/www/book/app/admin/controller/TemplateController.php ]
[ info ] [ VIEW ] /var/www/book/public/../app/admin/view/./template/index.html [ array (
  0 => 'menu',
  1 => 'data',
) ]
[ info ] [ LOG ] INIT File
[ sql ] [ DB ] CONNECT:[ UseTime:0.000404s ] mysql:host=127.0.0.1;dbname=book;charset=utf8
[ sql ] [ SQL ] SHOW COLUMNS FROM `b_admin` [ RunTime:0.001480s ]
[ sql ] [ SQL ] SELECT * FROM `b_admin` WHERE  `id` = 35 LIMIT 1 [ RunTime:0.000332s ]
[ sql ] [ SQL ] SELECT * FROM `b_admin` WHERE  `id` = 35 LIMIT 1 [ RunTime:0.000233s ]
[ sql ] [ SQL ] SHOW COLUMNS FROM `b_access` [ RunTime:0.001095s ]
[ sql ] [ SQL ] SELECT * FROM `b_access` [ RunTime:0.000287s ]
---------------------------------------------------------------
[ 2018-05-30T18:29:14+08:00 ] 119.139.196.166 GET /admin/user/index?page=1&limit=10
[ info ] book.limaolin.top/admin/user/index?page=1&limit=10 [运行时间：0.075099s][吞吐率：13.32req/s] [内存消耗：456.98kb] [文件加载：56]
[ info ] [ LANG ] /var/www/book/thinkphp/lang/zh-cn.php
[ info ] [ ROUTE ] array (
  'type' => 'module',
  'module' => 
  array (
    0 => 'admin',
    1 => 'user',
    2 => 'index',
  ),
)
[ info ] [ HEADER ] array (
  'cookie' => 'PHPSESSID=7b862cfc3307f7d9c745382cc4d49d8f; thinkphp_show_page_trace=0|0',
  'accept-language' => 'zh-CN,zh;q=0.9',
  'accept-encoding' => 'gzip, deflate',
  'referer' => 'http://book.limaolin.top/admin/user/index',
  'user-agent' => 'Mozilla/5.0 (Windows NT 10.0; WOW64) AppleWebKit/537.36 (KHTML, like Gecko) Chrome/66.0.3359.181 Safari/537.36',
  'x-requested-with' => 'XMLHttpRequest',
  'accept' => 'application/json, text/javascript, */*; q=0.01',
  'connection' => 'keep-alive',
  'host' => 'book.limaolin.top',
  'content-type' => '',
  'content-length' => '',
)
[ info ] [ PARAM ] array (
  'page' => '1',
  'limit' => '10',
)
[ info ] [ SESSION ] INIT array (
  'id' => '',
  'var_session_id' => '',
  'prefix' => 'think',
  'type' => '',
  'auto_start' => true,
)
[ info ] [ DB ] INIT mysql
[ info ] [ RUN ] app\admin\controller\TemplateController->index[ /var/www/book/app/admin/controller/TemplateController.php ]
[ info ] [ LOG ] INIT File
[ sql ] [ DB ] CONNECT:[ UseTime:0.000396s ] mysql:host=127.0.0.1;dbname=book;charset=utf8
[ sql ] [ SQL ] SHOW COLUMNS FROM `b_admin` [ RunTime:0.001537s ]
[ sql ] [ SQL ] SELECT * FROM `b_admin` WHERE  `id` = 35 LIMIT 1 [ RunTime:0.000331s ]
[ sql ] [ SQL ] SELECT * FROM `b_admin` WHERE  `id` = 35 LIMIT 1 [ RunTime:0.000198s ]
[ sql ] [ SQL ] SHOW COLUMNS FROM `b_access` [ RunTime:0.001011s ]
[ sql ] [ SQL ] SELECT * FROM `b_access` [ RunTime:0.000301s ]
[ sql ] [ SQL ] SHOW COLUMNS FROM `b_system_log` [ RunTime:0.001050s ]
[ sql ] [ SQL ] INSERT INTO `b_system_log` (`query_params` , `admin_username` , `ip` , `target_url` , `ua`) VALUES ('{\"page\":\"1\",\"limit\":\"10\"}' , 'admin' , '119.139.196.166' , '/admin/user/index?page=1&limit=10' , 'Mozilla/5.0 (Windows NT 10.0; WOW64) AppleWebKit/537.36 (KHTML, like Gecko) Chrome/66.0.3359.181 Safari/537.36') [ RunTime:0.061862s ]
[ sql ] [ SQL ] SHOW COLUMNS FROM `b_user` [ RunTime:0.002883s ]
[ sql ] [ SQL ] SELECT COUNT(*) AS tp_count FROM `b_user` LIMIT 1 [ RunTime:0.001797s ]
[ sql ] [ SQL ] SELECT `id`,`username`,`name`,`head`,`grade`,`integer`,`introduction`,`attention`,`fans` FROM `b_user` LIMIT 0,10 [ RunTime:0.000251s ]
---------------------------------------------------------------
[ 2018-05-30T18:29:18+08:00 ] 119.139.196.166 GET /admin/list/index
[ info ] book.limaolin.top/admin/list/index [运行时间：0.007285s][吞吐率：137.27req/s] [内存消耗：417.38kb] [文件加载：53]
[ info ] [ LANG ] /var/www/book/thinkphp/lang/zh-cn.php
[ info ] [ ROUTE ] array (
  'type' => 'module',
  'module' => 
  array (
    0 => 'admin',
    1 => 'list',
    2 => 'index',
  ),
)
[ info ] [ HEADER ] array (
  'cookie' => 'PHPSESSID=7b862cfc3307f7d9c745382cc4d49d8f; thinkphp_show_page_trace=0|0',
  'accept-language' => 'zh-CN,zh;q=0.9',
  'accept-encoding' => 'gzip, deflate',
  'referer' => 'http://book.limaolin.top/admin',
  'accept' => 'text/html,application/xhtml+xml,application/xml;q=0.9,image/webp,image/apng,*/*;q=0.8',
  'user-agent' => 'Mozilla/5.0 (Windows NT 10.0; WOW64) AppleWebKit/537.36 (KHTML, like Gecko) Chrome/66.0.3359.181 Safari/537.36',
  'upgrade-insecure-requests' => '1',
  'connection' => 'keep-alive',
  'host' => 'book.limaolin.top',
  'content-type' => '',
  'content-length' => '',
)
[ info ] [ PARAM ] array (
)
[ info ] [ SESSION ] INIT array (
  'id' => '',
  'var_session_id' => '',
  'prefix' => 'think',
  'type' => '',
  'auto_start' => true,
)
[ info ] [ DB ] INIT mysql
[ info ] [ RUN ] app\admin\controller\TemplateController->index[ /var/www/book/app/admin/controller/TemplateController.php ]
[ info ] [ VIEW ] /var/www/book/public/../app/admin/view/./template/index.html [ array (
  0 => 'menu',
  1 => 'data',
) ]
[ info ] [ LOG ] INIT File
[ sql ] [ DB ] CONNECT:[ UseTime:0.000404s ] mysql:host=127.0.0.1;dbname=book;charset=utf8
[ sql ] [ SQL ] SHOW COLUMNS FROM `b_admin` [ RunTime:0.001573s ]
[ sql ] [ SQL ] SELECT * FROM `b_admin` WHERE  `id` = 35 LIMIT 1 [ RunTime:0.000353s ]
[ sql ] [ SQL ] SELECT * FROM `b_admin` WHERE  `id` = 35 LIMIT 1 [ RunTime:0.000203s ]
[ sql ] [ SQL ] SHOW COLUMNS FROM `b_access` [ RunTime:0.001004s ]
[ sql ] [ SQL ] SELECT * FROM `b_access` [ RunTime:0.000304s ]
---------------------------------------------------------------
[ 2018-05-30T18:29:18+08:00 ] 119.139.196.166 GET /admin/list/index?page=1&limit=10
[ info ] book.limaolin.top/admin/list/index?page=1&limit=10 [运行时间：0.119049s][吞吐率：8.40req/s] [内存消耗：578.47kb] [文件加载：61]
[ info ] [ LANG ] /var/www/book/thinkphp/lang/zh-cn.php
[ info ] [ ROUTE ] array (
  'type' => 'module',
  'module' => 
  array (
    0 => 'admin',
    1 => 'list',
    2 => 'index',
  ),
)
[ info ] [ HEADER ] array (
  'cookie' => 'PHPSESSID=7b862cfc3307f7d9c745382cc4d49d8f; thinkphp_show_page_trace=0|0',
  'accept-language' => 'zh-CN,zh;q=0.9',
  'accept-encoding' => 'gzip, deflate',
  'referer' => 'http://book.limaolin.top/admin/list/index',
  'user-agent' => 'Mozilla/5.0 (Windows NT 10.0; WOW64) AppleWebKit/537.36 (KHTML, like Gecko) Chrome/66.0.3359.181 Safari/537.36',
  'x-requested-with' => 'XMLHttpRequest',
  'accept' => 'application/json, text/javascript, */*; q=0.01',
  'connection' => 'keep-alive',
  'host' => 'book.limaolin.top',
  'content-type' => '',
  'content-length' => '',
)
[ info ] [ PARAM ] array (
  'page' => '1',
  'limit' => '10',
)
[ info ] [ SESSION ] INIT array (
  'id' => '',
  'var_session_id' => '',
  'prefix' => 'think',
  'type' => '',
  'auto_start' => true,
)
[ info ] [ DB ] INIT mysql
[ info ] [ RUN ] app\admin\controller\TemplateController->index[ /var/www/book/app/admin/controller/TemplateController.php ]
[ info ] [ LOG ] INIT File
[ sql ] [ DB ] CONNECT:[ UseTime:0.000398s ] mysql:host=127.0.0.1;dbname=book;charset=utf8
[ sql ] [ SQL ] SHOW COLUMNS FROM `b_admin` [ RunTime:0.001471s ]
[ sql ] [ SQL ] SELECT * FROM `b_admin` WHERE  `id` = 35 LIMIT 1 [ RunTime:0.000362s ]
[ sql ] [ SQL ] SELECT * FROM `b_admin` WHERE  `id` = 35 LIMIT 1 [ RunTime:0.000209s ]
[ sql ] [ SQL ] SHOW COLUMNS FROM `b_access` [ RunTime:0.001055s ]
[ sql ] [ SQL ] SELECT * FROM `b_access` [ RunTime:0.000298s ]
[ sql ] [ SQL ] SHOW COLUMNS FROM `b_system_log` [ RunTime:0.001070s ]
[ sql ] [ SQL ] INSERT INTO `b_system_log` (`query_params` , `admin_username` , `ip` , `target_url` , `ua`) VALUES ('{\"page\":\"1\",\"limit\":\"10\"}' , 'admin' , '119.139.196.166' , '/admin/list/index?page=1&limit=10' , 'Mozilla/5.0 (Windows NT 10.0; WOW64) AppleWebKit/537.36 (KHTML, like Gecko) Chrome/66.0.3359.181 Safari/537.36') [ RunTime:0.096647s ]
[ sql ] [ SQL ] SHOW COLUMNS FROM `b_list` [ RunTime:0.001720s ]
[ sql ] [ SQL ] SELECT COUNT(*) AS tp_count FROM `b_list` WHERE  `status` = 1 LIMIT 1 [ RunTime:0.000346s ]
[ sql ] [ SQL ] SELECT `id`,`uid`,`zan`,`cai`,`biaoti`,`src`,`date`,`comment`,`type_id`,`voice`,`status` FROM `b_list` WHERE  `status` = 1 LIMIT 0,10 [ RunTime:0.000290s ]
[ sql ] [ SQL ] SHOW COLUMNS FROM `b_user` [ RunTime:0.001213s ]
[ sql ] [ SQL ] SELECT `id`,`name` FROM `b_user` WHERE  `id` = 10 LIMIT 1 [ RunTime:0.000362s ]
[ sql ] [ SQL ] SHOW COLUMNS FROM `b_type` [ RunTime:0.001906s ]
[ sql ] [ SQL ] SELECT `name` FROM `b_type` WHERE  `id` = 1 LIMIT 1 [ RunTime:0.001540s ]
[ sql ] [ SQL ] SELECT `id`,`name` FROM `b_user` WHERE  `id` = 10 LIMIT 1 [ RunTime:0.000218s ]
[ sql ] [ SQL ] SELECT `name` FROM `b_type` WHERE  `id` = 1 LIMIT 1 [ RunTime:0.000214s ]
[ sql ] [ SQL ] SELECT `id`,`name` FROM `b_user` WHERE  `id` = 10 LIMIT 1 [ RunTime:0.000215s ]
[ sql ] [ SQL ] SELECT `name` FROM `b_type` WHERE  `id` = 4 LIMIT 1 [ RunTime:0.000188s ]
[ sql ] [ SQL ] SELECT `id`,`name` FROM `b_user` WHERE  `id` = 10 LIMIT 1 [ RunTime:0.000208s ]
[ sql ] [ SQL ] SELECT `name` FROM `b_type` WHERE  `id` = 2 LIMIT 1 [ RunTime:0.000192s ]
[ sql ] [ SQL ] SELECT `id`,`name` FROM `b_user` WHERE  `id` = 10 LIMIT 1 [ RunTime:0.000202s ]
[ sql ] [ SQL ] SELECT `name` FROM `b_type` WHERE  `id` = 3 LIMIT 1 [ RunTime:0.000176s ]
[ sql ] [ SQL ] SELECT `id`,`name` FROM `b_user` WHERE  `id` = 10 LIMIT 1 [ RunTime:0.000195s ]
[ sql ] [ SQL ] SELECT `name` FROM `b_type` WHERE  `id` = 2 LIMIT 1 [ RunTime:0.000179s ]
[ sql ] [ SQL ] SELECT `id`,`name` FROM `b_user` WHERE  `id` = 10 LIMIT 1 [ RunTime:0.000191s ]
[ sql ] [ SQL ] SELECT `name` FROM `b_type` WHERE  `id` = 2 LIMIT 1 [ RunTime:0.000180s ]
[ sql ] [ SQL ] SELECT `id`,`name` FROM `b_user` WHERE  `id` = 11 LIMIT 1 [ RunTime:0.000184s ]
[ sql ] [ SQL ] SELECT `name` FROM `b_type` WHERE  `id` = 3 LIMIT 1 [ RunTime:0.000171s ]
[ sql ] [ SQL ] SELECT `id`,`name` FROM `b_user` WHERE  `id` = 20 LIMIT 1 [ RunTime:0.000176s ]
[ sql ] [ SQL ] SELECT `name` FROM `b_type` WHERE  `id` = 3 LIMIT 1 [ RunTime:0.000185s ]
---------------------------------------------------------------
[ 2018-05-30T18:29:20+08:00 ] 119.139.196.166 GET /admin/review/index
[ info ] book.limaolin.top/admin/review/index [运行时间：0.008258s][吞吐率：121.09req/s] [内存消耗：437.61kb] [文件加载：55]
[ info ] [ LANG ] /var/www/book/thinkphp/lang/zh-cn.php
[ info ] [ ROUTE ] array (
  'type' => 'module',
  'module' => 
  array (
    0 => 'admin',
    1 => 'review',
    2 => 'index',
  ),
)
[ info ] [ HEADER ] array (
  'cookie' => 'PHPSESSID=7b862cfc3307f7d9c745382cc4d49d8f; thinkphp_show_page_trace=0|0',
  'accept-language' => 'zh-CN,zh;q=0.9',
  'accept-encoding' => 'gzip, deflate',
  'referer' => 'http://book.limaolin.top/admin',
  'accept' => 'text/html,application/xhtml+xml,application/xml;q=0.9,image/webp,image/apng,*/*;q=0.8',
  'user-agent' => 'Mozilla/5.0 (Windows NT 10.0; WOW64) AppleWebKit/537.36 (KHTML, like Gecko) Chrome/66.0.3359.181 Safari/537.36',
  'upgrade-insecure-requests' => '1',
  'connection' => 'keep-alive',
  'host' => 'book.limaolin.top',
  'content-type' => '',
  'content-length' => '',
)
[ info ] [ PARAM ] array (
)
[ info ] [ SESSION ] INIT array (
  'id' => '',
  'var_session_id' => '',
  'prefix' => 'think',
  'type' => '',
  'auto_start' => true,
)
[ info ] [ DB ] INIT mysql
[ info ] [ RUN ] app\admin\controller\ReviewController->index[ /var/www/book/app/admin/controller/ReviewController.php ]
[ info ] [ VIEW ] /var/www/book/public/../app/admin/view/review/index.html [ array (
  0 => 'menu',
  1 => 'data',
) ]
[ info ] [ LOG ] INIT File
[ sql ] [ DB ] CONNECT:[ UseTime:0.000433s ] mysql:host=127.0.0.1;dbname=book;charset=utf8
[ sql ] [ SQL ] SHOW COLUMNS FROM `b_admin` [ RunTime:0.001525s ]
[ sql ] [ SQL ] SELECT * FROM `b_admin` WHERE  `id` = 35 LIMIT 1 [ RunTime:0.000266s ]
[ sql ] [ SQL ] SELECT * FROM `b_admin` WHERE  `id` = 35 LIMIT 1 [ RunTime:0.000214s ]
[ sql ] [ SQL ] SHOW COLUMNS FROM `b_access` [ RunTime:0.001038s ]
[ sql ] [ SQL ] SELECT * FROM `b_access` [ RunTime:0.000241s ]
---------------------------------------------------------------
[ 2018-05-30T18:29:20+08:00 ] 119.139.196.166 GET /admin/review/index?page=1&limit=10
[ info ] book.limaolin.top/admin/review/index?page=1&limit=10 [运行时间：0.049368s][吞吐率：20.26req/s] [内存消耗：451.42kb] [文件加载：56]
[ info ] [ LANG ] /var/www/book/thinkphp/lang/zh-cn.php
[ info ] [ ROUTE ] array (
  'type' => 'module',
  'module' => 
  array (
    0 => 'admin',
    1 => 'review',
    2 => 'index',
  ),
)
[ info ] [ HEADER ] array (
  'cookie' => 'PHPSESSID=7b862cfc3307f7d9c745382cc4d49d8f; thinkphp_show_page_trace=0|0',
  'accept-language' => 'zh-CN,zh;q=0.9',
  'accept-encoding' => 'gzip, deflate',
  'referer' => 'http://book.limaolin.top/admin/review/index',
  'user-agent' => 'Mozilla/5.0 (Windows NT 10.0; WOW64) AppleWebKit/537.36 (KHTML, like Gecko) Chrome/66.0.3359.181 Safari/537.36',
  'x-requested-with' => 'XMLHttpRequest',
  'accept' => 'application/json, text/javascript, */*; q=0.01',
  'connection' => 'keep-alive',
  'host' => 'book.limaolin.top',
  'content-type' => '',
  'content-length' => '',
)
[ info ] [ PARAM ] array (
  'page' => '1',
  'limit' => '10',
)
[ info ] [ SESSION ] INIT array (
  'id' => '',
  'var_session_id' => '',
  'prefix' => 'think',
  'type' => '',
  'auto_start' => true,
)
[ info ] [ DB ] INIT mysql
[ info ] [ RUN ] app\admin\controller\ReviewController->index[ /var/www/book/app/admin/controller/ReviewController.php ]
[ info ] [ LOG ] INIT File
[ sql ] [ DB ] CONNECT:[ UseTime:0.000381s ] mysql:host=127.0.0.1;dbname=book;charset=utf8
[ sql ] [ SQL ] SHOW COLUMNS FROM `b_admin` [ RunTime:0.001499s ]
[ sql ] [ SQL ] SELECT * FROM `b_admin` WHERE  `id` = 35 LIMIT 1 [ RunTime:0.000293s ]
[ sql ] [ SQL ] SELECT * FROM `b_admin` WHERE  `id` = 35 LIMIT 1 [ RunTime:0.000214s ]
[ sql ] [ SQL ] SHOW COLUMNS FROM `b_access` [ RunTime:0.001123s ]
[ sql ] [ SQL ] SELECT * FROM `b_access` [ RunTime:0.000247s ]
[ sql ] [ SQL ] SHOW COLUMNS FROM `b_system_log` [ RunTime:0.001086s ]
[ sql ] [ SQL ] INSERT INTO `b_system_log` (`query_params` , `admin_username` , `ip` , `target_url` , `ua`) VALUES ('{\"page\":\"1\",\"limit\":\"10\"}' , 'admin' , '119.139.196.166' , '/admin/review/index?page=1&limit=10' , 'Mozilla/5.0 (Windows NT 10.0; WOW64) AppleWebKit/537.36 (KHTML, like Gecko) Chrome/66.0.3359.181 Safari/537.36') [ RunTime:0.039138s ]
[ sql ] [ SQL ] SHOW COLUMNS FROM `b_list` [ RunTime:0.001747s ]
[ sql ] [ SQL ] SELECT COUNT(*) AS tp_count FROM `b_list` WHERE  `status` = 0 LIMIT 1 [ RunTime:0.000369s ]
[ sql ] [ SQL ] SELECT `id`,`uid`,`biaoti`,`src`,`date`,`type_id`,`voice`,`status` FROM `b_list` WHERE  `status` = 0 LIMIT 0,10 [ RunTime:0.000276s ]
---------------------------------------------------------------
[ 2018-05-30T18:29:22+08:00 ] 119.139.196.166 GET /admin/comments/index
[ info ] book.limaolin.top/admin/comments/index [运行时间：0.008499s][吞吐率：117.66req/s] [内存消耗：437.64kb] [文件加载：55]
[ info ] [ LANG ] /var/www/book/thinkphp/lang/zh-cn.php
[ info ] [ ROUTE ] array (
  'type' => 'module',
  'module' => 
  array (
    0 => 'admin',
    1 => 'comments',
    2 => 'index',
  ),
)
[ info ] [ HEADER ] array (
  'cookie' => 'PHPSESSID=7b862cfc3307f7d9c745382cc4d49d8f; thinkphp_show_page_trace=0|0',
  'accept-language' => 'zh-CN,zh;q=0.9',
  'accept-encoding' => 'gzip, deflate',
  'referer' => 'http://book.limaolin.top/admin',
  'accept' => 'text/html,application/xhtml+xml,application/xml;q=0.9,image/webp,image/apng,*/*;q=0.8',
  'user-agent' => 'Mozilla/5.0 (Windows NT 10.0; WOW64) AppleWebKit/537.36 (KHTML, like Gecko) Chrome/66.0.3359.181 Safari/537.36',
  'upgrade-insecure-requests' => '1',
  'connection' => 'keep-alive',
  'host' => 'book.limaolin.top',
  'content-type' => '',
  'content-length' => '',
)
[ info ] [ PARAM ] array (
)
[ info ] [ SESSION ] INIT array (
  'id' => '',
  'var_session_id' => '',
  'prefix' => 'think',
  'type' => '',
  'auto_start' => true,
)
[ info ] [ DB ] INIT mysql
[ info ] [ RUN ] app\admin\controller\CommentsController->index[ /var/www/book/app/admin/controller/CommentsController.php ]
[ info ] [ VIEW ] /var/www/book/public/../app/admin/view/comments/index.html [ array (
  0 => 'menu',
  1 => 'data',
) ]
[ info ] [ LOG ] INIT File
[ sql ] [ DB ] CONNECT:[ UseTime:0.000456s ] mysql:host=127.0.0.1;dbname=book;charset=utf8
[ sql ] [ SQL ] SHOW COLUMNS FROM `b_admin` [ RunTime:0.001655s ]
[ sql ] [ SQL ] SELECT * FROM `b_admin` WHERE  `id` = 35 LIMIT 1 [ RunTime:0.000332s ]
[ sql ] [ SQL ] SELECT * FROM `b_admin` WHERE  `id` = 35 LIMIT 1 [ RunTime:0.000212s ]
[ sql ] [ SQL ] SHOW COLUMNS FROM `b_access` [ RunTime:0.001062s ]
[ sql ] [ SQL ] SELECT * FROM `b_access` [ RunTime:0.000258s ]
---------------------------------------------------------------
[ 2018-05-30T18:29:22+08:00 ] 119.139.196.166 GET /admin/comments/index?page=1&limit=10
[ info ] book.limaolin.top/admin/comments/index?page=1&limit=10 [运行时间：0.097613s][吞吐率：10.24req/s] [内存消耗：552.49kb] [文件加载：61]
[ info ] [ LANG ] /var/www/book/thinkphp/lang/zh-cn.php
[ info ] [ ROUTE ] array (
  'type' => 'module',
  'module' => 
  array (
    0 => 'admin',
    1 => 'comments',
    2 => 'index',
  ),
)
[ info ] [ HEADER ] array (
  'cookie' => 'PHPSESSID=7b862cfc3307f7d9c745382cc4d49d8f; thinkphp_show_page_trace=0|0',
  'accept-language' => 'zh-CN,zh;q=0.9',
  'accept-encoding' => 'gzip, deflate',
  'referer' => 'http://book.limaolin.top/admin/comments/index',
  'user-agent' => 'Mozilla/5.0 (Windows NT 10.0; WOW64) AppleWebKit/537.36 (KHTML, like Gecko) Chrome/66.0.3359.181 Safari/537.36',
  'x-requested-with' => 'XMLHttpRequest',
  'accept' => 'application/json, text/javascript, */*; q=0.01',
  'connection' => 'keep-alive',
  'host' => 'book.limaolin.top',
  'content-type' => '',
  'content-length' => '',
)
[ info ] [ PARAM ] array (
  'page' => '1',
  'limit' => '10',
)
[ info ] [ SESSION ] INIT array (
  'id' => '',
  'var_session_id' => '',
  'prefix' => 'think',
  'type' => '',
  'auto_start' => true,
)
[ info ] [ DB ] INIT mysql
[ info ] [ RUN ] app\admin\controller\CommentsController->index[ /var/www/book/app/admin/controller/CommentsController.php ]
[ info ] [ LOG ] INIT File
[ sql ] [ DB ] CONNECT:[ UseTime:0.000407s ] mysql:host=127.0.0.1;dbname=book;charset=utf8
[ sql ] [ SQL ] SHOW COLUMNS FROM `b_admin` [ RunTime:0.001557s ]
[ sql ] [ SQL ] SELECT * FROM `b_admin` WHERE  `id` = 35 LIMIT 1 [ RunTime:0.000292s ]
[ sql ] [ SQL ] SELECT * FROM `b_admin` WHERE  `id` = 35 LIMIT 1 [ RunTime:0.000223s ]
[ sql ] [ SQL ] SHOW COLUMNS FROM `b_access` [ RunTime:0.001026s ]
[ sql ] [ SQL ] SELECT * FROM `b_access` [ RunTime:0.000249s ]
[ sql ] [ SQL ] SHOW COLUMNS FROM `b_system_log` [ RunTime:0.001063s ]
[ sql ] [ SQL ] INSERT INTO `b_system_log` (`query_params` , `admin_username` , `ip` , `target_url` , `ua`) VALUES ('{\"page\":\"1\",\"limit\":\"10\"}' , 'admin' , '119.139.196.166' , '/admin/comments/index?page=1&limit=10' , 'Mozilla/5.0 (Windows NT 10.0; WOW64) AppleWebKit/537.36 (KHTML, like Gecko) Chrome/66.0.3359.181 Safari/537.36') [ RunTime:0.081101s ]
[ sql ] [ SQL ] SHOW COLUMNS FROM `b_comments` [ RunTime:0.002280s ]
[ sql ] [ SQL ] SELECT COUNT(*) AS tp_count FROM `b_comments` WHERE  `status` = 0 LIMIT 1 [ RunTime:0.001752s ]
[ sql ] [ SQL ] SELECT `id`,`list_id`,`comments`,`date`,`uid`,`status` FROM `b_comments` WHERE  `status` = 0 LIMIT 0,10 [ RunTime:0.000292s ]
[ sql ] [ SQL ] SHOW COLUMNS FROM `b_user` [ RunTime:0.001272s ]
[ sql ] [ SQL ] SELECT `id`,`name` FROM `b_user` WHERE  `id` = 20 LIMIT 1 [ RunTime:0.000315s ]
[ sql ] [ SQL ] SHOW COLUMNS FROM `b_list` [ RunTime:0.001168s ]
[ sql ] [ SQL ] SELECT `id`,`biaoti` FROM `b_list` WHERE  `id` = 20 LIMIT 1 [ RunTime:0.000297s ]
---------------------------------------------------------------
[ 2018-05-30T18:29:24+08:00 ] 119.139.196.166 POST /admin/comments/edit
[ info ] book.limaolin.top/admin/comments/edit [运行时间：0.077988s][吞吐率：12.82req/s] [内存消耗：408.29kb] [文件加载：55]
[ info ] [ LANG ] /var/www/book/thinkphp/lang/zh-cn.php
[ info ] [ ROUTE ] array (
  'type' => 'module',
  'module' => 
  array (
    0 => 'admin',
    1 => 'comments',
    2 => 'edit',
  ),
)
[ info ] [ HEADER ] array (
  'cookie' => 'thinkphp_show_page_trace=0|0; PHPSESSID=7b862cfc3307f7d9c745382cc4d49d8f; thinkphp_show_page_trace=0|0',
  'accept-language' => 'zh-CN,zh;q=0.9',
  'accept-encoding' => 'gzip, deflate',
  'referer' => 'http://book.limaolin.top/admin/comments/index',
  'content-type' => 'application/x-www-form-urlencoded; charset=UTF-8',
  'user-agent' => 'Mozilla/5.0 (Windows NT 10.0; WOW64) AppleWebKit/537.36 (KHTML, like Gecko) Chrome/66.0.3359.181 Safari/537.36',
  'x-requested-with' => 'XMLHttpRequest',
  'origin' => 'http://book.limaolin.top',
  'accept' => 'application/json, text/javascript, */*; q=0.01',
  'content-length' => '5',
  'connection' => 'keep-alive',
  'host' => 'book.limaolin.top',
)
[ info ] [ PARAM ] array (
  'id' => '10',
)
[ info ] [ SESSION ] INIT array (
  'id' => '',
  'var_session_id' => '',
  'prefix' => 'think',
  'type' => '',
  'auto_start' => true,
)
[ info ] [ DB ] INIT mysql
[ info ] [ RUN ] app\admin\controller\CommentsController->edit[ /var/www/book/app/admin/controller/CommentsController.php ]
[ info ] [ CACHE ] INIT File
[ info ] [ LOG ] INIT File
[ sql ] [ DB ] CONNECT:[ UseTime:0.000449s ] mysql:host=127.0.0.1;dbname=book;charset=utf8
[ sql ] [ SQL ] SHOW COLUMNS FROM `b_admin` [ RunTime:0.001527s ]
[ sql ] [ SQL ] SELECT * FROM `b_admin` WHERE  `id` = 35 LIMIT 1 [ RunTime:0.000281s ]
[ sql ] [ SQL ] SELECT * FROM `b_admin` WHERE  `id` = 35 LIMIT 1 [ RunTime:0.000232s ]
[ sql ] [ SQL ] SHOW COLUMNS FROM `b_access` [ RunTime:0.001059s ]
[ sql ] [ SQL ] SELECT * FROM `b_access` [ RunTime:0.000235s ]
[ sql ] [ SQL ] SHOW COLUMNS FROM `b_system_log` [ RunTime:0.001019s ]
[ sql ] [ SQL ] INSERT INTO `b_system_log` (`query_params` , `admin_username` , `ip` , `target_url` , `ua`) VALUES ('{\"id\":\"10\"}' , 'admin' , '119.139.196.166' , '/admin/comments/edit' , 'Mozilla/5.0 (Windows NT 10.0; WOW64) AppleWebKit/537.36 (KHTML, like Gecko) Chrome/66.0.3359.181 Safari/537.36') [ RunTime:0.058575s ]
[ sql ] [ SQL ] SHOW COLUMNS FROM `b_comments` [ RunTime:0.001592s ]
[ sql ] [ SQL ] UPDATE `b_comments`  SET `status`=1  WHERE  `id` = 10 [ RunTime:0.008583s ]
---------------------------------------------------------------
[ 2018-05-30T18:29:27+08:00 ] 119.139.196.166 GET /admin/comments/index
[ info ] book.limaolin.top/admin/comments/index [运行时间：0.007133s][吞吐率：140.19req/s] [内存消耗：417.45kb] [文件加载：53]
[ info ] [ LANG ] /var/www/book/thinkphp/lang/zh-cn.php
[ info ] [ ROUTE ] array (
  'type' => 'module',
  'module' => 
  array (
    0 => 'admin',
    1 => 'comments',
    2 => 'index',
  ),
)
[ info ] [ HEADER ] array (
  'cookie' => 'thinkphp_show_page_trace=0|0; PHPSESSID=7b862cfc3307f7d9c745382cc4d49d8f; thinkphp_show_page_trace=0|0',
  'accept-language' => 'zh-CN,zh;q=0.9',
  'accept-encoding' => 'gzip, deflate',
  'referer' => 'http://book.limaolin.top/admin',
  'accept' => 'text/html,application/xhtml+xml,application/xml;q=0.9,image/webp,image/apng,*/*;q=0.8',
  'user-agent' => 'Mozilla/5.0 (Windows NT 10.0; WOW64) AppleWebKit/537.36 (KHTML, like Gecko) Chrome/66.0.3359.181 Safari/537.36',
  'upgrade-insecure-requests' => '1',
  'cache-control' => 'max-age=0',
  'connection' => 'keep-alive',
  'host' => 'book.limaolin.top',
  'content-type' => '',
  'content-length' => '',
)
[ info ] [ PARAM ] array (
)
[ info ] [ SESSION ] INIT array (
  'id' => '',
  'var_session_id' => '',
  'prefix' => 'think',
  'type' => '',
  'auto_start' => true,
)
[ info ] [ DB ] INIT mysql
[ info ] [ RUN ] app\admin\controller\CommentsController->index[ /var/www/book/app/admin/controller/CommentsController.php ]
[ info ] [ VIEW ] /var/www/book/public/../app/admin/view/comments/index.html [ array (
  0 => 'menu',
  1 => 'data',
) ]
[ info ] [ LOG ] INIT File
[ sql ] [ DB ] CONNECT:[ UseTime:0.000430s ] mysql:host=127.0.0.1;dbname=book;charset=utf8
[ sql ] [ SQL ] SHOW COLUMNS FROM `b_admin` [ RunTime:0.001531s ]
[ sql ] [ SQL ] SELECT * FROM `b_admin` WHERE  `id` = 35 LIMIT 1 [ RunTime:0.000270s ]
[ sql ] [ SQL ] SELECT * FROM `b_admin` WHERE  `id` = 35 LIMIT 1 [ RunTime:0.000208s ]
[ sql ] [ SQL ] SHOW COLUMNS FROM `b_access` [ RunTime:0.001023s ]
[ sql ] [ SQL ] SELECT * FROM `b_access` [ RunTime:0.000288s ]
---------------------------------------------------------------
[ 2018-05-30T18:29:27+08:00 ] 119.139.196.166 GET /admin/comments/index?page=1&limit=10
[ info ] book.limaolin.top/admin/comments/index?page=1&limit=10 [运行时间：0.079992s][吞吐率：12.50req/s] [内存消耗：448.94kb] [文件加载：56]
[ info ] [ LANG ] /var/www/book/thinkphp/lang/zh-cn.php
[ info ] [ ROUTE ] array (
  'type' => 'module',
  'module' => 
  array (
    0 => 'admin',
    1 => 'comments',
    2 => 'index',
  ),
)
[ info ] [ HEADER ] array (
  'cookie' => 'thinkphp_show_page_trace=0|0; PHPSESSID=7b862cfc3307f7d9c745382cc4d49d8f; thinkphp_show_page_trace=0|0',
  'accept-language' => 'zh-CN,zh;q=0.9',
  'accept-encoding' => 'gzip, deflate',
  'referer' => 'http://book.limaolin.top/admin/comments/index',
  'user-agent' => 'Mozilla/5.0 (Windows NT 10.0; WOW64) AppleWebKit/537.36 (KHTML, like Gecko) Chrome/66.0.3359.181 Safari/537.36',
  'x-requested-with' => 'XMLHttpRequest',
  'accept' => 'application/json, text/javascript, */*; q=0.01',
  'connection' => 'keep-alive',
  'host' => 'book.limaolin.top',
  'content-type' => '',
  'content-length' => '',
)
[ info ] [ PARAM ] array (
  'page' => '1',
  'limit' => '10',
)
[ info ] [ SESSION ] INIT array (
  'id' => '',
  'var_session_id' => '',
  'prefix' => 'think',
  'type' => '',
  'auto_start' => true,
)
[ info ] [ DB ] INIT mysql
[ info ] [ RUN ] app\admin\controller\CommentsController->index[ /var/www/book/app/admin/controller/CommentsController.php ]
[ info ] [ LOG ] INIT File
[ sql ] [ DB ] CONNECT:[ UseTime:0.000370s ] mysql:host=127.0.0.1;dbname=book;charset=utf8
[ sql ] [ SQL ] SHOW COLUMNS FROM `b_admin` [ RunTime:0.001510s ]
[ sql ] [ SQL ] SELECT * FROM `b_admin` WHERE  `id` = 35 LIMIT 1 [ RunTime:0.000259s ]
[ sql ] [ SQL ] SELECT * FROM `b_admin` WHERE  `id` = 35 LIMIT 1 [ RunTime:0.000198s ]
[ sql ] [ SQL ] SHOW COLUMNS FROM `b_access` [ RunTime:0.001020s ]
[ sql ] [ SQL ] SELECT * FROM `b_access` [ RunTime:0.000241s ]
[ sql ] [ SQL ] SHOW COLUMNS FROM `b_system_log` [ RunTime:0.001000s ]
[ sql ] [ SQL ] INSERT INTO `b_system_log` (`query_params` , `admin_username` , `ip` , `target_url` , `ua`) VALUES ('{\"page\":\"1\",\"limit\":\"10\"}' , 'admin' , '119.139.196.166' , '/admin/comments/index?page=1&limit=10' , 'Mozilla/5.0 (Windows NT 10.0; WOW64) AppleWebKit/537.36 (KHTML, like Gecko) Chrome/66.0.3359.181 Safari/537.36') [ RunTime:0.069865s ]
[ sql ] [ SQL ] SHOW COLUMNS FROM `b_comments` [ RunTime:0.001734s ]
[ sql ] [ SQL ] SELECT COUNT(*) AS tp_count FROM `b_comments` WHERE  `status` = 0 LIMIT 1 [ RunTime:0.000366s ]
[ sql ] [ SQL ] SELECT `id`,`list_id`,`comments`,`date`,`uid`,`status` FROM `b_comments` WHERE  `status` = 0 LIMIT 0,10 [ RunTime:0.000287s ]
---------------------------------------------------------------
[ 2018-05-30T18:29:33+08:00 ] 119.139.196.166 GET /profile.html
[ info ] book.limaolin.top/profile.html [运行时间：0.001849s][吞吐率：540.85req/s] [内存消耗：144.66kb] [文件加载：30]
[ info ] [ LANG ] /var/www/book/thinkphp/lang/zh-cn.php
[ info ] [ ROUTE ] array (
  'type' => 'module',
  'module' => 
  array (
    0 => 'profile',
    1 => NULL,
    2 => NULL,
  ),
)
[ info ] [ HEADER ] array (
  'cookie' => 'PHPSESSID=7b862cfc3307f7d9c745382cc4d49d8f; thinkphp_show_page_trace=0|0',
  'accept-language' => 'zh-CN,zh;q=0.9',
  'accept-encoding' => 'gzip, deflate',
  'referer' => 'http://book.limaolin.top/admin',
  'accept' => 'text/html,application/xhtml+xml,application/xml;q=0.9,image/webp,image/apng,*/*;q=0.8',
  'user-agent' => 'Mozilla/5.0 (Windows NT 10.0; WOW64) AppleWebKit/537.36 (KHTML, like Gecko) Chrome/66.0.3359.181 Safari/537.36',
  'upgrade-insecure-requests' => '1',
  'connection' => 'keep-alive',
  'host' => 'book.limaolin.top',
  'content-type' => '',
  'content-length' => '',
)
[ info ] [ PARAM ] array (
)
[ info ] [ LOG ] INIT File
---------------------------------------------------------------
[ 2018-05-30T18:29:52+08:00 ] 119.139.196.166 GET /
[ info ] book.limaolin.top/ [运行时间：0.004925s][吞吐率：203.05req/s] [内存消耗：340.16kb] [文件加载：49]
[ info ] [ LANG ] /var/www/book/thinkphp/lang/zh-cn.php
[ info ] [ ROUTE ] array (
  'type' => 'module',
  'module' => 
  array (
    0 => '',
    1 => NULL,
    2 => NULL,
  ),
)
[ info ] [ HEADER ] array (
  'cookie' => 'PHPSESSID=7b862cfc3307f7d9c745382cc4d49d8f; thinkphp_show_page_trace=0|0',
  'accept-language' => 'zh-CN,zh;q=0.9',
  'accept-encoding' => 'gzip, deflate',
  'accept' => 'text/html,application/xhtml+xml,application/xml;q=0.9,image/webp,image/apng,*/*;q=0.8',
  'user-agent' => 'Mozilla/5.0 (Windows NT 10.0; WOW64) AppleWebKit/537.36 (KHTML, like Gecko) Chrome/66.0.3359.181 Safari/537.36',
  'upgrade-insecure-requests' => '1',
  'cache-control' => 'max-age=0',
  'connection' => 'keep-alive',
  'host' => 'book.limaolin.top',
  'content-type' => '',
  'content-length' => '',
)
[ info ] [ PARAM ] array (
)
[ info ] [ DB ] INIT mysql
[ info ] [ LOG ] INIT File
[ sql ] [ DB ] CONNECT:[ UseTime:0.000452s ] mysql:host=127.0.0.1;dbname=book;charset=utf8
[ sql ] [ SQL ] SHOW COLUMNS FROM `b_list` [ RunTime:0.001582s ]
[ sql ] [ SQL ] SELECT * FROM `b_list` WHERE  `type_id` = 2 ORDER BY `comment` DESC LIMIT 1 [ RunTime:0.000345s ]
[ error ] [10501]SQLSTATE[42S22]: Column not found: 1054 Unknown column 'zan desc' in 'order clause'[/var/www/book/thinkphp/library/think/db/Connection.php:390]
---------------------------------------------------------------
[ 2018-05-30T18:32:49+08:00 ] 119.139.196.166 GET /
[ info ] book.limaolin.top/ [运行时间：0.010717s][吞吐率：93.31req/s] [内存消耗：496.42kb] [文件加载：53]
[ info ] [ LANG ] /var/www/book/thinkphp/lang/zh-cn.php
[ info ] [ ROUTE ] array (
  'type' => 'module',
  'module' => 
  array (
    0 => '',
    1 => NULL,
    2 => NULL,
  ),
)
[ info ] [ HEADER ] array (
  'cookie' => 'PHPSESSID=7b862cfc3307f7d9c745382cc4d49d8f; thinkphp_show_page_trace=0|0',
  'accept-language' => 'zh-CN,zh;q=0.9',
  'accept-encoding' => 'gzip, deflate',
  'accept' => 'text/html,application/xhtml+xml,application/xml;q=0.9,image/webp,image/apng,*/*;q=0.8',
  'user-agent' => 'Mozilla/5.0 (Windows NT 10.0; WOW64) AppleWebKit/537.36 (KHTML, like Gecko) Chrome/66.0.3359.181 Safari/537.36',
  'upgrade-insecure-requests' => '1',
  'cache-control' => 'max-age=0',
  'connection' => 'keep-alive',
  'host' => 'book.limaolin.top',
  'content-type' => '',
  'content-length' => '',
)
[ info ] [ PARAM ] array (
)
[ info ] [ DB ] INIT mysql
[ info ] [ RUN ] app\book\controller\IndexController->index[ /var/www/book/app/book/controller/IndexController.php ]
[ info ] [ VIEW ] /var/www/book/public/../app/book/view/index/index.html [ array (
  0 => 'jinhua',
  1 => 'allsee',
  2 => 'allhot',
  3 => 'oldhot',
  4 => 'data',
  5 => 'old',
  6 => 'jinghua',
) ]
[ info ] [ SESSION ] INIT array (
  'id' => '',
  'var_session_id' => '',
  'prefix' => 'think',
  'type' => '',
  'auto_start' => true,
)
[ info ] [ LOG ] INIT File
[ sql ] [ DB ] CONNECT:[ UseTime:0.000479s ] mysql:host=127.0.0.1;dbname=book;charset=utf8
[ sql ] [ SQL ] SHOW COLUMNS FROM `b_list` [ RunTime:0.001505s ]
[ sql ] [ SQL ] SELECT * FROM `b_list` WHERE  `type_id` = 2 ORDER BY `comment` DESC LIMIT 1 [ RunTime:0.000334s ]
[ sql ] [ SQL ] SELECT * FROM `b_list` WHERE  `type_id` = 2 ORDER BY `zan` DESC,`comment` LIMIT 8 [ RunTime:0.000240s ]
[ sql ] [ SQL ] SELECT * FROM `b_list` WHERE  `type_id` = 2 ORDER BY `comment` DESC,`date` LIMIT 8 [ RunTime:0.000224s ]
[ sql ] [ SQL ] SELECT * FROM `b_list` WHERE  `type_id` = 2 ORDER BY `comment` DESC,`date` ASC LIMIT 8 [ RunTime:0.000257s ]
[ sql ] [ SQL ] SELECT COUNT(*) AS tp_count FROM `b_list` `l` INNER JOIN `b_user` `u` ON `l`.`uid`=`u`.`id` WHERE  `status` = 1 LIMIT 1 [ RunTime:0.000356s ]
[ sql ] [ SQL ] SELECT `l`.*,`u`.*,l.id as detail_id FROM `b_list` `l` INNER JOIN `b_user` `u` ON `l`.`uid`=`u`.`id` WHERE  `status` = 1 ORDER BY `comment` DESC LIMIT 0,5 [ RunTime:0.000337s ]
---------------------------------------------------------------
[ 2018-05-30T18:32:54+08:00 ] 119.139.196.166 GET /song.ogg
[ info ] book.limaolin.top/song.ogg [运行时间：0.001555s][吞吐率：643.10req/s] [内存消耗：143.13kb] [文件加载：30]
[ info ] [ LANG ] /var/www/book/thinkphp/lang/zh-cn.php
[ info ] [ ROUTE ] array (
  'type' => 'module',
  'module' => 
  array (
    0 => 'song.ogg',
    1 => NULL,
    2 => NULL,
  ),
)
[ info ] [ HEADER ] array (
  'range' => 'bytes=0-',
  'cookie' => 'PHPSESSID=7b862cfc3307f7d9c745382cc4d49d8f; thinkphp_show_page_trace=0|0; _ga=GA1.2.1303162968.1527676373; _gid=GA1.2.260622144.1527676373; _gat=1',
  'accept-language' => 'zh-CN,zh;q=0.9',
  'referer' => 'http://book.limaolin.top/',
  'accept' => '*/*',
  'user-agent' => 'Mozilla/5.0 (Windows NT 10.0; WOW64) AppleWebKit/537.36 (KHTML, like Gecko) Chrome/66.0.3359.181 Safari/537.36',
  'accept-encoding' => 'identity;q=1, *;q=0',
  'connection' => 'keep-alive',
  'host' => 'book.limaolin.top',
  'content-type' => '',
  'content-length' => '',
)
[ info ] [ PARAM ] array (
)
[ info ] [ LOG ] INIT File
